This file contains any messages produced by compilers while
running configure, to aid debugging if configure makes a mistake.

It was created by openvswitch configure 2.10.1, which was
generated by GNU Autoconf 2.69.  Invocation command line was

  $ ./configure --with-linux=/lib/modules/3.10.0-957.1.3.el7.x86_64/build

## --------- ##
## Platform. ##
## --------- ##

hostname = localhost.localdomain
uname -m = x86_64
uname -r = 3.10.0-957.1.3.el7.x86_64
uname -s = Linux
uname -v = #1 SMP Thu Nov 29 14:49:43 UTC 2018

/usr/bin/uname -p = x86_64
/bin/uname -X     = unknown

/bin/arch              = x86_64
/usr/bin/arch -k       = unknown
/usr/convex/getsysinfo = unknown
/usr/bin/hostinfo      = unknown
/bin/machine           = unknown
/usr/bin/oslevel       = unknown
/bin/universe          = unknown

PATH: /usr/local/sbin
PATH: /usr/local/bin
PATH: /usr/sbin
PATH: /usr/bin
PATH: /root/bin


## ----------- ##
## Core tests. ##
## ----------- ##

configure:3004: checking for a BSD-compatible install
configure:3072: result: /usr/bin/install -c
configure:3083: checking whether build environment is sane
configure:3138: result: yes
configure:3289: checking for a thread-safe mkdir -p
configure:3328: result: /usr/bin/mkdir -p
configure:3335: checking for gawk
configure:3351: found /usr/bin/gawk
configure:3362: result: gawk
configure:3373: checking whether make sets $(MAKE)
configure:3395: result: yes
configure:3424: checking whether make supports nested variables
configure:3441: result: yes
configure:3520: checking how to create a pax tar archive
configure:3531: tar --version
tar (GNU tar) 1.26
Copyright (C) 2011 Free Software Foundation, Inc.
License GPLv3+: GNU GPL version 3 or later <http://gnu.org/licenses/gpl.html>.
This is free software: you are free to change and redistribute it.
There is NO WARRANTY, to the extent permitted by law.

Written by John Gilmore and Jay Fenlason.
configure:3534: $? = 0
configure:3574: tardir=conftest.dir && eval tar --format=posix -chf - "$tardir" >conftest.tar
configure:3577: $? = 0
configure:3581: tar -xf - <conftest.tar
configure:3584: $? = 0
configure:3586: cat conftest.dir/file
GrepMe
configure:3589: $? = 0
configure:3602: result: gnutar
configure:3623: checking for style of include used by make
configure:3651: result: GNU
configure:3722: checking for gcc
configure:3738: found /usr/bin/gcc
configure:3749: result: gcc
configure:3978: checking for C compiler version
configure:3987: gcc --version >&5
gcc (GCC) 4.8.5 20150623 (Red Hat 4.8.5-36)
Copyright (C) 2015 Free Software Foundation, Inc.
This is free software; see the source for copying conditions.  There is NO
warranty; not even for MERCHANTABILITY or FITNESS FOR A PARTICULAR PURPOSE.

configure:3998: $? = 0
configure:3987: gcc -v >&5
Using built-in specs.
COLLECT_GCC=gcc
COLLECT_LTO_WRAPPER=/usr/libexec/gcc/x86_64-redhat-linux/4.8.5/lto-wrapper
Target: x86_64-redhat-linux
Configured with: ../configure --prefix=/usr --mandir=/usr/share/man --infodir=/usr/share/info --with-bugurl=http://bugzilla.redhat.com/bugzilla --enable-bootstrap --enable-shared --enable-threads=posix --enable-checking=release --with-system-zlib --enable-__cxa_atexit --disable-libunwind-exceptions --enable-gnu-unique-object --enable-linker-build-id --with-linker-hash-style=gnu --enable-languages=c,c++,objc,obj-c++,java,fortran,ada,go,lto --enable-plugin --enable-initfini-array --disable-libgcj --with-isl=/builddir/build/BUILD/gcc-4.8.5-20150702/obj-x86_64-redhat-linux/isl-install --with-cloog=/builddir/build/BUILD/gcc-4.8.5-20150702/obj-x86_64-redhat-linux/cloog-install --enable-gnu-indirect-function --with-tune=generic --with-arch_32=x86-64 --build=x86_64-redhat-linux
Thread model: posix
gcc version 4.8.5 20150623 (Red Hat 4.8.5-36) (GCC) 
configure:3998: $? = 0
configure:3987: gcc -V >&5
gcc: error: unrecognized command line option '-V'
gcc: fatal error: no input files
compilation terminated.
configure:3998: $? = 4
configure:3987: gcc -qversion >&5
gcc: error: unrecognized command line option '-qversion'
gcc: fatal error: no input files
compilation terminated.
configure:3998: $? = 4
configure:4018: checking whether the C compiler works
configure:4040: gcc    conftest.c  >&5
configure:4044: $? = 0
configure:4092: result: yes
configure:4095: checking for C compiler default output file name
configure:4097: result: a.out
configure:4103: checking for suffix of executables
configure:4110: gcc -o conftest    conftest.c  >&5
configure:4114: $? = 0
configure:4136: result: 
configure:4158: checking whether we are cross compiling
configure:4166: gcc -o conftest    conftest.c  >&5
configure:4170: $? = 0
configure:4177: ./conftest
configure:4181: $? = 0
configure:4196: result: no
configure:4201: checking for suffix of object files
configure:4223: gcc -c   conftest.c >&5
configure:4227: $? = 0
configure:4248: result: o
configure:4252: checking whether we are using the GNU C compiler
configure:4271: gcc -c   conftest.c >&5
configure:4271: $? = 0
configure:4280: result: yes
configure:4289: checking whether gcc accepts -g
configure:4309: gcc -c -g  conftest.c >&5
configure:4309: $? = 0
configure:4350: result: yes
configure:4367: checking for gcc option to accept ISO C89
configure:4430: gcc  -c -g -O2  conftest.c >&5
configure:4430: $? = 0
configure:4443: result: none needed
configure:4465: checking dependency style of gcc
configure:4576: result: gcc3
configure:4591: checking for gcc option to accept ISO C99
configure:4740: gcc  -c -g -O2  conftest.c >&5
conftest.c:61:29: error: expected ';', ',' or ')' before 'text'
 test_restrict (ccp restrict text)
                             ^
conftest.c: In function 'main':
conftest.c:115:18: error: expected '=', ',', ';', 'asm' or '__attribute__' before 'newvar'
   char *restrict newvar = "Another string";
                  ^
conftest.c:115:18: error: 'newvar' undeclared (first use in this function)
conftest.c:115:18: note: each undeclared identifier is reported only once for each function it appears in
conftest.c:125:3: error: 'for' loop initial declarations are only allowed in C99 mode
   for (int i = 0; i < ia->datasize; ++i)
   ^
conftest.c:125:3: note: use option -std=c99 or -std=gnu99 to compile your code
configure:4740: $? = 1
configure: failed program was:
| /* confdefs.h */
| #define PACKAGE_NAME "openvswitch"
| #define PACKAGE_TARNAME "openvswitch"
| #define PACKAGE_VERSION "2.10.1"
| #define PACKAGE_STRING "openvswitch 2.10.1"
| #define PACKAGE_BUGREPORT "bugs@openvswitch.org"
| #define PACKAGE_URL ""
| #define PACKAGE "openvswitch"
| #define VERSION "2.10.1"
| /* end confdefs.h.  */
| #include <stdarg.h>
| #include <stdbool.h>
| #include <stdlib.h>
| #include <wchar.h>
| #include <stdio.h>
| 
| // Check varargs macros.  These examples are taken from C99 6.10.3.5.
| #define debug(...) fprintf (stderr, __VA_ARGS__)
| #define showlist(...) puts (#__VA_ARGS__)
| #define report(test,...) ((test) ? puts (#test) : printf (__VA_ARGS__))
| static void
| test_varargs_macros (void)
| {
|   int x = 1234;
|   int y = 5678;
|   debug ("Flag");
|   debug ("X = %d\n", x);
|   showlist (The first, second, and third items.);
|   report (x>y, "x is %d but y is %d", x, y);
| }
| 
| // Check long long types.
| #define BIG64 18446744073709551615ull
| #define BIG32 4294967295ul
| #define BIG_OK (BIG64 / BIG32 == 4294967297ull && BIG64 % BIG32 == 0)
| #if !BIG_OK
|   your preprocessor is broken;
| #endif
| #if BIG_OK
| #else
|   your preprocessor is broken;
| #endif
| static long long int bignum = -9223372036854775807LL;
| static unsigned long long int ubignum = BIG64;
| 
| struct incomplete_array
| {
|   int datasize;
|   double data[];
| };
| 
| struct named_init {
|   int number;
|   const wchar_t *name;
|   double average;
| };
| 
| typedef const char *ccp;
| 
| static inline int
| test_restrict (ccp restrict text)
| {
|   // See if C++-style comments work.
|   // Iterate through items via the restricted pointer.
|   // Also check for declarations in for loops.
|   for (unsigned int i = 0; *(text+i) != '\0'; ++i)
|     continue;
|   return 0;
| }
| 
| // Check varargs and va_copy.
| static void
| test_varargs (const char *format, ...)
| {
|   va_list args;
|   va_start (args, format);
|   va_list args_copy;
|   va_copy (args_copy, args);
| 
|   const char *str;
|   int number;
|   float fnumber;
| 
|   while (*format)
|     {
|       switch (*format++)
| 	{
| 	case 's': // string
| 	  str = va_arg (args_copy, const char *);
| 	  break;
| 	case 'd': // int
| 	  number = va_arg (args_copy, int);
| 	  break;
| 	case 'f': // float
| 	  fnumber = va_arg (args_copy, double);
| 	  break;
| 	default:
| 	  break;
| 	}
|     }
|   va_end (args_copy);
|   va_end (args);
| }
| 
| int
| main ()
| {
| 
|   // Check bool.
|   _Bool success = false;
| 
|   // Check restrict.
|   if (test_restrict ("String literal") == 0)
|     success = true;
|   char *restrict newvar = "Another string";
| 
|   // Check varargs.
|   test_varargs ("s, d' f .", "string", 65, 34.234);
|   test_varargs_macros ();
| 
|   // Check flexible array members.
|   struct incomplete_array *ia =
|     malloc (sizeof (struct incomplete_array) + (sizeof (double) * 10));
|   ia->datasize = 10;
|   for (int i = 0; i < ia->datasize; ++i)
|     ia->data[i] = i * 1.234;
| 
|   // Check named initializers.
|   struct named_init ni = {
|     .number = 34,
|     .name = L"Test wide string",
|     .average = 543.34343,
|   };
| 
|   ni.number = 58;
| 
|   int dynamic_array[ni.number];
|   dynamic_array[ni.number - 1] = 543;
| 
|   // work around unused variable warnings
|   return (!success || bignum == 0LL || ubignum == 0uLL || newvar[0] == 'x'
| 	  || dynamic_array[ni.number - 1] != 543);
| 
|   ;
|   return 0;
| }
configure:4740: gcc -std=gnu99 -c -g -O2  conftest.c >&5
configure:4740: $? = 0
configure:4760: result: -std=gnu99
configure:4769: checking whether gcc -std=gnu99 and cc understand -c and -o together
configure:4800: gcc -std=gnu99 -c conftest.c -o conftest2.o >&5
configure:4804: $? = 0
configure:4810: gcc -std=gnu99 -c conftest.c -o conftest2.o >&5
configure:4814: $? = 0
configure:4825: cc -c conftest.c >&5
configure:4829: $? = 0
configure:4837: cc -c conftest.c -o conftest2.o >&5
configure:4841: $? = 0
configure:4847: cc -c conftest.c -o conftest2.o >&5
configure:4851: $? = 0
configure:4869: result: yes
configure:4952: checking for g++
configure:4982: result: no
configure:4952: checking for c++
configure:4982: result: no
configure:4952: checking for gpp
configure:4982: result: no
configure:4952: checking for aCC
configure:4982: result: no
configure:4952: checking for CC
configure:4982: result: no
configure:4952: checking for cxx
configure:4982: result: no
configure:4952: checking for cc++
configure:4982: result: no
configure:4952: checking for cl.exe
configure:4982: result: no
configure:4952: checking for FCC
configure:4982: result: no
configure:4952: checking for KCC
configure:4982: result: no
configure:4952: checking for RCC
configure:4982: result: no
configure:4952: checking for xlC_r
configure:4982: result: no
configure:4952: checking for xlC
configure:4982: result: no
configure:5006: checking for C++ compiler version
configure:5015: g++ --version >&5
./configure: line 5017: g++: command not found
configure:5026: $? = 127
configure:5015: g++ -v >&5
./configure: line 5017: g++: command not found
configure:5026: $? = 127
configure:5015: g++ -V >&5
./configure: line 5017: g++: command not found
configure:5026: $? = 127
configure:5015: g++ -qversion >&5
./configure: line 5017: g++: command not found
configure:5026: $? = 127
configure:5030: checking whether we are using the GNU C++ compiler
configure:5049: g++ -c   conftest.cpp >&5
./configure: line 1748: g++: command not found
configure:5049: $? = 127
configure: failed program was:
| /* confdefs.h */
| #define PACKAGE_NAME "openvswitch"
| #define PACKAGE_TARNAME "openvswitch"
| #define PACKAGE_VERSION "2.10.1"
| #define PACKAGE_STRING "openvswitch 2.10.1"
| #define PACKAGE_BUGREPORT "bugs@openvswitch.org"
| #define PACKAGE_URL ""
| #define PACKAGE "openvswitch"
| #define VERSION "2.10.1"
| /* end confdefs.h.  */
| 
| int
| main ()
| {
| #ifndef __GNUC__
|        choke me
| #endif
| 
|   ;
|   return 0;
| }
configure:5058: result: no
configure:5067: checking whether g++ accepts -g
configure:5087: g++ -c -g  conftest.cpp >&5
./configure: line 1748: g++: command not found
configure:5087: $? = 127
configure: failed program was:
| /* confdefs.h */
| #define PACKAGE_NAME "openvswitch"
| #define PACKAGE_TARNAME "openvswitch"
| #define PACKAGE_VERSION "2.10.1"
| #define PACKAGE_STRING "openvswitch 2.10.1"
| #define PACKAGE_BUGREPORT "bugs@openvswitch.org"
| #define PACKAGE_URL ""
| #define PACKAGE "openvswitch"
| #define VERSION "2.10.1"
| /* end confdefs.h.  */
| 
| int
| main ()
| {
| 
|   ;
|   return 0;
| }
configure:5102: g++ -c   conftest.cpp >&5
./configure: line 1748: g++: command not found
configure:5102: $? = 127
configure: failed program was:
| /* confdefs.h */
| #define PACKAGE_NAME "openvswitch"
| #define PACKAGE_TARNAME "openvswitch"
| #define PACKAGE_VERSION "2.10.1"
| #define PACKAGE_STRING "openvswitch 2.10.1"
| #define PACKAGE_BUGREPORT "bugs@openvswitch.org"
| #define PACKAGE_URL ""
| #define PACKAGE "openvswitch"
| #define VERSION "2.10.1"
| /* end confdefs.h.  */
| 
| int
| main ()
| {
| 
|   ;
|   return 0;
| }
configure:5118: g++ -c -g  conftest.cpp >&5
./configure: line 1748: g++: command not found
configure:5118: $? = 127
configure: failed program was:
| /* confdefs.h */
| #define PACKAGE_NAME "openvswitch"
| #define PACKAGE_TARNAME "openvswitch"
| #define PACKAGE_VERSION "2.10.1"
| #define PACKAGE_STRING "openvswitch 2.10.1"
| #define PACKAGE_BUGREPORT "bugs@openvswitch.org"
| #define PACKAGE_URL ""
| #define PACKAGE "openvswitch"
| #define VERSION "2.10.1"
| /* end confdefs.h.  */
| 
| int
| main ()
| {
| 
|   ;
|   return 0;
| }
configure:5128: result: no
configure:5153: checking dependency style of g++
configure:5264: result: none
configure:5284: checking how to run the C preprocessor
configure:5315: gcc -std=gnu99 -E  conftest.c
configure:5315: $? = 0
configure:5329: gcc -std=gnu99 -E  conftest.c
conftest.c:11:28: fatal error: ac_nonexistent.h: No such file or directory
 #include <ac_nonexistent.h>
                            ^
compilation terminated.
configure:5329: $? = 1
configure: failed program was:
| /* confdefs.h */
| #define PACKAGE_NAME "openvswitch"
| #define PACKAGE_TARNAME "openvswitch"
| #define PACKAGE_VERSION "2.10.1"
| #define PACKAGE_STRING "openvswitch 2.10.1"
| #define PACKAGE_BUGREPORT "bugs@openvswitch.org"
| #define PACKAGE_URL ""
| #define PACKAGE "openvswitch"
| #define VERSION "2.10.1"
| /* end confdefs.h.  */
| #include <ac_nonexistent.h>
configure:5354: result: gcc -std=gnu99 -E
configure:5374: gcc -std=gnu99 -E  conftest.c
configure:5374: $? = 0
configure:5388: gcc -std=gnu99 -E  conftest.c
conftest.c:11:28: fatal error: ac_nonexistent.h: No such file or directory
 #include <ac_nonexistent.h>
                            ^
compilation terminated.
configure:5388: $? = 1
configure: failed program was:
| /* confdefs.h */
| #define PACKAGE_NAME "openvswitch"
| #define PACKAGE_TARNAME "openvswitch"
| #define PACKAGE_VERSION "2.10.1"
| #define PACKAGE_STRING "openvswitch 2.10.1"
| #define PACKAGE_BUGREPORT "bugs@openvswitch.org"
| #define PACKAGE_URL ""
| #define PACKAGE "openvswitch"
| #define VERSION "2.10.1"
| /* end confdefs.h.  */
| #include <ac_nonexistent.h>
configure:5417: checking for grep that handles long lines and -e
configure:5475: result: /usr/bin/grep
configure:5480: checking for fgrep
configure:5542: result: /usr/bin/grep -F
configure:5547: checking for egrep
configure:5609: result: /usr/bin/grep -E
configure:5668: checking for pkg-config
configure:5686: found /usr/bin/pkg-config
configure:5698: result: /usr/bin/pkg-config
configure:5723: checking pkg-config is at least version 0.9.0
configure:5726: result: yes
configure:5741: checking for ANSI C header files
configure:5761: gcc -std=gnu99 -c -g -O2  conftest.c >&5
configure:5761: $? = 0
configure:5834: gcc -std=gnu99 -o conftest -g -O2   conftest.c  >&5
configure:5834: $? = 0
configure:5834: ./conftest
configure:5834: $? = 0
configure:5845: result: yes
configure:5858: checking for sys/types.h
configure:5858: gcc -std=gnu99 -c -g -O2  conftest.c >&5
configure:5858: $? = 0
configure:5858: result: yes
configure:5858: checking for sys/stat.h
configure:5858: gcc -std=gnu99 -c -g -O2  conftest.c >&5
configure:5858: $? = 0
configure:5858: result: yes
configure:5858: checking for stdlib.h
configure:5858: gcc -std=gnu99 -c -g -O2  conftest.c >&5
configure:5858: $? = 0
configure:5858: result: yes
configure:5858: checking for string.h
configure:5858: gcc -std=gnu99 -c -g -O2  conftest.c >&5
configure:5858: $? = 0
configure:5858: result: yes
configure:5858: checking for memory.h
configure:5858: gcc -std=gnu99 -c -g -O2  conftest.c >&5
configure:5858: $? = 0
configure:5858: result: yes
configure:5858: checking for strings.h
configure:5858: gcc -std=gnu99 -c -g -O2  conftest.c >&5
configure:5858: $? = 0
configure:5858: result: yes
configure:5858: checking for inttypes.h
configure:5858: gcc -std=gnu99 -c -g -O2  conftest.c >&5
configure:5858: $? = 0
configure:5858: result: yes
configure:5858: checking for stdint.h
configure:5858: gcc -std=gnu99 -c -g -O2  conftest.c >&5
configure:5858: $? = 0
configure:5858: result: yes
configure:5858: checking for unistd.h
configure:5858: gcc -std=gnu99 -c -g -O2  conftest.c >&5
configure:5858: $? = 0
configure:5858: result: yes
configure:5871: checking minix/config.h usability
configure:5871: gcc -std=gnu99 -c -g -O2  conftest.c >&5
conftest.c:54:26: fatal error: minix/config.h: No such file or directory
 #include <minix/config.h>
                          ^
compilation terminated.
configure:5871: $? = 1
configure: failed program was:
| /* confdefs.h */
| #define PACKAGE_NAME "openvswitch"
| #define PACKAGE_TARNAME "openvswitch"
| #define PACKAGE_VERSION "2.10.1"
| #define PACKAGE_STRING "openvswitch 2.10.1"
| #define PACKAGE_BUGREPORT "bugs@openvswitch.org"
| #define PACKAGE_URL ""
| #define PACKAGE "openvswitch"
| #define VERSION "2.10.1"
| #define STDC_HEADERS 1
| #define HAVE_SYS_TYPES_H 1
| #define HAVE_SYS_STAT_H 1
| #define HAVE_STDLIB_H 1
| #define HAVE_STRING_H 1
| #define HAVE_MEMORY_H 1
| #define HAVE_STRINGS_H 1
| #define HAVE_INTTYPES_H 1
| #define HAVE_STDINT_H 1
| #define HAVE_UNISTD_H 1
| /* end confdefs.h.  */
| #include <stdio.h>
| #ifdef HAVE_SYS_TYPES_H
| # include <sys/types.h>
| #endif
| #ifdef HAVE_SYS_STAT_H
| # include <sys/stat.h>
| #endif
| #ifdef STDC_HEADERS
| # include <stdlib.h>
| # include <stddef.h>
| #else
| # ifdef HAVE_STDLIB_H
| #  include <stdlib.h>
| # endif
| #endif
| #ifdef HAVE_STRING_H
| # if !defined STDC_HEADERS && defined HAVE_MEMORY_H
| #  include <memory.h>
| # endif
| # include <string.h>
| #endif
| #ifdef HAVE_STRINGS_H
| # include <strings.h>
| #endif
| #ifdef HAVE_INTTYPES_H
| # include <inttypes.h>
| #endif
| #ifdef HAVE_STDINT_H
| # include <stdint.h>
| #endif
| #ifdef HAVE_UNISTD_H
| # include <unistd.h>
| #endif
| #include <minix/config.h>
configure:5871: result: no
configure:5871: checking minix/config.h presence
configure:5871: gcc -std=gnu99 -E  conftest.c
conftest.c:21:26: fatal error: minix/config.h: No such file or directory
 #include <minix/config.h>
                          ^
compilation terminated.
configure:5871: $? = 1
configure: failed program was:
| /* confdefs.h */
| #define PACKAGE_NAME "openvswitch"
| #define PACKAGE_TARNAME "openvswitch"
| #define PACKAGE_VERSION "2.10.1"
| #define PACKAGE_STRING "openvswitch 2.10.1"
| #define PACKAGE_BUGREPORT "bugs@openvswitch.org"
| #define PACKAGE_URL ""
| #define PACKAGE "openvswitch"
| #define VERSION "2.10.1"
| #define STDC_HEADERS 1
| #define HAVE_SYS_TYPES_H 1
| #define HAVE_SYS_STAT_H 1
| #define HAVE_STDLIB_H 1
| #define HAVE_STRING_H 1
| #define HAVE_MEMORY_H 1
| #define HAVE_STRINGS_H 1
| #define HAVE_INTTYPES_H 1
| #define HAVE_STDINT_H 1
| #define HAVE_UNISTD_H 1
| /* end confdefs.h.  */
| #include <minix/config.h>
configure:5871: result: no
configure:5871: checking for minix/config.h
configure:5871: result: no
configure:5892: checking whether it is safe to define __EXTENSIONS__
configure:5910: gcc -std=gnu99 -c -g -O2  conftest.c >&5
configure:5910: $? = 0
configure:5917: result: yes
configure:5931: checking whether byte ordering is bigendian
configure:5946: gcc -std=gnu99 -c -g -O2  conftest.c >&5
conftest.c:27:9: error: unknown type name 'not'
         not a universal capable compiler
         ^
conftest.c:27:15: error: expected '=', ',', ';', 'asm' or '__attribute__' before 'universal'
         not a universal capable compiler
               ^
conftest.c:27:15: error: unknown type name 'universal'
configure:5946: $? = 1
configure: failed program was:
| /* confdefs.h */
| #define PACKAGE_NAME "openvswitch"
| #define PACKAGE_TARNAME "openvswitch"
| #define PACKAGE_VERSION "2.10.1"
| #define PACKAGE_STRING "openvswitch 2.10.1"
| #define PACKAGE_BUGREPORT "bugs@openvswitch.org"
| #define PACKAGE_URL ""
| #define PACKAGE "openvswitch"
| #define VERSION "2.10.1"
| #define STDC_HEADERS 1
| #define HAVE_SYS_TYPES_H 1
| #define HAVE_SYS_STAT_H 1
| #define HAVE_STDLIB_H 1
| #define HAVE_STRING_H 1
| #define HAVE_MEMORY_H 1
| #define HAVE_STRINGS_H 1
| #define HAVE_INTTYPES_H 1
| #define HAVE_STDINT_H 1
| #define HAVE_UNISTD_H 1
| #define __EXTENSIONS__ 1
| #define _ALL_SOURCE 1
| #define _GNU_SOURCE 1
| #define _POSIX_PTHREAD_SEMANTICS 1
| #define _TANDEM_SOURCE 1
| /* end confdefs.h.  */
| #ifndef __APPLE_CC__
| 	       not a universal capable compiler
| 	     #endif
| 	     typedef int dummy;
| 
configure:5991: gcc -std=gnu99 -c -g -O2  conftest.c >&5
configure:5991: $? = 0
configure:6009: gcc -std=gnu99 -c -g -O2  conftest.c >&5
conftest.c: In function 'main':
conftest.c:33:4: error: unknown type name 'not'
    not big endian
    ^
conftest.c:33:12: error: expected '=', ',', ';', 'asm' or '__attribute__' before 'endian'
    not big endian
            ^
configure:6009: $? = 1
configure: failed program was:
| /* confdefs.h */
| #define PACKAGE_NAME "openvswitch"
| #define PACKAGE_TARNAME "openvswitch"
| #define PACKAGE_VERSION "2.10.1"
| #define PACKAGE_STRING "openvswitch 2.10.1"
| #define PACKAGE_BUGREPORT "bugs@openvswitch.org"
| #define PACKAGE_URL ""
| #define PACKAGE "openvswitch"
| #define VERSION "2.10.1"
| #define STDC_HEADERS 1
| #define HAVE_SYS_TYPES_H 1
| #define HAVE_SYS_STAT_H 1
| #define HAVE_STDLIB_H 1
| #define HAVE_STRING_H 1
| #define HAVE_MEMORY_H 1
| #define HAVE_STRINGS_H 1
| #define HAVE_INTTYPES_H 1
| #define HAVE_STDINT_H 1
| #define HAVE_UNISTD_H 1
| #define __EXTENSIONS__ 1
| #define _ALL_SOURCE 1
| #define _GNU_SOURCE 1
| #define _POSIX_PTHREAD_SEMANTICS 1
| #define _TANDEM_SOURCE 1
| /* end confdefs.h.  */
| #include <sys/types.h>
| 		#include <sys/param.h>
| 
| int
| main ()
| {
| #if BYTE_ORDER != BIG_ENDIAN
| 		 not big endian
| 		#endif
| 
|   ;
|   return 0;
| }
configure:6137: result: no
configure:6162: checking for special C compiler options needed for large files
configure:6207: result: no
configure:6213: checking for _FILE_OFFSET_BITS value needed for large files
configure:6238: gcc -std=gnu99 -c -g -O2  conftest.c >&5
configure:6238: $? = 0
configure:6270: result: no
configure:6385: checking build system type
configure:6399: result: x86_64-unknown-linux-gnu
configure:6419: checking host system type
configure:6432: result: x86_64-unknown-linux-gnu
configure:6473: checking how to print strings
configure:6500: result: printf
configure:6521: checking for a sed that does not truncate output
configure:6585: result: /usr/bin/sed
configure:6633: checking for ld used by gcc -std=gnu99
configure:6700: result: /usr/bin/ld
configure:6707: checking if the linker (/usr/bin/ld) is GNU ld
configure:6722: result: yes
configure:6734: checking for BSD- or MS-compatible name lister (nm)
configure:6783: result: /usr/bin/nm -B
configure:6913: checking the name lister (/usr/bin/nm -B) interface
configure:6920: gcc -std=gnu99 -c -g -O2  conftest.c >&5
configure:6923: /usr/bin/nm -B "conftest.o"
configure:6926: output
0000000000000000 B some_variable
configure:6933: result: BSD nm
configure:6936: checking whether ln -s works
configure:6940: result: yes
configure:6948: checking the maximum length of command line arguments
configure:7078: result: 1572864
configure:7095: checking whether the shell understands some XSI constructs
configure:7105: result: yes
configure:7109: checking whether the shell understands "+="
configure:7115: result: yes
configure:7150: checking how to convert x86_64-unknown-linux-gnu file names to x86_64-unknown-linux-gnu format
configure:7190: result: func_convert_file_noop
configure:7197: checking how to convert x86_64-unknown-linux-gnu file names to toolchain format
configure:7217: result: func_convert_file_noop
configure:7224: checking for /usr/bin/ld option to reload object files
configure:7231: result: -r
configure:7305: checking for objdump
configure:7321: found /usr/bin/objdump
configure:7332: result: objdump
configure:7364: checking how to recognize dependent libraries
configure:7566: result: pass_all
configure:7651: checking for dlltool
configure:7681: result: no
configure:7711: checking how to associate runtime and link libraries
configure:7738: result: printf %s\n
configure:7798: checking for ar
configure:7814: found /usr/bin/ar
configure:7825: result: ar
configure:7862: checking for archiver @FILE support
configure:7879: gcc -std=gnu99 -c -g -O2  conftest.c >&5
configure:7879: $? = 0
configure:7882: ar cru libconftest.a @conftest.lst >&5
configure:7885: $? = 0
configure:7890: ar cru libconftest.a @conftest.lst >&5
ar: conftest.o: No such file or directory
configure:7893: $? = 1
configure:7905: result: @
configure:7963: checking for strip
configure:7979: found /usr/bin/strip
configure:7990: result: strip
configure:8062: checking for ranlib
configure:8078: found /usr/bin/ranlib
configure:8089: result: ranlib
configure:8191: checking command to parse /usr/bin/nm -B output from gcc -std=gnu99 object
configure:8311: gcc -std=gnu99 -c -g -O2  conftest.c >&5
configure:8314: $? = 0
configure:8318: /usr/bin/nm -B conftest.o \| sed -n -e 's/^.*[ ]\([ABCDGIRSTW][ABCDGIRSTW]*\)[ ][ ]*\([_A-Za-z][_A-Za-z0-9]*\)$/\1 \2 \2/p' | sed '/ __gnu_lto/d' \> conftest.nm
configure:8321: $? = 0
configure:8387: gcc -std=gnu99 -o conftest -g -O2   conftest.c conftstm.o >&5
configure:8390: $? = 0
configure:8428: result: ok
configure:8465: checking for sysroot
configure:8495: result: no
configure:8572: gcc -std=gnu99 -c -g -O2  conftest.c >&5
configure:8575: $? = 0
configure:8751: checking for mt
configure:8781: result: no
configure:8801: checking if : is a manifest tool
configure:8807: : '-?'
configure:8815: result: no
configure:9454: checking for dlfcn.h
configure:9454: gcc -std=gnu99 -c -g -O2  conftest.c >&5
configure:9454: $? = 0
configure:9454: result: yes
configure:9670: checking for objdir
configure:9685: result: .libs
configure:9956: checking if gcc -std=gnu99 supports -fno-rtti -fno-exceptions
configure:9974: gcc -std=gnu99 -c -g -O2  -fno-rtti -fno-exceptions conftest.c >&5
cc1: warning: command line option '-fno-rtti' is valid for C++/ObjC++ but not for C [enabled by default]
configure:9978: $? = 0
configure:9991: result: no
configure:10318: checking for gcc -std=gnu99 option to produce PIC
configure:10325: result: -fPIC -DPIC
configure:10333: checking if gcc -std=gnu99 PIC flag -fPIC -DPIC works
configure:10351: gcc -std=gnu99 -c -g -O2  -fPIC -DPIC -DPIC conftest.c >&5
configure:10355: $? = 0
configure:10368: result: yes
configure:10397: checking if gcc -std=gnu99 static flag -static works
configure:10425: result: no
configure:10440: checking if gcc -std=gnu99 supports -c -o file.o
configure:10461: gcc -std=gnu99 -c -g -O2  -o out/conftest2.o conftest.c >&5
configure:10465: $? = 0
configure:10487: result: yes
configure:10495: checking if gcc -std=gnu99 supports -c -o file.o
configure:10542: result: yes
configure:10575: checking whether the gcc -std=gnu99 linker (/usr/bin/ld -m elf_x86_64) supports shared libraries
configure:11728: result: yes
configure:11968: checking dynamic linker characteristics
configure:12479: gcc -std=gnu99 -o conftest -g -O2   -Wl,-rpath -Wl,/foo conftest.c  >&5
configure:12479: $? = 0
configure:12705: result: GNU/Linux ld.so
configure:12812: checking how to hardcode library paths into programs
configure:12837: result: immediate
configure:13377: checking whether stripping libraries is possible
configure:13382: result: yes
configure:13417: checking if libtool supports shared libraries
configure:13419: result: yes
configure:13422: checking whether to build shared libraries
configure:13443: result: no
configure:13446: checking whether to build static libraries
configure:13450: result: yes
configure:16715: checking for library containing pow
configure:16746: gcc -std=gnu99 -o conftest -g -O2   conftest.c  >&5
conftest.c:35:6: warning: conflicting types for built-in function 'pow' [enabled by default]
 char pow ();
      ^
/tmp/ccNsMvxn.o: In function `main':
/root/workspace/openvswitch-2.10.1/conftest.c:39: undefined reference to `pow'
collect2: error: ld returned 1 exit status
configure:16746: $? = 1
configure: failed program was:
| /* confdefs.h */
| #define PACKAGE_NAME "openvswitch"
| #define PACKAGE_TARNAME "openvswitch"
| #define PACKAGE_VERSION "2.10.1"
| #define PACKAGE_STRING "openvswitch 2.10.1"
| #define PACKAGE_BUGREPORT "bugs@openvswitch.org"
| #define PACKAGE_URL ""
| #define PACKAGE "openvswitch"
| #define VERSION "2.10.1"
| #define STDC_HEADERS 1
| #define HAVE_SYS_TYPES_H 1
| #define HAVE_SYS_STAT_H 1
| #define HAVE_STDLIB_H 1
| #define HAVE_STRING_H 1
| #define HAVE_MEMORY_H 1
| #define HAVE_STRINGS_H 1
| #define HAVE_INTTYPES_H 1
| #define HAVE_STDINT_H 1
| #define HAVE_UNISTD_H 1
| #define __EXTENSIONS__ 1
| #define _ALL_SOURCE 1
| #define _GNU_SOURCE 1
| #define _POSIX_PTHREAD_SEMANTICS 1
| #define _TANDEM_SOURCE 1
| #define HAVE_DLFCN_H 1
| #define LT_OBJDIR ".libs/"
| /* end confdefs.h.  */
| 
| /* Override any GCC internal prototype to avoid an error.
|    Use char because int might match the return type of a GCC
|    builtin and then its argument prototype would still apply.  */
| #ifdef __cplusplus
| extern "C"
| #endif
| char pow ();
| int
| main ()
| {
| return pow ();
|   ;
|   return 0;
| }
configure:16746: gcc -std=gnu99 -o conftest -g -O2   conftest.c -lm   >&5
conftest.c:35:6: warning: conflicting types for built-in function 'pow' [enabled by default]
 char pow ();
      ^
configure:16746: $? = 0
configure:16763: result: -lm
configure:16771: checking for library containing clock_gettime
configure:16802: gcc -std=gnu99 -o conftest -g -O2   conftest.c -lm  >&5
configure:16802: $? = 0
configure:16819: result: none required
configure:16827: checking for library containing timer_create
configure:16858: gcc -std=gnu99 -o conftest -g -O2   conftest.c -lm  >&5
/tmp/ccSmxncl.o: In function `main':
/root/workspace/openvswitch-2.10.1/conftest.c:39: undefined reference to `timer_create'
collect2: error: ld returned 1 exit status
configure:16858: $? = 1
configure: failed program was:
| /* confdefs.h */
| #define PACKAGE_NAME "openvswitch"
| #define PACKAGE_TARNAME "openvswitch"
| #define PACKAGE_VERSION "2.10.1"
| #define PACKAGE_STRING "openvswitch 2.10.1"
| #define PACKAGE_BUGREPORT "bugs@openvswitch.org"
| #define PACKAGE_URL ""
| #define PACKAGE "openvswitch"
| #define VERSION "2.10.1"
| #define STDC_HEADERS 1
| #define HAVE_SYS_TYPES_H 1
| #define HAVE_SYS_STAT_H 1
| #define HAVE_STDLIB_H 1
| #define HAVE_STRING_H 1
| #define HAVE_MEMORY_H 1
| #define HAVE_STRINGS_H 1
| #define HAVE_INTTYPES_H 1
| #define HAVE_STDINT_H 1
| #define HAVE_UNISTD_H 1
| #define __EXTENSIONS__ 1
| #define _ALL_SOURCE 1
| #define _GNU_SOURCE 1
| #define _POSIX_PTHREAD_SEMANTICS 1
| #define _TANDEM_SOURCE 1
| #define HAVE_DLFCN_H 1
| #define LT_OBJDIR ".libs/"
| /* end confdefs.h.  */
| 
| /* Override any GCC internal prototype to avoid an error.
|    Use char because int might match the return type of a GCC
|    builtin and then its argument prototype would still apply.  */
| #ifdef __cplusplus
| extern "C"
| #endif
| char timer_create ();
| int
| main ()
| {
| return timer_create ();
|   ;
|   return 0;
| }
configure:16858: gcc -std=gnu99 -o conftest -g -O2   conftest.c -lrt  -lm  >&5
configure:16858: $? = 0
configure:16875: result: -lrt
configure:16883: checking for library containing pthread_create
configure:16914: gcc -std=gnu99 -o conftest -g -O2   conftest.c -lrt -lm  >&5
/usr/bin/ld: /tmp/ccAu56Ut.o: undefined reference to symbol 'pthread_create@@GLIBC_2.2.5'
//usr/lib64/libpthread.so.0: error adding symbols: DSO missing from command line
collect2: error: ld returned 1 exit status
configure:16914: $? = 1
configure: failed program was:
| /* confdefs.h */
| #define PACKAGE_NAME "openvswitch"
| #define PACKAGE_TARNAME "openvswitch"
| #define PACKAGE_VERSION "2.10.1"
| #define PACKAGE_STRING "openvswitch 2.10.1"
| #define PACKAGE_BUGREPORT "bugs@openvswitch.org"
| #define PACKAGE_URL ""
| #define PACKAGE "openvswitch"
| #define VERSION "2.10.1"
| #define STDC_HEADERS 1
| #define HAVE_SYS_TYPES_H 1
| #define HAVE_SYS_STAT_H 1
| #define HAVE_STDLIB_H 1
| #define HAVE_STRING_H 1
| #define HAVE_MEMORY_H 1
| #define HAVE_STRINGS_H 1
| #define HAVE_INTTYPES_H 1
| #define HAVE_STDINT_H 1
| #define HAVE_UNISTD_H 1
| #define __EXTENSIONS__ 1
| #define _ALL_SOURCE 1
| #define _GNU_SOURCE 1
| #define _POSIX_PTHREAD_SEMANTICS 1
| #define _TANDEM_SOURCE 1
| #define HAVE_DLFCN_H 1
| #define LT_OBJDIR ".libs/"
| /* end confdefs.h.  */
| 
| /* Override any GCC internal prototype to avoid an error.
|    Use char because int might match the return type of a GCC
|    builtin and then its argument prototype would still apply.  */
| #ifdef __cplusplus
| extern "C"
| #endif
| char pthread_create ();
| int
| main ()
| {
| return pthread_create ();
|   ;
|   return 0;
| }
configure:16914: gcc -std=gnu99 -o conftest -g -O2   conftest.c -lpthread  -lrt -lm  >&5
configure:16914: $? = 0
configure:16931: result: -lpthread
configure:16939: checking whether strerror_r is declared
configure:16939: gcc -std=gnu99 -c -g -O2  conftest.c >&5
configure:16939: $? = 0
configure:16939: result: yes
configure:16952: checking for strerror_r
configure:16952: gcc -std=gnu99 -o conftest -g -O2   conftest.c -lpthread -lrt -lm  >&5
configure:16952: $? = 0
configure:16952: result: yes
configure:16961: checking whether strerror_r returns char *
configure:16985: gcc -std=gnu99 -c -g -O2  conftest.c >&5
configure:16985: $? = 0
configure:17023: result: yes
configure:17032: checking vmware.h usability
configure:17032: gcc -std=gnu99 -c -g -O2  conftest.c >&5
conftest.c:64:20: fatal error: vmware.h: No such file or directory
 #include <vmware.h>
                    ^
compilation terminated.
configure:17032: $? = 1
configure: failed program was:
| /* confdefs.h */
| #define PACKAGE_NAME "openvswitch"
| #define PACKAGE_TARNAME "openvswitch"
| #define PACKAGE_VERSION "2.10.1"
| #define PACKAGE_STRING "openvswitch 2.10.1"
| #define PACKAGE_BUGREPORT "bugs@openvswitch.org"
| #define PACKAGE_URL ""
| #define PACKAGE "openvswitch"
| #define VERSION "2.10.1"
| #define STDC_HEADERS 1
| #define HAVE_SYS_TYPES_H 1
| #define HAVE_SYS_STAT_H 1
| #define HAVE_STDLIB_H 1
| #define HAVE_STRING_H 1
| #define HAVE_MEMORY_H 1
| #define HAVE_STRINGS_H 1
| #define HAVE_INTTYPES_H 1
| #define HAVE_STDINT_H 1
| #define HAVE_UNISTD_H 1
| #define __EXTENSIONS__ 1
| #define _ALL_SOURCE 1
| #define _GNU_SOURCE 1
| #define _POSIX_PTHREAD_SEMANTICS 1
| #define _TANDEM_SOURCE 1
| #define HAVE_DLFCN_H 1
| #define LT_OBJDIR ".libs/"
| #define HAVE_DECL_STRERROR_R 1
| #define HAVE_STRERROR_R 1
| #define STRERROR_R_CHAR_P 1
| /* end confdefs.h.  */
| #include <stdio.h>
| #ifdef HAVE_SYS_TYPES_H
| # include <sys/types.h>
| #endif
| #ifdef HAVE_SYS_STAT_H
| # include <sys/stat.h>
| #endif
| #ifdef STDC_HEADERS
| # include <stdlib.h>
| # include <stddef.h>
| #else
| # ifdef HAVE_STDLIB_H
| #  include <stdlib.h>
| # endif
| #endif
| #ifdef HAVE_STRING_H
| # if !defined STDC_HEADERS && defined HAVE_MEMORY_H
| #  include <memory.h>
| # endif
| # include <string.h>
| #endif
| #ifdef HAVE_STRINGS_H
| # include <strings.h>
| #endif
| #ifdef HAVE_INTTYPES_H
| # include <inttypes.h>
| #endif
| #ifdef HAVE_STDINT_H
| # include <stdint.h>
| #endif
| #ifdef HAVE_UNISTD_H
| # include <unistd.h>
| #endif
| #include <vmware.h>
configure:17032: result: no
configure:17032: checking vmware.h presence
configure:17032: gcc -std=gnu99 -E  conftest.c
conftest.c:31:20: fatal error: vmware.h: No such file or directory
 #include <vmware.h>
                    ^
compilation terminated.
configure:17032: $? = 1
configure: failed program was:
| /* confdefs.h */
| #define PACKAGE_NAME "openvswitch"
| #define PACKAGE_TARNAME "openvswitch"
| #define PACKAGE_VERSION "2.10.1"
| #define PACKAGE_STRING "openvswitch 2.10.1"
| #define PACKAGE_BUGREPORT "bugs@openvswitch.org"
| #define PACKAGE_URL ""
| #define PACKAGE "openvswitch"
| #define VERSION "2.10.1"
| #define STDC_HEADERS 1
| #define HAVE_SYS_TYPES_H 1
| #define HAVE_SYS_STAT_H 1
| #define HAVE_STDLIB_H 1
| #define HAVE_STRING_H 1
| #define HAVE_MEMORY_H 1
| #define HAVE_STRINGS_H 1
| #define HAVE_INTTYPES_H 1
| #define HAVE_STDINT_H 1
| #define HAVE_UNISTD_H 1
| #define __EXTENSIONS__ 1
| #define _ALL_SOURCE 1
| #define _GNU_SOURCE 1
| #define _POSIX_PTHREAD_SEMANTICS 1
| #define _TANDEM_SOURCE 1
| #define HAVE_DLFCN_H 1
| #define LT_OBJDIR ".libs/"
| #define HAVE_DECL_STRERROR_R 1
| #define HAVE_STRERROR_R 1
| #define STRERROR_R_CHAR_P 1
| /* end confdefs.h.  */
| #include <vmware.h>
configure:17032: result: no
configure:17032: checking for vmware.h
configure:17032: result: no
configure:17053: checking for MSVC x64 compiler
configure:17068: result: no
configure:17073: checking windows.h usability
configure:17073: gcc -std=gnu99 -c -g -O2  conftest.c >&5
conftest.c:64:21: fatal error: windows.h: No such file or directory
 #include <windows.h>
                     ^
compilation terminated.
configure:17073: $? = 1
configure: failed program was:
| /* confdefs.h */
| #define PACKAGE_NAME "openvswitch"
| #define PACKAGE_TARNAME "openvswitch"
| #define PACKAGE_VERSION "2.10.1"
| #define PACKAGE_STRING "openvswitch 2.10.1"
| #define PACKAGE_BUGREPORT "bugs@openvswitch.org"
| #define PACKAGE_URL ""
| #define PACKAGE "openvswitch"
| #define VERSION "2.10.1"
| #define STDC_HEADERS 1
| #define HAVE_SYS_TYPES_H 1
| #define HAVE_SYS_STAT_H 1
| #define HAVE_STDLIB_H 1
| #define HAVE_STRING_H 1
| #define HAVE_MEMORY_H 1
| #define HAVE_STRINGS_H 1
| #define HAVE_INTTYPES_H 1
| #define HAVE_STDINT_H 1
| #define HAVE_UNISTD_H 1
| #define __EXTENSIONS__ 1
| #define _ALL_SOURCE 1
| #define _GNU_SOURCE 1
| #define _POSIX_PTHREAD_SEMANTICS 1
| #define _TANDEM_SOURCE 1
| #define HAVE_DLFCN_H 1
| #define LT_OBJDIR ".libs/"
| #define HAVE_DECL_STRERROR_R 1
| #define HAVE_STRERROR_R 1
| #define STRERROR_R_CHAR_P 1
| /* end confdefs.h.  */
| #include <stdio.h>
| #ifdef HAVE_SYS_TYPES_H
| # include <sys/types.h>
| #endif
| #ifdef HAVE_SYS_STAT_H
| # include <sys/stat.h>
| #endif
| #ifdef STDC_HEADERS
| # include <stdlib.h>
| # include <stddef.h>
| #else
| # ifdef HAVE_STDLIB_H
| #  include <stdlib.h>
| # endif
| #endif
| #ifdef HAVE_STRING_H
| # if !defined STDC_HEADERS && defined HAVE_MEMORY_H
| #  include <memory.h>
| # endif
| # include <string.h>
| #endif
| #ifdef HAVE_STRINGS_H
| # include <strings.h>
| #endif
| #ifdef HAVE_INTTYPES_H
| # include <inttypes.h>
| #endif
| #ifdef HAVE_STDINT_H
| # include <stdint.h>
| #endif
| #ifdef HAVE_UNISTD_H
| # include <unistd.h>
| #endif
| #include <windows.h>
configure:17073: result: no
configure:17073: checking windows.h presence
configure:17073: gcc -std=gnu99 -E  conftest.c
conftest.c:31:21: fatal error: windows.h: No such file or directory
 #include <windows.h>
                     ^
compilation terminated.
configure:17073: $? = 1
configure: failed program was:
| /* confdefs.h */
| #define PACKAGE_NAME "openvswitch"
| #define PACKAGE_TARNAME "openvswitch"
| #define PACKAGE_VERSION "2.10.1"
| #define PACKAGE_STRING "openvswitch 2.10.1"
| #define PACKAGE_BUGREPORT "bugs@openvswitch.org"
| #define PACKAGE_URL ""
| #define PACKAGE "openvswitch"
| #define VERSION "2.10.1"
| #define STDC_HEADERS 1
| #define HAVE_SYS_TYPES_H 1
| #define HAVE_SYS_STAT_H 1
| #define HAVE_STDLIB_H 1
| #define HAVE_STRING_H 1
| #define HAVE_MEMORY_H 1
| #define HAVE_STRINGS_H 1
| #define HAVE_INTTYPES_H 1
| #define HAVE_STDINT_H 1
| #define HAVE_UNISTD_H 1
| #define __EXTENSIONS__ 1
| #define _ALL_SOURCE 1
| #define _GNU_SOURCE 1
| #define _POSIX_PTHREAD_SEMANTICS 1
| #define _TANDEM_SOURCE 1
| #define HAVE_DLFCN_H 1
| #define LT_OBJDIR ".libs/"
| #define HAVE_DECL_STRERROR_R 1
| #define HAVE_STRERROR_R 1
| #define STRERROR_R_CHAR_P 1
| /* end confdefs.h.  */
| #include <windows.h>
configure:17073: result: no
configure:17073: checking for windows.h
configure:17073: result: no
configure:17295: checking for linux/netlink.h
configure:17295: gcc -std=gnu99 -c -g -O2  conftest.c >&5
configure:17295: $? = 0
configure:17295: result: yes
configure:17351: checking for pkg-config
configure:17381: result: /usr/bin/pkg-config
configure:17443: checking whether compiling and linking against OpenSSL works
Trying link with SSL_LDFLAGS= ; SSL_LIBS=-lssl -lcrypto  ; SSL_INCLUDES= 
configure:17465: gcc -std=gnu99 -o conftest -g -O2       conftest.c -lssl -lcrypto   -lpthread -lrt -lm  >&5
configure:17465: $? = 0
configure:17467: result: yes
configure:17535: checking for capng_clear in -lcap-ng
configure:17560: gcc -std=gnu99 -o conftest -g -O2   conftest.c -lcap-ng  -lpthread -lrt -lm  >&5
/usr/bin/ld: cannot find -lcap-ng
collect2: error: ld returned 1 exit status
configure:17560: $? = 1
configure: failed program was:
| /* confdefs.h */
| #define PACKAGE_NAME "openvswitch"
| #define PACKAGE_TARNAME "openvswitch"
| #define PACKAGE_VERSION "2.10.1"
| #define PACKAGE_STRING "openvswitch 2.10.1"
| #define PACKAGE_BUGREPORT "bugs@openvswitch.org"
| #define PACKAGE_URL ""
| #define PACKAGE "openvswitch"
| #define VERSION "2.10.1"
| #define STDC_HEADERS 1
| #define HAVE_SYS_TYPES_H 1
| #define HAVE_SYS_STAT_H 1
| #define HAVE_STDLIB_H 1
| #define HAVE_STRING_H 1
| #define HAVE_MEMORY_H 1
| #define HAVE_STRINGS_H 1
| #define HAVE_INTTYPES_H 1
| #define HAVE_STDINT_H 1
| #define HAVE_UNISTD_H 1
| #define __EXTENSIONS__ 1
| #define _ALL_SOURCE 1
| #define _GNU_SOURCE 1
| #define _POSIX_PTHREAD_SEMANTICS 1
| #define _TANDEM_SOURCE 1
| #define HAVE_DLFCN_H 1
| #define LT_OBJDIR ".libs/"
| #define HAVE_DECL_STRERROR_R 1
| #define HAVE_STRERROR_R 1
| #define STRERROR_R_CHAR_P 1
| #define VSTUDIO_DDK 1
| #define HAVE_NETLINK 1
| #define HAVE_OPENSSL 1
| /* end confdefs.h.  */
| 
| /* Override any GCC internal prototype to avoid an error.
|    Use char because int might match the return type of a GCC
|    builtin and then its argument prototype would still apply.  */
| #ifdef __cplusplus
| extern "C"
| #endif
| char capng_clear ();
| int
| main ()
| {
| return capng_clear ();
|   ;
|   return 0;
| }
configure:17569: result: no
configure:17583: WARNING: cannot find libcap-ng.
--user option will not be supported on Linux.
(you may use --disable-libcapng to suppress this warning). 
configure:17616: checking for Python 2.x for x >= 7
configure:17649: result: /usr/bin/python2
configure:17669: checking for Python 3.x for x >= 4
configure:17702: result: no
configure:17722: checking for Python 2 or 3
configure:17740: result: /usr/bin/python2
configure:17754: checking for flake8
configure:17765: result: no
configure:17775: checking for sphinx
configure:17786: result: no
configure:17796: checking for dot
configure:17807: result: no
configure:17817: checking net/if_packet.h usability
configure:17817: gcc -std=gnu99 -c -g -O2  conftest.c >&5
configure:17817: $? = 0
configure:17817: result: yes
configure:17817: checking net/if_packet.h presence
configure:17817: gcc -std=gnu99 -E  conftest.c
configure:17817: $? = 0
configure:17817: result: yes
configure:17817: checking for net/if_packet.h
configure:17817: result: yes
configure:17838: checking net/if_dl.h usability
configure:17838: gcc -std=gnu99 -c -g -O2  conftest.c >&5
conftest.c:68:23: fatal error: net/if_dl.h: No such file or directory
 #include <net/if_dl.h>
                       ^
compilation terminated.
configure:17838: $? = 1
configure: failed program was:
| /* confdefs.h */
| #define PACKAGE_NAME "openvswitch"
| #define PACKAGE_TARNAME "openvswitch"
| #define PACKAGE_VERSION "2.10.1"
| #define PACKAGE_STRING "openvswitch 2.10.1"
| #define PACKAGE_BUGREPORT "bugs@openvswitch.org"
| #define PACKAGE_URL ""
| #define PACKAGE "openvswitch"
| #define VERSION "2.10.1"
| #define STDC_HEADERS 1
| #define HAVE_SYS_TYPES_H 1
| #define HAVE_SYS_STAT_H 1
| #define HAVE_STDLIB_H 1
| #define HAVE_STRING_H 1
| #define HAVE_MEMORY_H 1
| #define HAVE_STRINGS_H 1
| #define HAVE_INTTYPES_H 1
| #define HAVE_STDINT_H 1
| #define HAVE_UNISTD_H 1
| #define __EXTENSIONS__ 1
| #define _ALL_SOURCE 1
| #define _GNU_SOURCE 1
| #define _POSIX_PTHREAD_SEMANTICS 1
| #define _TANDEM_SOURCE 1
| #define HAVE_DLFCN_H 1
| #define LT_OBJDIR ".libs/"
| #define HAVE_DECL_STRERROR_R 1
| #define HAVE_STRERROR_R 1
| #define STRERROR_R_CHAR_P 1
| #define VSTUDIO_DDK 1
| #define HAVE_NETLINK 1
| #define HAVE_OPENSSL 1
| #define HAVE_IF_PACKET 1
| /* end confdefs.h.  */
| #include <stdio.h>
| #ifdef HAVE_SYS_TYPES_H
| # include <sys/types.h>
| #endif
| #ifdef HAVE_SYS_STAT_H
| # include <sys/stat.h>
| #endif
| #ifdef STDC_HEADERS
| # include <stdlib.h>
| # include <stddef.h>
| #else
| # ifdef HAVE_STDLIB_H
| #  include <stdlib.h>
| # endif
| #endif
| #ifdef HAVE_STRING_H
| # if !defined STDC_HEADERS && defined HAVE_MEMORY_H
| #  include <memory.h>
| # endif
| # include <string.h>
| #endif
| #ifdef HAVE_STRINGS_H
| # include <strings.h>
| #endif
| #ifdef HAVE_INTTYPES_H
| # include <inttypes.h>
| #endif
| #ifdef HAVE_STDINT_H
| # include <stdint.h>
| #endif
| #ifdef HAVE_UNISTD_H
| # include <unistd.h>
| #endif
| #include <net/if_dl.h>
configure:17838: result: no
configure:17838: checking net/if_dl.h presence
configure:17838: gcc -std=gnu99 -E  conftest.c
conftest.c:35:23: fatal error: net/if_dl.h: No such file or directory
 #include <net/if_dl.h>
                       ^
compilation terminated.
configure:17838: $? = 1
configure: failed program was:
| /* confdefs.h */
| #define PACKAGE_NAME "openvswitch"
| #define PACKAGE_TARNAME "openvswitch"
| #define PACKAGE_VERSION "2.10.1"
| #define PACKAGE_STRING "openvswitch 2.10.1"
| #define PACKAGE_BUGREPORT "bugs@openvswitch.org"
| #define PACKAGE_URL ""
| #define PACKAGE "openvswitch"
| #define VERSION "2.10.1"
| #define STDC_HEADERS 1
| #define HAVE_SYS_TYPES_H 1
| #define HAVE_SYS_STAT_H 1
| #define HAVE_STDLIB_H 1
| #define HAVE_STRING_H 1
| #define HAVE_MEMORY_H 1
| #define HAVE_STRINGS_H 1
| #define HAVE_INTTYPES_H 1
| #define HAVE_STDINT_H 1
| #define HAVE_UNISTD_H 1
| #define __EXTENSIONS__ 1
| #define _ALL_SOURCE 1
| #define _GNU_SOURCE 1
| #define _POSIX_PTHREAD_SEMANTICS 1
| #define _TANDEM_SOURCE 1
| #define HAVE_DLFCN_H 1
| #define LT_OBJDIR ".libs/"
| #define HAVE_DECL_STRERROR_R 1
| #define HAVE_STRERROR_R 1
| #define STRERROR_R_CHAR_P 1
| #define VSTUDIO_DDK 1
| #define HAVE_NETLINK 1
| #define HAVE_OPENSSL 1
| #define HAVE_IF_PACKET 1
| /* end confdefs.h.  */
| #include <net/if_dl.h>
configure:17838: result: no
configure:17838: checking for net/if_dl.h
configure:17838: result: no
configure:17917: checking whether strtok_r macro segfaults on some inputs
configure:17953: gcc -std=gnu99 -o conftest -g -O2   conftest.c -lpthread -lrt -lm  >&5
configure:17953: $? = 0
configure:17953: ./conftest
configure:17953: $? = 0
configure:17963: result: no
configure:17971: checking whether sys_siglist is declared
configure:17971: gcc -std=gnu99 -c -g -O2  conftest.c >&5
configure:17971: $? = 0
configure:17971: result: yes
configure:17983: checking for struct stat.st_mtim.tv_nsec
configure:17983: gcc -std=gnu99 -c -g -O2  conftest.c >&5
configure:17983: $? = 0
configure:17983: result: yes
configure:17993: checking for struct stat.st_mtimensec
configure:17993: gcc -std=gnu99 -c -g -O2  conftest.c >&5
conftest.c: In function 'main':
conftest.c:43:12: error: 'struct stat' has no member named 'st_mtimensec'
 if (ac_aggr.st_mtimensec)
            ^
configure:17993: $? = 1
configure: failed program was:
| /* confdefs.h */
| #define PACKAGE_NAME "openvswitch"
| #define PACKAGE_TARNAME "openvswitch"
| #define PACKAGE_VERSION "2.10.1"
| #define PACKAGE_STRING "openvswitch 2.10.1"
| #define PACKAGE_BUGREPORT "bugs@openvswitch.org"
| #define PACKAGE_URL ""
| #define PACKAGE "openvswitch"
| #define VERSION "2.10.1"
| #define STDC_HEADERS 1
| #define HAVE_SYS_TYPES_H 1
| #define HAVE_SYS_STAT_H 1
| #define HAVE_STDLIB_H 1
| #define HAVE_STRING_H 1
| #define HAVE_MEMORY_H 1
| #define HAVE_STRINGS_H 1
| #define HAVE_INTTYPES_H 1
| #define HAVE_STDINT_H 1
| #define HAVE_UNISTD_H 1
| #define __EXTENSIONS__ 1
| #define _ALL_SOURCE 1
| #define _GNU_SOURCE 1
| #define _POSIX_PTHREAD_SEMANTICS 1
| #define _TANDEM_SOURCE 1
| #define HAVE_DLFCN_H 1
| #define LT_OBJDIR ".libs/"
| #define HAVE_DECL_STRERROR_R 1
| #define HAVE_STRERROR_R 1
| #define STRERROR_R_CHAR_P 1
| #define VSTUDIO_DDK 1
| #define HAVE_NETLINK 1
| #define HAVE_OPENSSL 1
| #define HAVE_IF_PACKET 1
| #define HAVE_DECL_SYS_SIGLIST 1
| #define HAVE_STRUCT_STAT_ST_MTIM_TV_NSEC 1
| /* end confdefs.h.  */
| #include <sys/stat.h>
| 
| int
| main ()
| {
| static struct stat ac_aggr;
| if (ac_aggr.st_mtimensec)
| return 0;
|   ;
|   return 0;
| }
configure:17993: gcc -std=gnu99 -c -g -O2  conftest.c >&5
conftest.c: In function 'main':
conftest.c:43:19: error: 'struct stat' has no member named 'st_mtimensec'
 if (sizeof ac_aggr.st_mtimensec)
                   ^
configure:17993: $? = 1
configure: failed program was:
| /* confdefs.h */
| #define PACKAGE_NAME "openvswitch"
| #define PACKAGE_TARNAME "openvswitch"
| #define PACKAGE_VERSION "2.10.1"
| #define PACKAGE_STRING "openvswitch 2.10.1"
| #define PACKAGE_BUGREPORT "bugs@openvswitch.org"
| #define PACKAGE_URL ""
| #define PACKAGE "openvswitch"
| #define VERSION "2.10.1"
| #define STDC_HEADERS 1
| #define HAVE_SYS_TYPES_H 1
| #define HAVE_SYS_STAT_H 1
| #define HAVE_STDLIB_H 1
| #define HAVE_STRING_H 1
| #define HAVE_MEMORY_H 1
| #define HAVE_STRINGS_H 1
| #define HAVE_INTTYPES_H 1
| #define HAVE_STDINT_H 1
| #define HAVE_UNISTD_H 1
| #define __EXTENSIONS__ 1
| #define _ALL_SOURCE 1
| #define _GNU_SOURCE 1
| #define _POSIX_PTHREAD_SEMANTICS 1
| #define _TANDEM_SOURCE 1
| #define HAVE_DLFCN_H 1
| #define LT_OBJDIR ".libs/"
| #define HAVE_DECL_STRERROR_R 1
| #define HAVE_STRERROR_R 1
| #define STRERROR_R_CHAR_P 1
| #define VSTUDIO_DDK 1
| #define HAVE_NETLINK 1
| #define HAVE_OPENSSL 1
| #define HAVE_IF_PACKET 1
| #define HAVE_DECL_SYS_SIGLIST 1
| #define HAVE_STRUCT_STAT_ST_MTIM_TV_NSEC 1
| /* end confdefs.h.  */
| #include <sys/stat.h>
| 
| int
| main ()
| {
| static struct stat ac_aggr;
| if (sizeof ac_aggr.st_mtimensec)
| return 0;
|   ;
|   return 0;
| }
configure:17993: result: no
configure:18004: checking for struct ifreq.ifr_flagshigh
configure:18004: gcc -std=gnu99 -c -g -O2  conftest.c >&5
conftest.c: In function 'main':
conftest.c:43:12: error: 'struct ifreq' has no member named 'ifr_flagshigh'
 if (ac_aggr.ifr_flagshigh)
            ^
configure:18004: $? = 1
configure: failed program was:
| /* confdefs.h */
| #define PACKAGE_NAME "openvswitch"
| #define PACKAGE_TARNAME "openvswitch"
| #define PACKAGE_VERSION "2.10.1"
| #define PACKAGE_STRING "openvswitch 2.10.1"
| #define PACKAGE_BUGREPORT "bugs@openvswitch.org"
| #define PACKAGE_URL ""
| #define PACKAGE "openvswitch"
| #define VERSION "2.10.1"
| #define STDC_HEADERS 1
| #define HAVE_SYS_TYPES_H 1
| #define HAVE_SYS_STAT_H 1
| #define HAVE_STDLIB_H 1
| #define HAVE_STRING_H 1
| #define HAVE_MEMORY_H 1
| #define HAVE_STRINGS_H 1
| #define HAVE_INTTYPES_H 1
| #define HAVE_STDINT_H 1
| #define HAVE_UNISTD_H 1
| #define __EXTENSIONS__ 1
| #define _ALL_SOURCE 1
| #define _GNU_SOURCE 1
| #define _POSIX_PTHREAD_SEMANTICS 1
| #define _TANDEM_SOURCE 1
| #define HAVE_DLFCN_H 1
| #define LT_OBJDIR ".libs/"
| #define HAVE_DECL_STRERROR_R 1
| #define HAVE_STRERROR_R 1
| #define STRERROR_R_CHAR_P 1
| #define VSTUDIO_DDK 1
| #define HAVE_NETLINK 1
| #define HAVE_OPENSSL 1
| #define HAVE_IF_PACKET 1
| #define HAVE_DECL_SYS_SIGLIST 1
| #define HAVE_STRUCT_STAT_ST_MTIM_TV_NSEC 1
| /* end confdefs.h.  */
| #include <net/if.h>
| 
| int
| main ()
| {
| static struct ifreq ac_aggr;
| if (ac_aggr.ifr_flagshigh)
| return 0;
|   ;
|   return 0;
| }
configure:18004: gcc -std=gnu99 -c -g -O2  conftest.c >&5
conftest.c: In function 'main':
conftest.c:43:19: error: 'struct ifreq' has no member named 'ifr_flagshigh'
 if (sizeof ac_aggr.ifr_flagshigh)
                   ^
configure:18004: $? = 1
configure: failed program was:
| /* confdefs.h */
| #define PACKAGE_NAME "openvswitch"
| #define PACKAGE_TARNAME "openvswitch"
| #define PACKAGE_VERSION "2.10.1"
| #define PACKAGE_STRING "openvswitch 2.10.1"
| #define PACKAGE_BUGREPORT "bugs@openvswitch.org"
| #define PACKAGE_URL ""
| #define PACKAGE "openvswitch"
| #define VERSION "2.10.1"
| #define STDC_HEADERS 1
| #define HAVE_SYS_TYPES_H 1
| #define HAVE_SYS_STAT_H 1
| #define HAVE_STDLIB_H 1
| #define HAVE_STRING_H 1
| #define HAVE_MEMORY_H 1
| #define HAVE_STRINGS_H 1
| #define HAVE_INTTYPES_H 1
| #define HAVE_STDINT_H 1
| #define HAVE_UNISTD_H 1
| #define __EXTENSIONS__ 1
| #define _ALL_SOURCE 1
| #define _GNU_SOURCE 1
| #define _POSIX_PTHREAD_SEMANTICS 1
| #define _TANDEM_SOURCE 1
| #define HAVE_DLFCN_H 1
| #define LT_OBJDIR ".libs/"
| #define HAVE_DECL_STRERROR_R 1
| #define HAVE_STRERROR_R 1
| #define STRERROR_R_CHAR_P 1
| #define VSTUDIO_DDK 1
| #define HAVE_NETLINK 1
| #define HAVE_OPENSSL 1
| #define HAVE_IF_PACKET 1
| #define HAVE_DECL_SYS_SIGLIST 1
| #define HAVE_STRUCT_STAT_ST_MTIM_TV_NSEC 1
| /* end confdefs.h.  */
| #include <net/if.h>
| 
| int
| main ()
| {
| static struct ifreq ac_aggr;
| if (sizeof ac_aggr.ifr_flagshigh)
| return 0;
|   ;
|   return 0;
| }
configure:18004: result: no
configure:18015: checking for struct mmsghdr.msg_len
configure:18015: gcc -std=gnu99 -c -g -O2  conftest.c >&5
configure:18015: $? = 0
configure:18015: result: yes
configure:18026: checking for struct sockaddr_in6.sin6_scope_id
configure:18026: gcc -std=gnu99 -c -g -O2  conftest.c >&5
configure:18026: $? = 0
configure:18026: result: yes
configure:18042: checking for mlockall
configure:18042: gcc -std=gnu99 -o conftest -g -O2   conftest.c -lpthread -lrt -lm  >&5
configure:18042: $? = 0
configure:18042: result: yes
configure:18042: checking for strnlen
configure:18042: gcc -std=gnu99 -o conftest -g -O2   conftest.c -lpthread -lrt -lm  >&5
configure:18042: $? = 0
configure:18042: result: yes
configure:18042: checking for getloadavg
configure:18042: gcc -std=gnu99 -o conftest -g -O2   conftest.c -lpthread -lrt -lm  >&5
configure:18042: $? = 0
configure:18042: result: yes
configure:18042: checking for statvfs
configure:18042: gcc -std=gnu99 -o conftest -g -O2   conftest.c -lpthread -lrt -lm  >&5
configure:18042: $? = 0
configure:18042: result: yes
configure:18042: checking for getmntent_r
configure:18042: gcc -std=gnu99 -o conftest -g -O2   conftest.c -lpthread -lrt -lm  >&5
configure:18042: $? = 0
configure:18042: result: yes
configure:18042: checking for sendmmsg
configure:18042: gcc -std=gnu99 -o conftest -g -O2   conftest.c -lpthread -lrt -lm  >&5
configure:18042: $? = 0
configure:18042: result: yes
configure:18042: checking for clock_gettime
configure:18042: gcc -std=gnu99 -o conftest -g -O2   conftest.c -lpthread -lrt -lm  >&5
configure:18042: $? = 0
configure:18042: result: yes
configure:18054: checking mntent.h usability
configure:18054: gcc -std=gnu99 -c -g -O2  conftest.c >&5
configure:18054: $? = 0
configure:18054: result: yes
configure:18054: checking mntent.h presence
configure:18054: gcc -std=gnu99 -E  conftest.c
configure:18054: $? = 0
configure:18054: result: yes
configure:18054: checking for mntent.h
configure:18054: result: yes
configure:18054: checking sys/statvfs.h usability
configure:18054: gcc -std=gnu99 -c -g -O2  conftest.c >&5
configure:18054: $? = 0
configure:18054: result: yes
configure:18054: checking sys/statvfs.h presence
configure:18054: gcc -std=gnu99 -E  conftest.c
configure:18054: $? = 0
configure:18054: result: yes
configure:18054: checking for sys/statvfs.h
configure:18054: result: yes
configure:18054: checking linux/types.h usability
configure:18054: gcc -std=gnu99 -c -g -O2  conftest.c >&5
configure:18054: $? = 0
configure:18054: result: yes
configure:18054: checking linux/types.h presence
configure:18054: gcc -std=gnu99 -E  conftest.c
configure:18054: $? = 0
configure:18054: result: yes
configure:18054: checking for linux/types.h
configure:18054: result: yes
configure:18054: checking linux/if_ether.h usability
configure:18054: gcc -std=gnu99 -c -g -O2  conftest.c >&5
configure:18054: $? = 0
configure:18054: result: yes
configure:18054: checking linux/if_ether.h presence
configure:18054: gcc -std=gnu99 -E  conftest.c
configure:18054: $? = 0
configure:18054: result: yes
configure:18054: checking for linux/if_ether.h
configure:18054: result: yes
configure:18067: checking linux/net_namespace.h usability
configure:18067: gcc -std=gnu99 -c -g -O2  conftest.c >&5
configure:18067: $? = 0
configure:18067: result: yes
configure:18067: checking linux/net_namespace.h presence
configure:18067: gcc -std=gnu99 -E  conftest.c
configure:18067: $? = 0
configure:18067: result: yes
configure:18067: checking for linux/net_namespace.h
configure:18067: result: yes
configure:18067: checking stdatomic.h usability
configure:18067: gcc -std=gnu99 -c -g -O2  conftest.c >&5
conftest.c:84:23: fatal error: stdatomic.h: No such file or directory
 #include <stdatomic.h>
                       ^
compilation terminated.
configure:18067: $? = 1
configure: failed program was:
| /* confdefs.h */
| #define PACKAGE_NAME "openvswitch"
| #define PACKAGE_TARNAME "openvswitch"
| #define PACKAGE_VERSION "2.10.1"
| #define PACKAGE_STRING "openvswitch 2.10.1"
| #define PACKAGE_BUGREPORT "bugs@openvswitch.org"
| #define PACKAGE_URL ""
| #define PACKAGE "openvswitch"
| #define VERSION "2.10.1"
| #define STDC_HEADERS 1
| #define HAVE_SYS_TYPES_H 1
| #define HAVE_SYS_STAT_H 1
| #define HAVE_STDLIB_H 1
| #define HAVE_STRING_H 1
| #define HAVE_MEMORY_H 1
| #define HAVE_STRINGS_H 1
| #define HAVE_INTTYPES_H 1
| #define HAVE_STDINT_H 1
| #define HAVE_UNISTD_H 1
| #define __EXTENSIONS__ 1
| #define _ALL_SOURCE 1
| #define _GNU_SOURCE 1
| #define _POSIX_PTHREAD_SEMANTICS 1
| #define _TANDEM_SOURCE 1
| #define HAVE_DLFCN_H 1
| #define LT_OBJDIR ".libs/"
| #define HAVE_DECL_STRERROR_R 1
| #define HAVE_STRERROR_R 1
| #define STRERROR_R_CHAR_P 1
| #define VSTUDIO_DDK 1
| #define HAVE_NETLINK 1
| #define HAVE_OPENSSL 1
| #define HAVE_IF_PACKET 1
| #define HAVE_DECL_SYS_SIGLIST 1
| #define HAVE_STRUCT_STAT_ST_MTIM_TV_NSEC 1
| #define HAVE_STRUCT_MMSGHDR_MSG_LEN 1
| #define HAVE_STRUCT_SOCKADDR_IN6_SIN6_SCOPE_ID 1
| #define HAVE_MLOCKALL 1
| #define HAVE_STRNLEN 1
| #define HAVE_GETLOADAVG 1
| #define HAVE_STATVFS 1
| #define HAVE_GETMNTENT_R 1
| #define HAVE_SENDMMSG 1
| #define HAVE_CLOCK_GETTIME 1
| #define HAVE_MNTENT_H 1
| #define HAVE_SYS_STATVFS_H 1
| #define HAVE_LINUX_TYPES_H 1
| #define HAVE_LINUX_IF_ETHER_H 1
| #define HAVE_LINUX_NET_NAMESPACE_H 1
| /* end confdefs.h.  */
| #include <stdio.h>
| #ifdef HAVE_SYS_TYPES_H
| # include <sys/types.h>
| #endif
| #ifdef HAVE_SYS_STAT_H
| # include <sys/stat.h>
| #endif
| #ifdef STDC_HEADERS
| # include <stdlib.h>
| # include <stddef.h>
| #else
| # ifdef HAVE_STDLIB_H
| #  include <stdlib.h>
| # endif
| #endif
| #ifdef HAVE_STRING_H
| # if !defined STDC_HEADERS && defined HAVE_MEMORY_H
| #  include <memory.h>
| # endif
| # include <string.h>
| #endif
| #ifdef HAVE_STRINGS_H
| # include <strings.h>
| #endif
| #ifdef HAVE_INTTYPES_H
| # include <inttypes.h>
| #endif
| #ifdef HAVE_STDINT_H
| # include <stdint.h>
| #endif
| #ifdef HAVE_UNISTD_H
| # include <unistd.h>
| #endif
| #include <stdatomic.h>
configure:18067: result: no
configure:18067: checking stdatomic.h presence
configure:18067: gcc -std=gnu99 -E  conftest.c
conftest.c:51:23: fatal error: stdatomic.h: No such file or directory
 #include <stdatomic.h>
                       ^
compilation terminated.
configure:18067: $? = 1
configure: failed program was:
| /* confdefs.h */
| #define PACKAGE_NAME "openvswitch"
| #define PACKAGE_TARNAME "openvswitch"
| #define PACKAGE_VERSION "2.10.1"
| #define PACKAGE_STRING "openvswitch 2.10.1"
| #define PACKAGE_BUGREPORT "bugs@openvswitch.org"
| #define PACKAGE_URL ""
| #define PACKAGE "openvswitch"
| #define VERSION "2.10.1"
| #define STDC_HEADERS 1
| #define HAVE_SYS_TYPES_H 1
| #define HAVE_SYS_STAT_H 1
| #define HAVE_STDLIB_H 1
| #define HAVE_STRING_H 1
| #define HAVE_MEMORY_H 1
| #define HAVE_STRINGS_H 1
| #define HAVE_INTTYPES_H 1
| #define HAVE_STDINT_H 1
| #define HAVE_UNISTD_H 1
| #define __EXTENSIONS__ 1
| #define _ALL_SOURCE 1
| #define _GNU_SOURCE 1
| #define _POSIX_PTHREAD_SEMANTICS 1
| #define _TANDEM_SOURCE 1
| #define HAVE_DLFCN_H 1
| #define LT_OBJDIR ".libs/"
| #define HAVE_DECL_STRERROR_R 1
| #define HAVE_STRERROR_R 1
| #define STRERROR_R_CHAR_P 1
| #define VSTUDIO_DDK 1
| #define HAVE_NETLINK 1
| #define HAVE_OPENSSL 1
| #define HAVE_IF_PACKET 1
| #define HAVE_DECL_SYS_SIGLIST 1
| #define HAVE_STRUCT_STAT_ST_MTIM_TV_NSEC 1
| #define HAVE_STRUCT_MMSGHDR_MSG_LEN 1
| #define HAVE_STRUCT_SOCKADDR_IN6_SIN6_SCOPE_ID 1
| #define HAVE_MLOCKALL 1
| #define HAVE_STRNLEN 1
| #define HAVE_GETLOADAVG 1
| #define HAVE_STATVFS 1
| #define HAVE_GETMNTENT_R 1
| #define HAVE_SENDMMSG 1
| #define HAVE_CLOCK_GETTIME 1
| #define HAVE_MNTENT_H 1
| #define HAVE_SYS_STATVFS_H 1
| #define HAVE_LINUX_TYPES_H 1
| #define HAVE_LINUX_IF_ETHER_H 1
| #define HAVE_LINUX_NET_NAMESPACE_H 1
| /* end confdefs.h.  */
| #include <stdatomic.h>
configure:18067: result: no
configure:18067: checking for stdatomic.h
configure:18067: result: no
configure:18067: checking bits/floatn-common.h usability
configure:18067: gcc -std=gnu99 -c -g -O2  conftest.c >&5
conftest.c:84:32: fatal error: bits/floatn-common.h: No such file or directory
 #include <bits/floatn-common.h>
                                ^
compilation terminated.
configure:18067: $? = 1
configure: failed program was:
| /* confdefs.h */
| #define PACKAGE_NAME "openvswitch"
| #define PACKAGE_TARNAME "openvswitch"
| #define PACKAGE_VERSION "2.10.1"
| #define PACKAGE_STRING "openvswitch 2.10.1"
| #define PACKAGE_BUGREPORT "bugs@openvswitch.org"
| #define PACKAGE_URL ""
| #define PACKAGE "openvswitch"
| #define VERSION "2.10.1"
| #define STDC_HEADERS 1
| #define HAVE_SYS_TYPES_H 1
| #define HAVE_SYS_STAT_H 1
| #define HAVE_STDLIB_H 1
| #define HAVE_STRING_H 1
| #define HAVE_MEMORY_H 1
| #define HAVE_STRINGS_H 1
| #define HAVE_INTTYPES_H 1
| #define HAVE_STDINT_H 1
| #define HAVE_UNISTD_H 1
| #define __EXTENSIONS__ 1
| #define _ALL_SOURCE 1
| #define _GNU_SOURCE 1
| #define _POSIX_PTHREAD_SEMANTICS 1
| #define _TANDEM_SOURCE 1
| #define HAVE_DLFCN_H 1
| #define LT_OBJDIR ".libs/"
| #define HAVE_DECL_STRERROR_R 1
| #define HAVE_STRERROR_R 1
| #define STRERROR_R_CHAR_P 1
| #define VSTUDIO_DDK 1
| #define HAVE_NETLINK 1
| #define HAVE_OPENSSL 1
| #define HAVE_IF_PACKET 1
| #define HAVE_DECL_SYS_SIGLIST 1
| #define HAVE_STRUCT_STAT_ST_MTIM_TV_NSEC 1
| #define HAVE_STRUCT_MMSGHDR_MSG_LEN 1
| #define HAVE_STRUCT_SOCKADDR_IN6_SIN6_SCOPE_ID 1
| #define HAVE_MLOCKALL 1
| #define HAVE_STRNLEN 1
| #define HAVE_GETLOADAVG 1
| #define HAVE_STATVFS 1
| #define HAVE_GETMNTENT_R 1
| #define HAVE_SENDMMSG 1
| #define HAVE_CLOCK_GETTIME 1
| #define HAVE_MNTENT_H 1
| #define HAVE_SYS_STATVFS_H 1
| #define HAVE_LINUX_TYPES_H 1
| #define HAVE_LINUX_IF_ETHER_H 1
| #define HAVE_LINUX_NET_NAMESPACE_H 1
| /* end confdefs.h.  */
| #include <stdio.h>
| #ifdef HAVE_SYS_TYPES_H
| # include <sys/types.h>
| #endif
| #ifdef HAVE_SYS_STAT_H
| # include <sys/stat.h>
| #endif
| #ifdef STDC_HEADERS
| # include <stdlib.h>
| # include <stddef.h>
| #else
| # ifdef HAVE_STDLIB_H
| #  include <stdlib.h>
| # endif
| #endif
| #ifdef HAVE_STRING_H
| # if !defined STDC_HEADERS && defined HAVE_MEMORY_H
| #  include <memory.h>
| # endif
| # include <string.h>
| #endif
| #ifdef HAVE_STRINGS_H
| # include <strings.h>
| #endif
| #ifdef HAVE_INTTYPES_H
| # include <inttypes.h>
| #endif
| #ifdef HAVE_STDINT_H
| # include <stdint.h>
| #endif
| #ifdef HAVE_UNISTD_H
| # include <unistd.h>
| #endif
| #include <bits/floatn-common.h>
configure:18067: result: no
configure:18067: checking bits/floatn-common.h presence
configure:18067: gcc -std=gnu99 -E  conftest.c
conftest.c:51:32: fatal error: bits/floatn-common.h: No such file or directory
 #include <bits/floatn-common.h>
                                ^
compilation terminated.
configure:18067: $? = 1
configure: failed program was:
| /* confdefs.h */
| #define PACKAGE_NAME "openvswitch"
| #define PACKAGE_TARNAME "openvswitch"
| #define PACKAGE_VERSION "2.10.1"
| #define PACKAGE_STRING "openvswitch 2.10.1"
| #define PACKAGE_BUGREPORT "bugs@openvswitch.org"
| #define PACKAGE_URL ""
| #define PACKAGE "openvswitch"
| #define VERSION "2.10.1"
| #define STDC_HEADERS 1
| #define HAVE_SYS_TYPES_H 1
| #define HAVE_SYS_STAT_H 1
| #define HAVE_STDLIB_H 1
| #define HAVE_STRING_H 1
| #define HAVE_MEMORY_H 1
| #define HAVE_STRINGS_H 1
| #define HAVE_INTTYPES_H 1
| #define HAVE_STDINT_H 1
| #define HAVE_UNISTD_H 1
| #define __EXTENSIONS__ 1
| #define _ALL_SOURCE 1
| #define _GNU_SOURCE 1
| #define _POSIX_PTHREAD_SEMANTICS 1
| #define _TANDEM_SOURCE 1
| #define HAVE_DLFCN_H 1
| #define LT_OBJDIR ".libs/"
| #define HAVE_DECL_STRERROR_R 1
| #define HAVE_STRERROR_R 1
| #define STRERROR_R_CHAR_P 1
| #define VSTUDIO_DDK 1
| #define HAVE_NETLINK 1
| #define HAVE_OPENSSL 1
| #define HAVE_IF_PACKET 1
| #define HAVE_DECL_SYS_SIGLIST 1
| #define HAVE_STRUCT_STAT_ST_MTIM_TV_NSEC 1
| #define HAVE_STRUCT_MMSGHDR_MSG_LEN 1
| #define HAVE_STRUCT_SOCKADDR_IN6_SIN6_SCOPE_ID 1
| #define HAVE_MLOCKALL 1
| #define HAVE_STRNLEN 1
| #define HAVE_GETLOADAVG 1
| #define HAVE_STATVFS 1
| #define HAVE_GETMNTENT_R 1
| #define HAVE_SENDMMSG 1
| #define HAVE_CLOCK_GETTIME 1
| #define HAVE_MNTENT_H 1
| #define HAVE_SYS_STATVFS_H 1
| #define HAVE_LINUX_TYPES_H 1
| #define HAVE_LINUX_IF_ETHER_H 1
| #define HAVE_LINUX_NET_NAMESPACE_H 1
| /* end confdefs.h.  */
| #include <bits/floatn-common.h>
configure:18067: result: no
configure:18067: checking for bits/floatn-common.h
configure:18067: result: no
configure:18079: checking for net/if_mib.h
configure:18079: gcc -std=gnu99 -c -g -O2  conftest.c >&5
conftest.c:54:24: fatal error: net/if_mib.h: No such file or directory
 #include <net/if_mib.h>
                        ^
compilation terminated.
configure:18079: $? = 1
configure: failed program was:
| /* confdefs.h */
| #define PACKAGE_NAME "openvswitch"
| #define PACKAGE_TARNAME "openvswitch"
| #define PACKAGE_VERSION "2.10.1"
| #define PACKAGE_STRING "openvswitch 2.10.1"
| #define PACKAGE_BUGREPORT "bugs@openvswitch.org"
| #define PACKAGE_URL ""
| #define PACKAGE "openvswitch"
| #define VERSION "2.10.1"
| #define STDC_HEADERS 1
| #define HAVE_SYS_TYPES_H 1
| #define HAVE_SYS_STAT_H 1
| #define HAVE_STDLIB_H 1
| #define HAVE_STRING_H 1
| #define HAVE_MEMORY_H 1
| #define HAVE_STRINGS_H 1
| #define HAVE_INTTYPES_H 1
| #define HAVE_STDINT_H 1
| #define HAVE_UNISTD_H 1
| #define __EXTENSIONS__ 1
| #define _ALL_SOURCE 1
| #define _GNU_SOURCE 1
| #define _POSIX_PTHREAD_SEMANTICS 1
| #define _TANDEM_SOURCE 1
| #define HAVE_DLFCN_H 1
| #define LT_OBJDIR ".libs/"
| #define HAVE_DECL_STRERROR_R 1
| #define HAVE_STRERROR_R 1
| #define STRERROR_R_CHAR_P 1
| #define VSTUDIO_DDK 1
| #define HAVE_NETLINK 1
| #define HAVE_OPENSSL 1
| #define HAVE_IF_PACKET 1
| #define HAVE_DECL_SYS_SIGLIST 1
| #define HAVE_STRUCT_STAT_ST_MTIM_TV_NSEC 1
| #define HAVE_STRUCT_MMSGHDR_MSG_LEN 1
| #define HAVE_STRUCT_SOCKADDR_IN6_SIN6_SCOPE_ID 1
| #define HAVE_MLOCKALL 1
| #define HAVE_STRNLEN 1
| #define HAVE_GETLOADAVG 1
| #define HAVE_STATVFS 1
| #define HAVE_GETMNTENT_R 1
| #define HAVE_SENDMMSG 1
| #define HAVE_CLOCK_GETTIME 1
| #define HAVE_MNTENT_H 1
| #define HAVE_SYS_STATVFS_H 1
| #define HAVE_LINUX_TYPES_H 1
| #define HAVE_LINUX_IF_ETHER_H 1
| #define HAVE_LINUX_NET_NAMESPACE_H 1
| /* end confdefs.h.  */
| #include <sys/types.h>
| #include <net/if.h>
| 
| #include <net/if_mib.h>
configure:18079: result: no
configure:18119: checking for library containing backtrace
configure:18150: gcc -std=gnu99 -o conftest -g -O2   conftest.c -lpthread -lrt -lm  >&5
configure:18150: $? = 0
configure:18167: result: none required
configure:18179: checking linux/perf_event.h usability
configure:18179: gcc -std=gnu99 -c -g -O2  conftest.c >&5
configure:18179: $? = 0
configure:18179: result: yes
configure:18179: checking linux/perf_event.h presence
configure:18179: gcc -std=gnu99 -E  conftest.c
configure:18179: $? = 0
configure:18179: result: yes
configure:18179: checking for linux/perf_event.h
configure:18179: result: yes
configure:18191: checking valgrind/valgrind.h usability
configure:18191: gcc -std=gnu99 -c -g -O2  conftest.c >&5
conftest.c:86:31: fatal error: valgrind/valgrind.h: No such file or directory
 #include <valgrind/valgrind.h>
                               ^
compilation terminated.
configure:18191: $? = 1
configure: failed program was:
| /* confdefs.h */
| #define PACKAGE_NAME "openvswitch"
| #define PACKAGE_TARNAME "openvswitch"
| #define PACKAGE_VERSION "2.10.1"
| #define PACKAGE_STRING "openvswitch 2.10.1"
| #define PACKAGE_BUGREPORT "bugs@openvswitch.org"
| #define PACKAGE_URL ""
| #define PACKAGE "openvswitch"
| #define VERSION "2.10.1"
| #define STDC_HEADERS 1
| #define HAVE_SYS_TYPES_H 1
| #define HAVE_SYS_STAT_H 1
| #define HAVE_STDLIB_H 1
| #define HAVE_STRING_H 1
| #define HAVE_MEMORY_H 1
| #define HAVE_STRINGS_H 1
| #define HAVE_INTTYPES_H 1
| #define HAVE_STDINT_H 1
| #define HAVE_UNISTD_H 1
| #define __EXTENSIONS__ 1
| #define _ALL_SOURCE 1
| #define _GNU_SOURCE 1
| #define _POSIX_PTHREAD_SEMANTICS 1
| #define _TANDEM_SOURCE 1
| #define HAVE_DLFCN_H 1
| #define LT_OBJDIR ".libs/"
| #define HAVE_DECL_STRERROR_R 1
| #define HAVE_STRERROR_R 1
| #define STRERROR_R_CHAR_P 1
| #define VSTUDIO_DDK 1
| #define HAVE_NETLINK 1
| #define HAVE_OPENSSL 1
| #define HAVE_IF_PACKET 1
| #define HAVE_DECL_SYS_SIGLIST 1
| #define HAVE_STRUCT_STAT_ST_MTIM_TV_NSEC 1
| #define HAVE_STRUCT_MMSGHDR_MSG_LEN 1
| #define HAVE_STRUCT_SOCKADDR_IN6_SIN6_SCOPE_ID 1
| #define HAVE_MLOCKALL 1
| #define HAVE_STRNLEN 1
| #define HAVE_GETLOADAVG 1
| #define HAVE_STATVFS 1
| #define HAVE_GETMNTENT_R 1
| #define HAVE_SENDMMSG 1
| #define HAVE_CLOCK_GETTIME 1
| #define HAVE_MNTENT_H 1
| #define HAVE_SYS_STATVFS_H 1
| #define HAVE_LINUX_TYPES_H 1
| #define HAVE_LINUX_IF_ETHER_H 1
| #define HAVE_LINUX_NET_NAMESPACE_H 1
| #define HAVE_BACKTRACE 1
| #define HAVE_LINUX_PERF_EVENT_H 1
| /* end confdefs.h.  */
| #include <stdio.h>
| #ifdef HAVE_SYS_TYPES_H
| # include <sys/types.h>
| #endif
| #ifdef HAVE_SYS_STAT_H
| # include <sys/stat.h>
| #endif
| #ifdef STDC_HEADERS
| # include <stdlib.h>
| # include <stddef.h>
| #else
| # ifdef HAVE_STDLIB_H
| #  include <stdlib.h>
| # endif
| #endif
| #ifdef HAVE_STRING_H
| # if !defined STDC_HEADERS && defined HAVE_MEMORY_H
| #  include <memory.h>
| # endif
| # include <string.h>
| #endif
| #ifdef HAVE_STRINGS_H
| # include <strings.h>
| #endif
| #ifdef HAVE_INTTYPES_H
| # include <inttypes.h>
| #endif
| #ifdef HAVE_STDINT_H
| # include <stdint.h>
| #endif
| #ifdef HAVE_UNISTD_H
| # include <unistd.h>
| #endif
| #include <valgrind/valgrind.h>
configure:18191: result: no
configure:18191: checking valgrind/valgrind.h presence
configure:18191: gcc -std=gnu99 -E  conftest.c
conftest.c:53:31: fatal error: valgrind/valgrind.h: No such file or directory
 #include <valgrind/valgrind.h>
                               ^
compilation terminated.
configure:18191: $? = 1
configure: failed program was:
| /* confdefs.h */
| #define PACKAGE_NAME "openvswitch"
| #define PACKAGE_TARNAME "openvswitch"
| #define PACKAGE_VERSION "2.10.1"
| #define PACKAGE_STRING "openvswitch 2.10.1"
| #define PACKAGE_BUGREPORT "bugs@openvswitch.org"
| #define PACKAGE_URL ""
| #define PACKAGE "openvswitch"
| #define VERSION "2.10.1"
| #define STDC_HEADERS 1
| #define HAVE_SYS_TYPES_H 1
| #define HAVE_SYS_STAT_H 1
| #define HAVE_STDLIB_H 1
| #define HAVE_STRING_H 1
| #define HAVE_MEMORY_H 1
| #define HAVE_STRINGS_H 1
| #define HAVE_INTTYPES_H 1
| #define HAVE_STDINT_H 1
| #define HAVE_UNISTD_H 1
| #define __EXTENSIONS__ 1
| #define _ALL_SOURCE 1
| #define _GNU_SOURCE 1
| #define _POSIX_PTHREAD_SEMANTICS 1
| #define _TANDEM_SOURCE 1
| #define HAVE_DLFCN_H 1
| #define LT_OBJDIR ".libs/"
| #define HAVE_DECL_STRERROR_R 1
| #define HAVE_STRERROR_R 1
| #define STRERROR_R_CHAR_P 1
| #define VSTUDIO_DDK 1
| #define HAVE_NETLINK 1
| #define HAVE_OPENSSL 1
| #define HAVE_IF_PACKET 1
| #define HAVE_DECL_SYS_SIGLIST 1
| #define HAVE_STRUCT_STAT_ST_MTIM_TV_NSEC 1
| #define HAVE_STRUCT_MMSGHDR_MSG_LEN 1
| #define HAVE_STRUCT_SOCKADDR_IN6_SIN6_SCOPE_ID 1
| #define HAVE_MLOCKALL 1
| #define HAVE_STRNLEN 1
| #define HAVE_GETLOADAVG 1
| #define HAVE_STATVFS 1
| #define HAVE_GETMNTENT_R 1
| #define HAVE_SENDMMSG 1
| #define HAVE_CLOCK_GETTIME 1
| #define HAVE_MNTENT_H 1
| #define HAVE_SYS_STATVFS_H 1
| #define HAVE_LINUX_TYPES_H 1
| #define HAVE_LINUX_IF_ETHER_H 1
| #define HAVE_LINUX_NET_NAMESPACE_H 1
| #define HAVE_BACKTRACE 1
| #define HAVE_LINUX_PERF_EVENT_H 1
| /* end confdefs.h.  */
| #include <valgrind/valgrind.h>
configure:18191: result: no
configure:18191: checking for valgrind/valgrind.h
configure:18191: result: no
configure:18201: checking for connect in -lsocket
configure:18226: gcc -std=gnu99 -o conftest -g -O2   conftest.c -lsocket  -lpthread -lrt -lm  >&5
/usr/bin/ld: cannot find -lsocket
collect2: error: ld returned 1 exit status
configure:18226: $? = 1
configure: failed program was:
| /* confdefs.h */
| #define PACKAGE_NAME "openvswitch"
| #define PACKAGE_TARNAME "openvswitch"
| #define PACKAGE_VERSION "2.10.1"
| #define PACKAGE_STRING "openvswitch 2.10.1"
| #define PACKAGE_BUGREPORT "bugs@openvswitch.org"
| #define PACKAGE_URL ""
| #define PACKAGE "openvswitch"
| #define VERSION "2.10.1"
| #define STDC_HEADERS 1
| #define HAVE_SYS_TYPES_H 1
| #define HAVE_SYS_STAT_H 1
| #define HAVE_STDLIB_H 1
| #define HAVE_STRING_H 1
| #define HAVE_MEMORY_H 1
| #define HAVE_STRINGS_H 1
| #define HAVE_INTTYPES_H 1
| #define HAVE_STDINT_H 1
| #define HAVE_UNISTD_H 1
| #define __EXTENSIONS__ 1
| #define _ALL_SOURCE 1
| #define _GNU_SOURCE 1
| #define _POSIX_PTHREAD_SEMANTICS 1
| #define _TANDEM_SOURCE 1
| #define HAVE_DLFCN_H 1
| #define LT_OBJDIR ".libs/"
| #define HAVE_DECL_STRERROR_R 1
| #define HAVE_STRERROR_R 1
| #define STRERROR_R_CHAR_P 1
| #define VSTUDIO_DDK 1
| #define HAVE_NETLINK 1
| #define HAVE_OPENSSL 1
| #define HAVE_IF_PACKET 1
| #define HAVE_DECL_SYS_SIGLIST 1
| #define HAVE_STRUCT_STAT_ST_MTIM_TV_NSEC 1
| #define HAVE_STRUCT_MMSGHDR_MSG_LEN 1
| #define HAVE_STRUCT_SOCKADDR_IN6_SIN6_SCOPE_ID 1
| #define HAVE_MLOCKALL 1
| #define HAVE_STRNLEN 1
| #define HAVE_GETLOADAVG 1
| #define HAVE_STATVFS 1
| #define HAVE_GETMNTENT_R 1
| #define HAVE_SENDMMSG 1
| #define HAVE_CLOCK_GETTIME 1
| #define HAVE_MNTENT_H 1
| #define HAVE_SYS_STATVFS_H 1
| #define HAVE_LINUX_TYPES_H 1
| #define HAVE_LINUX_IF_ETHER_H 1
| #define HAVE_LINUX_NET_NAMESPACE_H 1
| #define HAVE_BACKTRACE 1
| #define HAVE_LINUX_PERF_EVENT_H 1
| /* end confdefs.h.  */
| 
| /* Override any GCC internal prototype to avoid an error.
|    Use char because int might match the return type of a GCC
|    builtin and then its argument prototype would still apply.  */
| #ifdef __cplusplus
| extern "C"
| #endif
| char connect ();
| int
| main ()
| {
| return connect ();
|   ;
|   return 0;
| }
configure:18235: result: no
configure:18246: checking for library containing gethostbyname
configure:18277: gcc -std=gnu99 -o conftest -g -O2   conftest.c -lpthread -lrt -lm  >&5
configure:18277: $? = 0
configure:18294: result: none required
configure:18302: checking XenServer release
configure:18314: result: none
configure:18326: checking for groff
configure:18337: result: yes
configure:18347: checking whether gcc -std=gnu99 has <threads.h> that supports thread_local
configure:18364: gcc -std=gnu99 -o conftest -g -O2   conftest.c -lpthread -lrt -lm  >&5
conftest.c:53:21: fatal error: threads.h: No such file or directory
 #include <threads.h>
                     ^
compilation terminated.
configure:18364: $? = 1
configure: failed program was:
| /* confdefs.h */
| #define PACKAGE_NAME "openvswitch"
| #define PACKAGE_TARNAME "openvswitch"
| #define PACKAGE_VERSION "2.10.1"
| #define PACKAGE_STRING "openvswitch 2.10.1"
| #define PACKAGE_BUGREPORT "bugs@openvswitch.org"
| #define PACKAGE_URL ""
| #define PACKAGE "openvswitch"
| #define VERSION "2.10.1"
| #define STDC_HEADERS 1
| #define HAVE_SYS_TYPES_H 1
| #define HAVE_SYS_STAT_H 1
| #define HAVE_STDLIB_H 1
| #define HAVE_STRING_H 1
| #define HAVE_MEMORY_H 1
| #define HAVE_STRINGS_H 1
| #define HAVE_INTTYPES_H 1
| #define HAVE_STDINT_H 1
| #define HAVE_UNISTD_H 1
| #define __EXTENSIONS__ 1
| #define _ALL_SOURCE 1
| #define _GNU_SOURCE 1
| #define _POSIX_PTHREAD_SEMANTICS 1
| #define _TANDEM_SOURCE 1
| #define HAVE_DLFCN_H 1
| #define LT_OBJDIR ".libs/"
| #define HAVE_DECL_STRERROR_R 1
| #define HAVE_STRERROR_R 1
| #define STRERROR_R_CHAR_P 1
| #define VSTUDIO_DDK 1
| #define HAVE_NETLINK 1
| #define HAVE_OPENSSL 1
| #define HAVE_IF_PACKET 1
| #define HAVE_DECL_SYS_SIGLIST 1
| #define HAVE_STRUCT_STAT_ST_MTIM_TV_NSEC 1
| #define HAVE_STRUCT_MMSGHDR_MSG_LEN 1
| #define HAVE_STRUCT_SOCKADDR_IN6_SIN6_SCOPE_ID 1
| #define HAVE_MLOCKALL 1
| #define HAVE_STRNLEN 1
| #define HAVE_GETLOADAVG 1
| #define HAVE_STATVFS 1
| #define HAVE_GETMNTENT_R 1
| #define HAVE_SENDMMSG 1
| #define HAVE_CLOCK_GETTIME 1
| #define HAVE_MNTENT_H 1
| #define HAVE_SYS_STATVFS_H 1
| #define HAVE_LINUX_TYPES_H 1
| #define HAVE_LINUX_IF_ETHER_H 1
| #define HAVE_LINUX_NET_NAMESPACE_H 1
| #define HAVE_BACKTRACE 1
| #define HAVE_LINUX_PERF_EVENT_H 1
| /* end confdefs.h.  */
| #include <threads.h>
| static thread_local int var;
| int
| main ()
| {
| return var;
|   ;
|   return 0;
| }
configure:18372: result: no
configure:18379: checking whether gcc -std=gnu99 supports __thread
configure:18395: gcc -std=gnu99 -o conftest -g -O2   conftest.c -lpthread -lrt -lm  >&5
configure:18395: $? = 0
configure:18403: result: yes
configure:18411: checking for library containing __atomic_load_8
configure:18442: gcc -std=gnu99 -o conftest -g -O2   conftest.c -lpthread -lrt -lm  >&5
conftest.c:61:6: warning: conflicting types for built-in function '__atomic_load_8' [enabled by default]
 char __atomic_load_8 ();
      ^
/tmp/ccRDCcYN.o: In function `main':
/root/workspace/openvswitch-2.10.1/conftest.c:65: undefined reference to `__atomic_load_8'
collect2: error: ld returned 1 exit status
configure:18442: $? = 1
configure: failed program was:
| /* confdefs.h */
| #define PACKAGE_NAME "openvswitch"
| #define PACKAGE_TARNAME "openvswitch"
| #define PACKAGE_VERSION "2.10.1"
| #define PACKAGE_STRING "openvswitch 2.10.1"
| #define PACKAGE_BUGREPORT "bugs@openvswitch.org"
| #define PACKAGE_URL ""
| #define PACKAGE "openvswitch"
| #define VERSION "2.10.1"
| #define STDC_HEADERS 1
| #define HAVE_SYS_TYPES_H 1
| #define HAVE_SYS_STAT_H 1
| #define HAVE_STDLIB_H 1
| #define HAVE_STRING_H 1
| #define HAVE_MEMORY_H 1
| #define HAVE_STRINGS_H 1
| #define HAVE_INTTYPES_H 1
| #define HAVE_STDINT_H 1
| #define HAVE_UNISTD_H 1
| #define __EXTENSIONS__ 1
| #define _ALL_SOURCE 1
| #define _GNU_SOURCE 1
| #define _POSIX_PTHREAD_SEMANTICS 1
| #define _TANDEM_SOURCE 1
| #define HAVE_DLFCN_H 1
| #define LT_OBJDIR ".libs/"
| #define HAVE_DECL_STRERROR_R 1
| #define HAVE_STRERROR_R 1
| #define STRERROR_R_CHAR_P 1
| #define VSTUDIO_DDK 1
| #define HAVE_NETLINK 1
| #define HAVE_OPENSSL 1
| #define HAVE_IF_PACKET 1
| #define HAVE_DECL_SYS_SIGLIST 1
| #define HAVE_STRUCT_STAT_ST_MTIM_TV_NSEC 1
| #define HAVE_STRUCT_MMSGHDR_MSG_LEN 1
| #define HAVE_STRUCT_SOCKADDR_IN6_SIN6_SCOPE_ID 1
| #define HAVE_MLOCKALL 1
| #define HAVE_STRNLEN 1
| #define HAVE_GETLOADAVG 1
| #define HAVE_STATVFS 1
| #define HAVE_GETMNTENT_R 1
| #define HAVE_SENDMMSG 1
| #define HAVE_CLOCK_GETTIME 1
| #define HAVE_MNTENT_H 1
| #define HAVE_SYS_STATVFS_H 1
| #define HAVE_LINUX_TYPES_H 1
| #define HAVE_LINUX_IF_ETHER_H 1
| #define HAVE_LINUX_NET_NAMESPACE_H 1
| #define HAVE_BACKTRACE 1
| #define HAVE_LINUX_PERF_EVENT_H 1
| #define HAVE___THREAD 1
| /* end confdefs.h.  */
| 
| /* Override any GCC internal prototype to avoid an error.
|    Use char because int might match the return type of a GCC
|    builtin and then its argument prototype would still apply.  */
| #ifdef __cplusplus
| extern "C"
| #endif
| char __atomic_load_8 ();
| int
| main ()
| {
| return __atomic_load_8 ();
|   ;
|   return 0;
| }
configure:18442: gcc -std=gnu99 -o conftest -g -O2   conftest.c -latomic  -lpthread -lrt -lm  >&5
conftest.c:61:6: warning: conflicting types for built-in function '__atomic_load_8' [enabled by default]
 char __atomic_load_8 ();
      ^
/usr/bin/ld: cannot find /usr/lib64/libatomic.so.1.0.0
collect2: error: ld returned 1 exit status
configure:18442: $? = 1
configure: failed program was:
| /* confdefs.h */
| #define PACKAGE_NAME "openvswitch"
| #define PACKAGE_TARNAME "openvswitch"
| #define PACKAGE_VERSION "2.10.1"
| #define PACKAGE_STRING "openvswitch 2.10.1"
| #define PACKAGE_BUGREPORT "bugs@openvswitch.org"
| #define PACKAGE_URL ""
| #define PACKAGE "openvswitch"
| #define VERSION "2.10.1"
| #define STDC_HEADERS 1
| #define HAVE_SYS_TYPES_H 1
| #define HAVE_SYS_STAT_H 1
| #define HAVE_STDLIB_H 1
| #define HAVE_STRING_H 1
| #define HAVE_MEMORY_H 1
| #define HAVE_STRINGS_H 1
| #define HAVE_INTTYPES_H 1
| #define HAVE_STDINT_H 1
| #define HAVE_UNISTD_H 1
| #define __EXTENSIONS__ 1
| #define _ALL_SOURCE 1
| #define _GNU_SOURCE 1
| #define _POSIX_PTHREAD_SEMANTICS 1
| #define _TANDEM_SOURCE 1
| #define HAVE_DLFCN_H 1
| #define LT_OBJDIR ".libs/"
| #define HAVE_DECL_STRERROR_R 1
| #define HAVE_STRERROR_R 1
| #define STRERROR_R_CHAR_P 1
| #define VSTUDIO_DDK 1
| #define HAVE_NETLINK 1
| #define HAVE_OPENSSL 1
| #define HAVE_IF_PACKET 1
| #define HAVE_DECL_SYS_SIGLIST 1
| #define HAVE_STRUCT_STAT_ST_MTIM_TV_NSEC 1
| #define HAVE_STRUCT_MMSGHDR_MSG_LEN 1
| #define HAVE_STRUCT_SOCKADDR_IN6_SIN6_SCOPE_ID 1
| #define HAVE_MLOCKALL 1
| #define HAVE_STRNLEN 1
| #define HAVE_GETLOADAVG 1
| #define HAVE_STATVFS 1
| #define HAVE_GETMNTENT_R 1
| #define HAVE_SENDMMSG 1
| #define HAVE_CLOCK_GETTIME 1
| #define HAVE_MNTENT_H 1
| #define HAVE_SYS_STATVFS_H 1
| #define HAVE_LINUX_TYPES_H 1
| #define HAVE_LINUX_IF_ETHER_H 1
| #define HAVE_LINUX_NET_NAMESPACE_H 1
| #define HAVE_BACKTRACE 1
| #define HAVE_LINUX_PERF_EVENT_H 1
| #define HAVE___THREAD 1
| /* end confdefs.h.  */
| 
| /* Override any GCC internal prototype to avoid an error.
|    Use char because int might match the return type of a GCC
|    builtin and then its argument prototype would still apply.  */
| #ifdef __cplusplus
| extern "C"
| #endif
| char __atomic_load_8 ();
| int
| main ()
| {
| return __atomic_load_8 ();
|   ;
|   return 0;
| }
configure:18459: result: no
configure:18467: checking whether gcc -std=gnu99 supports GCC 4.0+ atomic built-ins
configure:18534: gcc -std=gnu99 -o conftest -g -O2   conftest.c -lpthread -lrt -lm  >&5
configure:18534: $? = 0
configure:18542: result: yes
configure:18549: checking value of __atomic_always_lock_free(1)
configure:18554: gcc -std=gnu99 -o conftest -g -O2   conftest.c -lpthread -lrt -lm  >&5
configure:18554: $? = 0
configure:18554: ./conftest
configure:18554: $? = 0
configure:18561: result: 1
configure:18570: checking value of __atomic_always_lock_free(2)
configure:18575: gcc -std=gnu99 -o conftest -g -O2   conftest.c -lpthread -lrt -lm  >&5
configure:18575: $? = 0
configure:18575: ./conftest
configure:18575: $? = 0
configure:18582: result: 1
configure:18591: checking value of __atomic_always_lock_free(4)
configure:18596: gcc -std=gnu99 -o conftest -g -O2   conftest.c -lpthread -lrt -lm  >&5
configure:18596: $? = 0
configure:18596: ./conftest
configure:18596: $? = 0
configure:18603: result: 1
configure:18612: checking value of __atomic_always_lock_free(8)
configure:18617: gcc -std=gnu99 -o conftest -g -O2   conftest.c -lpthread -lrt -lm  >&5
configure:18617: $? = 0
configure:18617: ./conftest
configure:18617: $? = 0
configure:18624: result: 1
configure:18633: checking for library containing aio_write
configure:18664: gcc -std=gnu99 -o conftest -g -O2   conftest.c -lpthread -lrt -lm  >&5
configure:18664: $? = 0
configure:18681: result: none required
configure:18699: checking for pthread_set_name_np
configure:18699: gcc -std=gnu99 -o conftest -g -O2   conftest.c -lpthread -lrt -lm  >&5
/tmp/ccklFNvg.o: In function `main':
/root/workspace/openvswitch-2.10.1/conftest.c:93: undefined reference to `pthread_set_name_np'
collect2: error: ld returned 1 exit status
configure:18699: $? = 1
configure: failed program was:
| /* confdefs.h */
| #define PACKAGE_NAME "openvswitch"
| #define PACKAGE_TARNAME "openvswitch"
| #define PACKAGE_VERSION "2.10.1"
| #define PACKAGE_STRING "openvswitch 2.10.1"
| #define PACKAGE_BUGREPORT "bugs@openvswitch.org"
| #define PACKAGE_URL ""
| #define PACKAGE "openvswitch"
| #define VERSION "2.10.1"
| #define STDC_HEADERS 1
| #define HAVE_SYS_TYPES_H 1
| #define HAVE_SYS_STAT_H 1
| #define HAVE_STDLIB_H 1
| #define HAVE_STRING_H 1
| #define HAVE_MEMORY_H 1
| #define HAVE_STRINGS_H 1
| #define HAVE_INTTYPES_H 1
| #define HAVE_STDINT_H 1
| #define HAVE_UNISTD_H 1
| #define __EXTENSIONS__ 1
| #define _ALL_SOURCE 1
| #define _GNU_SOURCE 1
| #define _POSIX_PTHREAD_SEMANTICS 1
| #define _TANDEM_SOURCE 1
| #define HAVE_DLFCN_H 1
| #define LT_OBJDIR ".libs/"
| #define HAVE_DECL_STRERROR_R 1
| #define HAVE_STRERROR_R 1
| #define STRERROR_R_CHAR_P 1
| #define VSTUDIO_DDK 1
| #define HAVE_NETLINK 1
| #define HAVE_OPENSSL 1
| #define HAVE_IF_PACKET 1
| #define HAVE_DECL_SYS_SIGLIST 1
| #define HAVE_STRUCT_STAT_ST_MTIM_TV_NSEC 1
| #define HAVE_STRUCT_MMSGHDR_MSG_LEN 1
| #define HAVE_STRUCT_SOCKADDR_IN6_SIN6_SCOPE_ID 1
| #define HAVE_MLOCKALL 1
| #define HAVE_STRNLEN 1
| #define HAVE_GETLOADAVG 1
| #define HAVE_STATVFS 1
| #define HAVE_GETMNTENT_R 1
| #define HAVE_SENDMMSG 1
| #define HAVE_CLOCK_GETTIME 1
| #define HAVE_MNTENT_H 1
| #define HAVE_SYS_STATVFS_H 1
| #define HAVE_LINUX_TYPES_H 1
| #define HAVE_LINUX_IF_ETHER_H 1
| #define HAVE_LINUX_NET_NAMESPACE_H 1
| #define HAVE_BACKTRACE 1
| #define HAVE_LINUX_PERF_EVENT_H 1
| #define HAVE___THREAD 1
| #define HAVE_GCC4_ATOMICS 1
| #define ATOMIC_ALWAYS_LOCK_FREE_1B 1
| #define ATOMIC_ALWAYS_LOCK_FREE_2B 1
| #define ATOMIC_ALWAYS_LOCK_FREE_4B 1
| #define ATOMIC_ALWAYS_LOCK_FREE_8B 1
| /* end confdefs.h.  */
| /* Define pthread_set_name_np to an innocuous variant, in case <limits.h> declares pthread_set_name_np.
|    For example, HP-UX 11i <limits.h> declares gettimeofday.  */
| #define pthread_set_name_np innocuous_pthread_set_name_np
| 
| /* System header to define __stub macros and hopefully few prototypes,
|     which can conflict with char pthread_set_name_np (); below.
|     Prefer <limits.h> to <assert.h> if __STDC__ is defined, since
|     <limits.h> exists even on freestanding compilers.  */
| 
| #ifdef __STDC__
| # include <limits.h>
| #else
| # include <assert.h>
| #endif
| 
| #undef pthread_set_name_np
| 
| /* Override any GCC internal prototype to avoid an error.
|    Use char because int might match the return type of a GCC
|    builtin and then its argument prototype would still apply.  */
| #ifdef __cplusplus
| extern "C"
| #endif
| char pthread_set_name_np ();
| /* The GNU C library defines this for functions which it implements
|     to always fail with ENOSYS.  Some functions are actually named
|     something starting with __ and the normal name is an alias.  */
| #if defined __stub_pthread_set_name_np || defined __stub___pthread_set_name_np
| choke me
| #endif
| 
| int
| main ()
| {
| return pthread_set_name_np ();
|   ;
|   return 0;
| }
configure:18699: result: no
configure:18709: checking for pthread_setname_np() variant
configure:18726: gcc -std=gnu99 -o conftest -g -O2   conftest.c -lpthread -lrt -lm  >&5
configure:18726: $? = 0
configure:18752: result: glibc
configure:18767: checking whether __linux__ is defined
configure:18783: gcc -std=gnu99 -c -g -O2  conftest.c >&5
configure:18783: $? = 0
configure:18790: result: true
configure:18800: checking linker output version information
configure:18808: result: libX-2.10.so.0.0.1)
configure:18847: checking whether g++ supports C++11 features by default
configure:19141: g++ -c   conftest.cpp >&5
./configure: line 1748: g++: command not found
configure:19141: $? = 127
configure: failed program was:
| /* confdefs.h */
| #define PACKAGE_NAME "openvswitch"
| #define PACKAGE_TARNAME "openvswitch"
| #define PACKAGE_VERSION "2.10.1"
| #define PACKAGE_STRING "openvswitch 2.10.1"
| #define PACKAGE_BUGREPORT "bugs@openvswitch.org"
| #define PACKAGE_URL ""
| #define PACKAGE "openvswitch"
| #define VERSION "2.10.1"
| #define STDC_HEADERS 1
| #define HAVE_SYS_TYPES_H 1
| #define HAVE_SYS_STAT_H 1
| #define HAVE_STDLIB_H 1
| #define HAVE_STRING_H 1
| #define HAVE_MEMORY_H 1
| #define HAVE_STRINGS_H 1
| #define HAVE_INTTYPES_H 1
| #define HAVE_STDINT_H 1
| #define HAVE_UNISTD_H 1
| #define __EXTENSIONS__ 1
| #define _ALL_SOURCE 1
| #define _GNU_SOURCE 1
| #define _POSIX_PTHREAD_SEMANTICS 1
| #define _TANDEM_SOURCE 1
| #define HAVE_DLFCN_H 1
| #define LT_OBJDIR ".libs/"
| #define HAVE_DECL_STRERROR_R 1
| #define HAVE_STRERROR_R 1
| #define STRERROR_R_CHAR_P 1
| #define VSTUDIO_DDK 1
| #define HAVE_NETLINK 1
| #define HAVE_OPENSSL 1
| #define HAVE_IF_PACKET 1
| #define HAVE_DECL_SYS_SIGLIST 1
| #define HAVE_STRUCT_STAT_ST_MTIM_TV_NSEC 1
| #define HAVE_STRUCT_MMSGHDR_MSG_LEN 1
| #define HAVE_STRUCT_SOCKADDR_IN6_SIN6_SCOPE_ID 1
| #define HAVE_MLOCKALL 1
| #define HAVE_STRNLEN 1
| #define HAVE_GETLOADAVG 1
| #define HAVE_STATVFS 1
| #define HAVE_GETMNTENT_R 1
| #define HAVE_SENDMMSG 1
| #define HAVE_CLOCK_GETTIME 1
| #define HAVE_MNTENT_H 1
| #define HAVE_SYS_STATVFS_H 1
| #define HAVE_LINUX_TYPES_H 1
| #define HAVE_LINUX_IF_ETHER_H 1
| #define HAVE_LINUX_NET_NAMESPACE_H 1
| #define HAVE_BACKTRACE 1
| #define HAVE_LINUX_PERF_EVENT_H 1
| #define HAVE___THREAD 1
| #define HAVE_GCC4_ATOMICS 1
| #define ATOMIC_ALWAYS_LOCK_FREE_1B 1
| #define ATOMIC_ALWAYS_LOCK_FREE_2B 1
| #define ATOMIC_ALWAYS_LOCK_FREE_4B 1
| #define ATOMIC_ALWAYS_LOCK_FREE_8B 1
| #define HAVE_GLIBC_PTHREAD_SETNAME_NP 1
| /* end confdefs.h.  */
| 
| 
| // If the compiler admits that it is not ready for C++11, why torture it?
| // Hopefully, this will speed up the test.
| 
| #ifndef __cplusplus
| 
| #error "This is not a C++ compiler"
| 
| #elif __cplusplus < 201103L
| 
| #error "This is not a C++11 compiler"
| 
| #else
| 
| namespace cxx11
| {
| 
|   namespace test_static_assert
|   {
| 
|     template <typename T>
|     struct check
|     {
|       static_assert(sizeof(int) <= sizeof(T), "not big enough");
|     };
| 
|   }
| 
|   namespace test_final_override
|   {
| 
|     struct Base
|     {
|       virtual void f() {}
|     };
| 
|     struct Derived : public Base
|     {
|       virtual void f() override {}
|     };
| 
|   }
| 
|   namespace test_double_right_angle_brackets
|   {
| 
|     template < typename T >
|     struct check {};
| 
|     typedef check<void> single_type;
|     typedef check<check<void>> double_type;
|     typedef check<check<check<void>>> triple_type;
|     typedef check<check<check<check<void>>>> quadruple_type;
| 
|   }
| 
|   namespace test_decltype
|   {
| 
|     int
|     f()
|     {
|       int a = 1;
|       decltype(a) b = 2;
|       return a + b;
|     }
| 
|   }
| 
|   namespace test_type_deduction
|   {
| 
|     template < typename T1, typename T2 >
|     struct is_same
|     {
|       static const bool value = false;
|     };
| 
|     template < typename T >
|     struct is_same<T, T>
|     {
|       static const bool value = true;
|     };
| 
|     template < typename T1, typename T2 >
|     auto
|     add(T1 a1, T2 a2) -> decltype(a1 + a2)
|     {
|       return a1 + a2;
|     }
| 
|     int
|     test(const int c, volatile int v)
|     {
|       static_assert(is_same<int, decltype(0)>::value == true, "");
|       static_assert(is_same<int, decltype(c)>::value == false, "");
|       static_assert(is_same<int, decltype(v)>::value == false, "");
|       auto ac = c;
|       auto av = v;
|       auto sumi = ac + av + 'x';
|       auto sumf = ac + av + 1.0;
|       static_assert(is_same<int, decltype(ac)>::value == true, "");
|       static_assert(is_same<int, decltype(av)>::value == true, "");
|       static_assert(is_same<int, decltype(sumi)>::value == true, "");
|       static_assert(is_same<int, decltype(sumf)>::value == false, "");
|       static_assert(is_same<int, decltype(add(c, v))>::value == true, "");
|       return (sumf > 0.0) ? sumi : add(c, v);
|     }
| 
|   }
| 
|   namespace test_noexcept
|   {
| 
|     int f() { return 0; }
|     int g() noexcept { return 0; }
| 
|     static_assert(noexcept(f()) == false, "");
|     static_assert(noexcept(g()) == true, "");
| 
|   }
| 
|   namespace test_constexpr
|   {
| 
|     template < typename CharT >
|     unsigned long constexpr
|     strlen_c_r(const CharT *const s, const unsigned long acc) noexcept
|     {
|       return *s ? strlen_c_r(s + 1, acc + 1) : acc;
|     }
| 
|     template < typename CharT >
|     unsigned long constexpr
|     strlen_c(const CharT *const s) noexcept
|     {
|       return strlen_c_r(s, 0UL);
|     }
| 
|     static_assert(strlen_c("") == 0UL, "");
|     static_assert(strlen_c("1") == 1UL, "");
|     static_assert(strlen_c("example") == 7UL, "");
|     static_assert(strlen_c("another\0example") == 7UL, "");
| 
|   }
| 
|   namespace test_rvalue_references
|   {
| 
|     template < int N >
|     struct answer
|     {
|       static constexpr int value = N;
|     };
| 
|     answer<1> f(int&)       { return answer<1>(); }
|     answer<2> f(const int&) { return answer<2>(); }
|     answer<3> f(int&&)      { return answer<3>(); }
| 
|     void
|     test()
|     {
|       int i = 0;
|       const int c = 0;
|       static_assert(decltype(f(i))::value == 1, "");
|       static_assert(decltype(f(c))::value == 2, "");
|       static_assert(decltype(f(0))::value == 3, "");
|     }
| 
|   }
| 
|   namespace test_uniform_initialization
|   {
| 
|     struct test
|     {
|       static const int zero {};
|       static const int one {1};
|     };
| 
|     static_assert(test::zero == 0, "");
|     static_assert(test::one == 1, "");
| 
|   }
| 
|   namespace test_lambdas
|   {
| 
|     void
|     test1()
|     {
|       auto lambda1 = [](){};
|       auto lambda2 = lambda1;
|       lambda1();
|       lambda2();
|     }
| 
|     int
|     test2()
|     {
|       auto a = [](int i, int j){ return i + j; }(1, 2);
|       auto b = []() -> int { return '0'; }();
|       auto c = [=](){ return a + b; }();
|       auto d = [&](){ return c; }();
|       auto e = [a, &b](int x) mutable {
|         const auto identity = [](int y){ return y; };
|         for (auto i = 0; i < a; ++i)
|           a += b--;
|         return x + identity(a + b);
|       }(0);
|       return a + b + c + d + e;
|     }
| 
|     int
|     test3()
|     {
|       const auto nullary = [](){ return 0; };
|       const auto unary = [](int x){ return x; };
|       using nullary_t = decltype(nullary);
|       using unary_t = decltype(unary);
|       const auto higher1st = [](nullary_t f){ return f(); };
|       const auto higher2nd = [unary](nullary_t f1){
|         return [unary, f1](unary_t f2){ return f2(unary(f1())); };
|       };
|       return higher1st(nullary) + higher2nd(nullary)(unary);
|     }
| 
|   }
| 
|   namespace test_variadic_templates
|   {
| 
|     template <int...>
|     struct sum;
| 
|     template <int N0, int... N1toN>
|     struct sum<N0, N1toN...>
|     {
|       static constexpr auto value = N0 + sum<N1toN...>::value;
|     };
| 
|     template <>
|     struct sum<>
|     {
|       static constexpr auto value = 0;
|     };
| 
|     static_assert(sum<>::value == 0, "");
|     static_assert(sum<1>::value == 1, "");
|     static_assert(sum<23>::value == 23, "");
|     static_assert(sum<1, 2>::value == 3, "");
|     static_assert(sum<5, 5, 11>::value == 21, "");
|     static_assert(sum<2, 3, 5, 7, 11, 13>::value == 41, "");
| 
|   }
| 
|   // http://stackoverflow.com/questions/13728184/template-aliases-and-sfinae
|   // Clang 3.1 fails with headers of libstd++ 4.8.3 when using std::function
|   // because of this.
|   namespace test_template_alias_sfinae
|   {
| 
|     struct foo {};
| 
|     template<typename T>
|     using member = typename T::member_type;
| 
|     template<typename T>
|     void func(...) {}
| 
|     template<typename T>
|     void func(member<T>*) {}
| 
|     void test();
| 
|     void test() { func<foo>(0); }
| 
|   }
| 
| }  // namespace cxx11
| 
| #endif  // __cplusplus >= 201103L
| 
| 
| 
configure:19148: result: no
configure:19158: checking whether g++ supports C++11 features with -std=gnu++11
configure:19454: g++ -std=gnu++11 -c   conftest.cpp >&5
./configure: line 1748: g++: command not found
configure:19454: $? = 127
configure: failed program was:
| /* confdefs.h */
| #define PACKAGE_NAME "openvswitch"
| #define PACKAGE_TARNAME "openvswitch"
| #define PACKAGE_VERSION "2.10.1"
| #define PACKAGE_STRING "openvswitch 2.10.1"
| #define PACKAGE_BUGREPORT "bugs@openvswitch.org"
| #define PACKAGE_URL ""
| #define PACKAGE "openvswitch"
| #define VERSION "2.10.1"
| #define STDC_HEADERS 1
| #define HAVE_SYS_TYPES_H 1
| #define HAVE_SYS_STAT_H 1
| #define HAVE_STDLIB_H 1
| #define HAVE_STRING_H 1
| #define HAVE_MEMORY_H 1
| #define HAVE_STRINGS_H 1
| #define HAVE_INTTYPES_H 1
| #define HAVE_STDINT_H 1
| #define HAVE_UNISTD_H 1
| #define __EXTENSIONS__ 1
| #define _ALL_SOURCE 1
| #define _GNU_SOURCE 1
| #define _POSIX_PTHREAD_SEMANTICS 1
| #define _TANDEM_SOURCE 1
| #define HAVE_DLFCN_H 1
| #define LT_OBJDIR ".libs/"
| #define HAVE_DECL_STRERROR_R 1
| #define HAVE_STRERROR_R 1
| #define STRERROR_R_CHAR_P 1
| #define VSTUDIO_DDK 1
| #define HAVE_NETLINK 1
| #define HAVE_OPENSSL 1
| #define HAVE_IF_PACKET 1
| #define HAVE_DECL_SYS_SIGLIST 1
| #define HAVE_STRUCT_STAT_ST_MTIM_TV_NSEC 1
| #define HAVE_STRUCT_MMSGHDR_MSG_LEN 1
| #define HAVE_STRUCT_SOCKADDR_IN6_SIN6_SCOPE_ID 1
| #define HAVE_MLOCKALL 1
| #define HAVE_STRNLEN 1
| #define HAVE_GETLOADAVG 1
| #define HAVE_STATVFS 1
| #define HAVE_GETMNTENT_R 1
| #define HAVE_SENDMMSG 1
| #define HAVE_CLOCK_GETTIME 1
| #define HAVE_MNTENT_H 1
| #define HAVE_SYS_STATVFS_H 1
| #define HAVE_LINUX_TYPES_H 1
| #define HAVE_LINUX_IF_ETHER_H 1
| #define HAVE_LINUX_NET_NAMESPACE_H 1
| #define HAVE_BACKTRACE 1
| #define HAVE_LINUX_PERF_EVENT_H 1
| #define HAVE___THREAD 1
| #define HAVE_GCC4_ATOMICS 1
| #define ATOMIC_ALWAYS_LOCK_FREE_1B 1
| #define ATOMIC_ALWAYS_LOCK_FREE_2B 1
| #define ATOMIC_ALWAYS_LOCK_FREE_4B 1
| #define ATOMIC_ALWAYS_LOCK_FREE_8B 1
| #define HAVE_GLIBC_PTHREAD_SETNAME_NP 1
| /* end confdefs.h.  */
| 
| 
| // If the compiler admits that it is not ready for C++11, why torture it?
| // Hopefully, this will speed up the test.
| 
| #ifndef __cplusplus
| 
| #error "This is not a C++ compiler"
| 
| #elif __cplusplus < 201103L
| 
| #error "This is not a C++11 compiler"
| 
| #else
| 
| namespace cxx11
| {
| 
|   namespace test_static_assert
|   {
| 
|     template <typename T>
|     struct check
|     {
|       static_assert(sizeof(int) <= sizeof(T), "not big enough");
|     };
| 
|   }
| 
|   namespace test_final_override
|   {
| 
|     struct Base
|     {
|       virtual void f() {}
|     };
| 
|     struct Derived : public Base
|     {
|       virtual void f() override {}
|     };
| 
|   }
| 
|   namespace test_double_right_angle_brackets
|   {
| 
|     template < typename T >
|     struct check {};
| 
|     typedef check<void> single_type;
|     typedef check<check<void>> double_type;
|     typedef check<check<check<void>>> triple_type;
|     typedef check<check<check<check<void>>>> quadruple_type;
| 
|   }
| 
|   namespace test_decltype
|   {
| 
|     int
|     f()
|     {
|       int a = 1;
|       decltype(a) b = 2;
|       return a + b;
|     }
| 
|   }
| 
|   namespace test_type_deduction
|   {
| 
|     template < typename T1, typename T2 >
|     struct is_same
|     {
|       static const bool value = false;
|     };
| 
|     template < typename T >
|     struct is_same<T, T>
|     {
|       static const bool value = true;
|     };
| 
|     template < typename T1, typename T2 >
|     auto
|     add(T1 a1, T2 a2) -> decltype(a1 + a2)
|     {
|       return a1 + a2;
|     }
| 
|     int
|     test(const int c, volatile int v)
|     {
|       static_assert(is_same<int, decltype(0)>::value == true, "");
|       static_assert(is_same<int, decltype(c)>::value == false, "");
|       static_assert(is_same<int, decltype(v)>::value == false, "");
|       auto ac = c;
|       auto av = v;
|       auto sumi = ac + av + 'x';
|       auto sumf = ac + av + 1.0;
|       static_assert(is_same<int, decltype(ac)>::value == true, "");
|       static_assert(is_same<int, decltype(av)>::value == true, "");
|       static_assert(is_same<int, decltype(sumi)>::value == true, "");
|       static_assert(is_same<int, decltype(sumf)>::value == false, "");
|       static_assert(is_same<int, decltype(add(c, v))>::value == true, "");
|       return (sumf > 0.0) ? sumi : add(c, v);
|     }
| 
|   }
| 
|   namespace test_noexcept
|   {
| 
|     int f() { return 0; }
|     int g() noexcept { return 0; }
| 
|     static_assert(noexcept(f()) == false, "");
|     static_assert(noexcept(g()) == true, "");
| 
|   }
| 
|   namespace test_constexpr
|   {
| 
|     template < typename CharT >
|     unsigned long constexpr
|     strlen_c_r(const CharT *const s, const unsigned long acc) noexcept
|     {
|       return *s ? strlen_c_r(s + 1, acc + 1) : acc;
|     }
| 
|     template < typename CharT >
|     unsigned long constexpr
|     strlen_c(const CharT *const s) noexcept
|     {
|       return strlen_c_r(s, 0UL);
|     }
| 
|     static_assert(strlen_c("") == 0UL, "");
|     static_assert(strlen_c("1") == 1UL, "");
|     static_assert(strlen_c("example") == 7UL, "");
|     static_assert(strlen_c("another\0example") == 7UL, "");
| 
|   }
| 
|   namespace test_rvalue_references
|   {
| 
|     template < int N >
|     struct answer
|     {
|       static constexpr int value = N;
|     };
| 
|     answer<1> f(int&)       { return answer<1>(); }
|     answer<2> f(const int&) { return answer<2>(); }
|     answer<3> f(int&&)      { return answer<3>(); }
| 
|     void
|     test()
|     {
|       int i = 0;
|       const int c = 0;
|       static_assert(decltype(f(i))::value == 1, "");
|       static_assert(decltype(f(c))::value == 2, "");
|       static_assert(decltype(f(0))::value == 3, "");
|     }
| 
|   }
| 
|   namespace test_uniform_initialization
|   {
| 
|     struct test
|     {
|       static const int zero {};
|       static const int one {1};
|     };
| 
|     static_assert(test::zero == 0, "");
|     static_assert(test::one == 1, "");
| 
|   }
| 
|   namespace test_lambdas
|   {
| 
|     void
|     test1()
|     {
|       auto lambda1 = [](){};
|       auto lambda2 = lambda1;
|       lambda1();
|       lambda2();
|     }
| 
|     int
|     test2()
|     {
|       auto a = [](int i, int j){ return i + j; }(1, 2);
|       auto b = []() -> int { return '0'; }();
|       auto c = [=](){ return a + b; }();
|       auto d = [&](){ return c; }();
|       auto e = [a, &b](int x) mutable {
|         const auto identity = [](int y){ return y; };
|         for (auto i = 0; i < a; ++i)
|           a += b--;
|         return x + identity(a + b);
|       }(0);
|       return a + b + c + d + e;
|     }
| 
|     int
|     test3()
|     {
|       const auto nullary = [](){ return 0; };
|       const auto unary = [](int x){ return x; };
|       using nullary_t = decltype(nullary);
|       using unary_t = decltype(unary);
|       const auto higher1st = [](nullary_t f){ return f(); };
|       const auto higher2nd = [unary](nullary_t f1){
|         return [unary, f1](unary_t f2){ return f2(unary(f1())); };
|       };
|       return higher1st(nullary) + higher2nd(nullary)(unary);
|     }
| 
|   }
| 
|   namespace test_variadic_templates
|   {
| 
|     template <int...>
|     struct sum;
| 
|     template <int N0, int... N1toN>
|     struct sum<N0, N1toN...>
|     {
|       static constexpr auto value = N0 + sum<N1toN...>::value;
|     };
| 
|     template <>
|     struct sum<>
|     {
|       static constexpr auto value = 0;
|     };
| 
|     static_assert(sum<>::value == 0, "");
|     static_assert(sum<1>::value == 1, "");
|     static_assert(sum<23>::value == 23, "");
|     static_assert(sum<1, 2>::value == 3, "");
|     static_assert(sum<5, 5, 11>::value == 21, "");
|     static_assert(sum<2, 3, 5, 7, 11, 13>::value == 41, "");
| 
|   }
| 
|   // http://stackoverflow.com/questions/13728184/template-aliases-and-sfinae
|   // Clang 3.1 fails with headers of libstd++ 4.8.3 when using std::function
|   // because of this.
|   namespace test_template_alias_sfinae
|   {
| 
|     struct foo {};
| 
|     template<typename T>
|     using member = typename T::member_type;
| 
|     template<typename T>
|     void func(...) {}
| 
|     template<typename T>
|     void func(member<T>*) {}
| 
|     void test();
| 
|     void test() { func<foo>(0); }
| 
|   }
| 
| }  // namespace cxx11
| 
| #endif  // __cplusplus >= 201103L
| 
| 
| 
configure:19463: result: no
configure:19158: checking whether g++ supports C++11 features with -std=gnu++0x
configure:19454: g++ -std=gnu++0x -c   conftest.cpp >&5
./configure: line 1748: g++: command not found
configure:19454: $? = 127
configure: failed program was:
| /* confdefs.h */
| #define PACKAGE_NAME "openvswitch"
| #define PACKAGE_TARNAME "openvswitch"
| #define PACKAGE_VERSION "2.10.1"
| #define PACKAGE_STRING "openvswitch 2.10.1"
| #define PACKAGE_BUGREPORT "bugs@openvswitch.org"
| #define PACKAGE_URL ""
| #define PACKAGE "openvswitch"
| #define VERSION "2.10.1"
| #define STDC_HEADERS 1
| #define HAVE_SYS_TYPES_H 1
| #define HAVE_SYS_STAT_H 1
| #define HAVE_STDLIB_H 1
| #define HAVE_STRING_H 1
| #define HAVE_MEMORY_H 1
| #define HAVE_STRINGS_H 1
| #define HAVE_INTTYPES_H 1
| #define HAVE_STDINT_H 1
| #define HAVE_UNISTD_H 1
| #define __EXTENSIONS__ 1
| #define _ALL_SOURCE 1
| #define _GNU_SOURCE 1
| #define _POSIX_PTHREAD_SEMANTICS 1
| #define _TANDEM_SOURCE 1
| #define HAVE_DLFCN_H 1
| #define LT_OBJDIR ".libs/"
| #define HAVE_DECL_STRERROR_R 1
| #define HAVE_STRERROR_R 1
| #define STRERROR_R_CHAR_P 1
| #define VSTUDIO_DDK 1
| #define HAVE_NETLINK 1
| #define HAVE_OPENSSL 1
| #define HAVE_IF_PACKET 1
| #define HAVE_DECL_SYS_SIGLIST 1
| #define HAVE_STRUCT_STAT_ST_MTIM_TV_NSEC 1
| #define HAVE_STRUCT_MMSGHDR_MSG_LEN 1
| #define HAVE_STRUCT_SOCKADDR_IN6_SIN6_SCOPE_ID 1
| #define HAVE_MLOCKALL 1
| #define HAVE_STRNLEN 1
| #define HAVE_GETLOADAVG 1
| #define HAVE_STATVFS 1
| #define HAVE_GETMNTENT_R 1
| #define HAVE_SENDMMSG 1
| #define HAVE_CLOCK_GETTIME 1
| #define HAVE_MNTENT_H 1
| #define HAVE_SYS_STATVFS_H 1
| #define HAVE_LINUX_TYPES_H 1
| #define HAVE_LINUX_IF_ETHER_H 1
| #define HAVE_LINUX_NET_NAMESPACE_H 1
| #define HAVE_BACKTRACE 1
| #define HAVE_LINUX_PERF_EVENT_H 1
| #define HAVE___THREAD 1
| #define HAVE_GCC4_ATOMICS 1
| #define ATOMIC_ALWAYS_LOCK_FREE_1B 1
| #define ATOMIC_ALWAYS_LOCK_FREE_2B 1
| #define ATOMIC_ALWAYS_LOCK_FREE_4B 1
| #define ATOMIC_ALWAYS_LOCK_FREE_8B 1
| #define HAVE_GLIBC_PTHREAD_SETNAME_NP 1
| /* end confdefs.h.  */
| 
| 
| // If the compiler admits that it is not ready for C++11, why torture it?
| // Hopefully, this will speed up the test.
| 
| #ifndef __cplusplus
| 
| #error "This is not a C++ compiler"
| 
| #elif __cplusplus < 201103L
| 
| #error "This is not a C++11 compiler"
| 
| #else
| 
| namespace cxx11
| {
| 
|   namespace test_static_assert
|   {
| 
|     template <typename T>
|     struct check
|     {
|       static_assert(sizeof(int) <= sizeof(T), "not big enough");
|     };
| 
|   }
| 
|   namespace test_final_override
|   {
| 
|     struct Base
|     {
|       virtual void f() {}
|     };
| 
|     struct Derived : public Base
|     {
|       virtual void f() override {}
|     };
| 
|   }
| 
|   namespace test_double_right_angle_brackets
|   {
| 
|     template < typename T >
|     struct check {};
| 
|     typedef check<void> single_type;
|     typedef check<check<void>> double_type;
|     typedef check<check<check<void>>> triple_type;
|     typedef check<check<check<check<void>>>> quadruple_type;
| 
|   }
| 
|   namespace test_decltype
|   {
| 
|     int
|     f()
|     {
|       int a = 1;
|       decltype(a) b = 2;
|       return a + b;
|     }
| 
|   }
| 
|   namespace test_type_deduction
|   {
| 
|     template < typename T1, typename T2 >
|     struct is_same
|     {
|       static const bool value = false;
|     };
| 
|     template < typename T >
|     struct is_same<T, T>
|     {
|       static const bool value = true;
|     };
| 
|     template < typename T1, typename T2 >
|     auto
|     add(T1 a1, T2 a2) -> decltype(a1 + a2)
|     {
|       return a1 + a2;
|     }
| 
|     int
|     test(const int c, volatile int v)
|     {
|       static_assert(is_same<int, decltype(0)>::value == true, "");
|       static_assert(is_same<int, decltype(c)>::value == false, "");
|       static_assert(is_same<int, decltype(v)>::value == false, "");
|       auto ac = c;
|       auto av = v;
|       auto sumi = ac + av + 'x';
|       auto sumf = ac + av + 1.0;
|       static_assert(is_same<int, decltype(ac)>::value == true, "");
|       static_assert(is_same<int, decltype(av)>::value == true, "");
|       static_assert(is_same<int, decltype(sumi)>::value == true, "");
|       static_assert(is_same<int, decltype(sumf)>::value == false, "");
|       static_assert(is_same<int, decltype(add(c, v))>::value == true, "");
|       return (sumf > 0.0) ? sumi : add(c, v);
|     }
| 
|   }
| 
|   namespace test_noexcept
|   {
| 
|     int f() { return 0; }
|     int g() noexcept { return 0; }
| 
|     static_assert(noexcept(f()) == false, "");
|     static_assert(noexcept(g()) == true, "");
| 
|   }
| 
|   namespace test_constexpr
|   {
| 
|     template < typename CharT >
|     unsigned long constexpr
|     strlen_c_r(const CharT *const s, const unsigned long acc) noexcept
|     {
|       return *s ? strlen_c_r(s + 1, acc + 1) : acc;
|     }
| 
|     template < typename CharT >
|     unsigned long constexpr
|     strlen_c(const CharT *const s) noexcept
|     {
|       return strlen_c_r(s, 0UL);
|     }
| 
|     static_assert(strlen_c("") == 0UL, "");
|     static_assert(strlen_c("1") == 1UL, "");
|     static_assert(strlen_c("example") == 7UL, "");
|     static_assert(strlen_c("another\0example") == 7UL, "");
| 
|   }
| 
|   namespace test_rvalue_references
|   {
| 
|     template < int N >
|     struct answer
|     {
|       static constexpr int value = N;
|     };
| 
|     answer<1> f(int&)       { return answer<1>(); }
|     answer<2> f(const int&) { return answer<2>(); }
|     answer<3> f(int&&)      { return answer<3>(); }
| 
|     void
|     test()
|     {
|       int i = 0;
|       const int c = 0;
|       static_assert(decltype(f(i))::value == 1, "");
|       static_assert(decltype(f(c))::value == 2, "");
|       static_assert(decltype(f(0))::value == 3, "");
|     }
| 
|   }
| 
|   namespace test_uniform_initialization
|   {
| 
|     struct test
|     {
|       static const int zero {};
|       static const int one {1};
|     };
| 
|     static_assert(test::zero == 0, "");
|     static_assert(test::one == 1, "");
| 
|   }
| 
|   namespace test_lambdas
|   {
| 
|     void
|     test1()
|     {
|       auto lambda1 = [](){};
|       auto lambda2 = lambda1;
|       lambda1();
|       lambda2();
|     }
| 
|     int
|     test2()
|     {
|       auto a = [](int i, int j){ return i + j; }(1, 2);
|       auto b = []() -> int { return '0'; }();
|       auto c = [=](){ return a + b; }();
|       auto d = [&](){ return c; }();
|       auto e = [a, &b](int x) mutable {
|         const auto identity = [](int y){ return y; };
|         for (auto i = 0; i < a; ++i)
|           a += b--;
|         return x + identity(a + b);
|       }(0);
|       return a + b + c + d + e;
|     }
| 
|     int
|     test3()
|     {
|       const auto nullary = [](){ return 0; };
|       const auto unary = [](int x){ return x; };
|       using nullary_t = decltype(nullary);
|       using unary_t = decltype(unary);
|       const auto higher1st = [](nullary_t f){ return f(); };
|       const auto higher2nd = [unary](nullary_t f1){
|         return [unary, f1](unary_t f2){ return f2(unary(f1())); };
|       };
|       return higher1st(nullary) + higher2nd(nullary)(unary);
|     }
| 
|   }
| 
|   namespace test_variadic_templates
|   {
| 
|     template <int...>
|     struct sum;
| 
|     template <int N0, int... N1toN>
|     struct sum<N0, N1toN...>
|     {
|       static constexpr auto value = N0 + sum<N1toN...>::value;
|     };
| 
|     template <>
|     struct sum<>
|     {
|       static constexpr auto value = 0;
|     };
| 
|     static_assert(sum<>::value == 0, "");
|     static_assert(sum<1>::value == 1, "");
|     static_assert(sum<23>::value == 23, "");
|     static_assert(sum<1, 2>::value == 3, "");
|     static_assert(sum<5, 5, 11>::value == 21, "");
|     static_assert(sum<2, 3, 5, 7, 11, 13>::value == 41, "");
| 
|   }
| 
|   // http://stackoverflow.com/questions/13728184/template-aliases-and-sfinae
|   // Clang 3.1 fails with headers of libstd++ 4.8.3 when using std::function
|   // because of this.
|   namespace test_template_alias_sfinae
|   {
| 
|     struct foo {};
| 
|     template<typename T>
|     using member = typename T::member_type;
| 
|     template<typename T>
|     void func(...) {}
| 
|     template<typename T>
|     void func(member<T>*) {}
| 
|     void test();
| 
|     void test() { func<foo>(0); }
| 
|   }
| 
| }  // namespace cxx11
| 
| #endif  // __cplusplus >= 201103L
| 
| 
| 
configure:19463: result: no
configure:19480: checking whether g++ supports C++11 features with -std=c++11
configure:19776: g++ -std=c++11 -c   conftest.cpp >&5
./configure: line 1748: g++: command not found
configure:19776: $? = 127
configure: failed program was:
| /* confdefs.h */
| #define PACKAGE_NAME "openvswitch"
| #define PACKAGE_TARNAME "openvswitch"
| #define PACKAGE_VERSION "2.10.1"
| #define PACKAGE_STRING "openvswitch 2.10.1"
| #define PACKAGE_BUGREPORT "bugs@openvswitch.org"
| #define PACKAGE_URL ""
| #define PACKAGE "openvswitch"
| #define VERSION "2.10.1"
| #define STDC_HEADERS 1
| #define HAVE_SYS_TYPES_H 1
| #define HAVE_SYS_STAT_H 1
| #define HAVE_STDLIB_H 1
| #define HAVE_STRING_H 1
| #define HAVE_MEMORY_H 1
| #define HAVE_STRINGS_H 1
| #define HAVE_INTTYPES_H 1
| #define HAVE_STDINT_H 1
| #define HAVE_UNISTD_H 1
| #define __EXTENSIONS__ 1
| #define _ALL_SOURCE 1
| #define _GNU_SOURCE 1
| #define _POSIX_PTHREAD_SEMANTICS 1
| #define _TANDEM_SOURCE 1
| #define HAVE_DLFCN_H 1
| #define LT_OBJDIR ".libs/"
| #define HAVE_DECL_STRERROR_R 1
| #define HAVE_STRERROR_R 1
| #define STRERROR_R_CHAR_P 1
| #define VSTUDIO_DDK 1
| #define HAVE_NETLINK 1
| #define HAVE_OPENSSL 1
| #define HAVE_IF_PACKET 1
| #define HAVE_DECL_SYS_SIGLIST 1
| #define HAVE_STRUCT_STAT_ST_MTIM_TV_NSEC 1
| #define HAVE_STRUCT_MMSGHDR_MSG_LEN 1
| #define HAVE_STRUCT_SOCKADDR_IN6_SIN6_SCOPE_ID 1
| #define HAVE_MLOCKALL 1
| #define HAVE_STRNLEN 1
| #define HAVE_GETLOADAVG 1
| #define HAVE_STATVFS 1
| #define HAVE_GETMNTENT_R 1
| #define HAVE_SENDMMSG 1
| #define HAVE_CLOCK_GETTIME 1
| #define HAVE_MNTENT_H 1
| #define HAVE_SYS_STATVFS_H 1
| #define HAVE_LINUX_TYPES_H 1
| #define HAVE_LINUX_IF_ETHER_H 1
| #define HAVE_LINUX_NET_NAMESPACE_H 1
| #define HAVE_BACKTRACE 1
| #define HAVE_LINUX_PERF_EVENT_H 1
| #define HAVE___THREAD 1
| #define HAVE_GCC4_ATOMICS 1
| #define ATOMIC_ALWAYS_LOCK_FREE_1B 1
| #define ATOMIC_ALWAYS_LOCK_FREE_2B 1
| #define ATOMIC_ALWAYS_LOCK_FREE_4B 1
| #define ATOMIC_ALWAYS_LOCK_FREE_8B 1
| #define HAVE_GLIBC_PTHREAD_SETNAME_NP 1
| /* end confdefs.h.  */
| 
| 
| // If the compiler admits that it is not ready for C++11, why torture it?
| // Hopefully, this will speed up the test.
| 
| #ifndef __cplusplus
| 
| #error "This is not a C++ compiler"
| 
| #elif __cplusplus < 201103L
| 
| #error "This is not a C++11 compiler"
| 
| #else
| 
| namespace cxx11
| {
| 
|   namespace test_static_assert
|   {
| 
|     template <typename T>
|     struct check
|     {
|       static_assert(sizeof(int) <= sizeof(T), "not big enough");
|     };
| 
|   }
| 
|   namespace test_final_override
|   {
| 
|     struct Base
|     {
|       virtual void f() {}
|     };
| 
|     struct Derived : public Base
|     {
|       virtual void f() override {}
|     };
| 
|   }
| 
|   namespace test_double_right_angle_brackets
|   {
| 
|     template < typename T >
|     struct check {};
| 
|     typedef check<void> single_type;
|     typedef check<check<void>> double_type;
|     typedef check<check<check<void>>> triple_type;
|     typedef check<check<check<check<void>>>> quadruple_type;
| 
|   }
| 
|   namespace test_decltype
|   {
| 
|     int
|     f()
|     {
|       int a = 1;
|       decltype(a) b = 2;
|       return a + b;
|     }
| 
|   }
| 
|   namespace test_type_deduction
|   {
| 
|     template < typename T1, typename T2 >
|     struct is_same
|     {
|       static const bool value = false;
|     };
| 
|     template < typename T >
|     struct is_same<T, T>
|     {
|       static const bool value = true;
|     };
| 
|     template < typename T1, typename T2 >
|     auto
|     add(T1 a1, T2 a2) -> decltype(a1 + a2)
|     {
|       return a1 + a2;
|     }
| 
|     int
|     test(const int c, volatile int v)
|     {
|       static_assert(is_same<int, decltype(0)>::value == true, "");
|       static_assert(is_same<int, decltype(c)>::value == false, "");
|       static_assert(is_same<int, decltype(v)>::value == false, "");
|       auto ac = c;
|       auto av = v;
|       auto sumi = ac + av + 'x';
|       auto sumf = ac + av + 1.0;
|       static_assert(is_same<int, decltype(ac)>::value == true, "");
|       static_assert(is_same<int, decltype(av)>::value == true, "");
|       static_assert(is_same<int, decltype(sumi)>::value == true, "");
|       static_assert(is_same<int, decltype(sumf)>::value == false, "");
|       static_assert(is_same<int, decltype(add(c, v))>::value == true, "");
|       return (sumf > 0.0) ? sumi : add(c, v);
|     }
| 
|   }
| 
|   namespace test_noexcept
|   {
| 
|     int f() { return 0; }
|     int g() noexcept { return 0; }
| 
|     static_assert(noexcept(f()) == false, "");
|     static_assert(noexcept(g()) == true, "");
| 
|   }
| 
|   namespace test_constexpr
|   {
| 
|     template < typename CharT >
|     unsigned long constexpr
|     strlen_c_r(const CharT *const s, const unsigned long acc) noexcept
|     {
|       return *s ? strlen_c_r(s + 1, acc + 1) : acc;
|     }
| 
|     template < typename CharT >
|     unsigned long constexpr
|     strlen_c(const CharT *const s) noexcept
|     {
|       return strlen_c_r(s, 0UL);
|     }
| 
|     static_assert(strlen_c("") == 0UL, "");
|     static_assert(strlen_c("1") == 1UL, "");
|     static_assert(strlen_c("example") == 7UL, "");
|     static_assert(strlen_c("another\0example") == 7UL, "");
| 
|   }
| 
|   namespace test_rvalue_references
|   {
| 
|     template < int N >
|     struct answer
|     {
|       static constexpr int value = N;
|     };
| 
|     answer<1> f(int&)       { return answer<1>(); }
|     answer<2> f(const int&) { return answer<2>(); }
|     answer<3> f(int&&)      { return answer<3>(); }
| 
|     void
|     test()
|     {
|       int i = 0;
|       const int c = 0;
|       static_assert(decltype(f(i))::value == 1, "");
|       static_assert(decltype(f(c))::value == 2, "");
|       static_assert(decltype(f(0))::value == 3, "");
|     }
| 
|   }
| 
|   namespace test_uniform_initialization
|   {
| 
|     struct test
|     {
|       static const int zero {};
|       static const int one {1};
|     };
| 
|     static_assert(test::zero == 0, "");
|     static_assert(test::one == 1, "");
| 
|   }
| 
|   namespace test_lambdas
|   {
| 
|     void
|     test1()
|     {
|       auto lambda1 = [](){};
|       auto lambda2 = lambda1;
|       lambda1();
|       lambda2();
|     }
| 
|     int
|     test2()
|     {
|       auto a = [](int i, int j){ return i + j; }(1, 2);
|       auto b = []() -> int { return '0'; }();
|       auto c = [=](){ return a + b; }();
|       auto d = [&](){ return c; }();
|       auto e = [a, &b](int x) mutable {
|         const auto identity = [](int y){ return y; };
|         for (auto i = 0; i < a; ++i)
|           a += b--;
|         return x + identity(a + b);
|       }(0);
|       return a + b + c + d + e;
|     }
| 
|     int
|     test3()
|     {
|       const auto nullary = [](){ return 0; };
|       const auto unary = [](int x){ return x; };
|       using nullary_t = decltype(nullary);
|       using unary_t = decltype(unary);
|       const auto higher1st = [](nullary_t f){ return f(); };
|       const auto higher2nd = [unary](nullary_t f1){
|         return [unary, f1](unary_t f2){ return f2(unary(f1())); };
|       };
|       return higher1st(nullary) + higher2nd(nullary)(unary);
|     }
| 
|   }
| 
|   namespace test_variadic_templates
|   {
| 
|     template <int...>
|     struct sum;
| 
|     template <int N0, int... N1toN>
|     struct sum<N0, N1toN...>
|     {
|       static constexpr auto value = N0 + sum<N1toN...>::value;
|     };
| 
|     template <>
|     struct sum<>
|     {
|       static constexpr auto value = 0;
|     };
| 
|     static_assert(sum<>::value == 0, "");
|     static_assert(sum<1>::value == 1, "");
|     static_assert(sum<23>::value == 23, "");
|     static_assert(sum<1, 2>::value == 3, "");
|     static_assert(sum<5, 5, 11>::value == 21, "");
|     static_assert(sum<2, 3, 5, 7, 11, 13>::value == 41, "");
| 
|   }
| 
|   // http://stackoverflow.com/questions/13728184/template-aliases-and-sfinae
|   // Clang 3.1 fails with headers of libstd++ 4.8.3 when using std::function
|   // because of this.
|   namespace test_template_alias_sfinae
|   {
| 
|     struct foo {};
| 
|     template<typename T>
|     using member = typename T::member_type;
| 
|     template<typename T>
|     void func(...) {}
| 
|     template<typename T>
|     void func(member<T>*) {}
| 
|     void test();
| 
|     void test() { func<foo>(0); }
| 
|   }
| 
| }  // namespace cxx11
| 
| #endif  // __cplusplus >= 201103L
| 
| 
| 
configure:19785: result: no
configure:19480: checking whether g++ supports C++11 features with +std=c++11
configure:19776: g++ +std=c++11 -c   conftest.cpp >&5
./configure: line 1748: g++: command not found
configure:19776: $? = 127
configure: failed program was:
| /* confdefs.h */
| #define PACKAGE_NAME "openvswitch"
| #define PACKAGE_TARNAME "openvswitch"
| #define PACKAGE_VERSION "2.10.1"
| #define PACKAGE_STRING "openvswitch 2.10.1"
| #define PACKAGE_BUGREPORT "bugs@openvswitch.org"
| #define PACKAGE_URL ""
| #define PACKAGE "openvswitch"
| #define VERSION "2.10.1"
| #define STDC_HEADERS 1
| #define HAVE_SYS_TYPES_H 1
| #define HAVE_SYS_STAT_H 1
| #define HAVE_STDLIB_H 1
| #define HAVE_STRING_H 1
| #define HAVE_MEMORY_H 1
| #define HAVE_STRINGS_H 1
| #define HAVE_INTTYPES_H 1
| #define HAVE_STDINT_H 1
| #define HAVE_UNISTD_H 1
| #define __EXTENSIONS__ 1
| #define _ALL_SOURCE 1
| #define _GNU_SOURCE 1
| #define _POSIX_PTHREAD_SEMANTICS 1
| #define _TANDEM_SOURCE 1
| #define HAVE_DLFCN_H 1
| #define LT_OBJDIR ".libs/"
| #define HAVE_DECL_STRERROR_R 1
| #define HAVE_STRERROR_R 1
| #define STRERROR_R_CHAR_P 1
| #define VSTUDIO_DDK 1
| #define HAVE_NETLINK 1
| #define HAVE_OPENSSL 1
| #define HAVE_IF_PACKET 1
| #define HAVE_DECL_SYS_SIGLIST 1
| #define HAVE_STRUCT_STAT_ST_MTIM_TV_NSEC 1
| #define HAVE_STRUCT_MMSGHDR_MSG_LEN 1
| #define HAVE_STRUCT_SOCKADDR_IN6_SIN6_SCOPE_ID 1
| #define HAVE_MLOCKALL 1
| #define HAVE_STRNLEN 1
| #define HAVE_GETLOADAVG 1
| #define HAVE_STATVFS 1
| #define HAVE_GETMNTENT_R 1
| #define HAVE_SENDMMSG 1
| #define HAVE_CLOCK_GETTIME 1
| #define HAVE_MNTENT_H 1
| #define HAVE_SYS_STATVFS_H 1
| #define HAVE_LINUX_TYPES_H 1
| #define HAVE_LINUX_IF_ETHER_H 1
| #define HAVE_LINUX_NET_NAMESPACE_H 1
| #define HAVE_BACKTRACE 1
| #define HAVE_LINUX_PERF_EVENT_H 1
| #define HAVE___THREAD 1
| #define HAVE_GCC4_ATOMICS 1
| #define ATOMIC_ALWAYS_LOCK_FREE_1B 1
| #define ATOMIC_ALWAYS_LOCK_FREE_2B 1
| #define ATOMIC_ALWAYS_LOCK_FREE_4B 1
| #define ATOMIC_ALWAYS_LOCK_FREE_8B 1
| #define HAVE_GLIBC_PTHREAD_SETNAME_NP 1
| /* end confdefs.h.  */
| 
| 
| // If the compiler admits that it is not ready for C++11, why torture it?
| // Hopefully, this will speed up the test.
| 
| #ifndef __cplusplus
| 
| #error "This is not a C++ compiler"
| 
| #elif __cplusplus < 201103L
| 
| #error "This is not a C++11 compiler"
| 
| #else
| 
| namespace cxx11
| {
| 
|   namespace test_static_assert
|   {
| 
|     template <typename T>
|     struct check
|     {
|       static_assert(sizeof(int) <= sizeof(T), "not big enough");
|     };
| 
|   }
| 
|   namespace test_final_override
|   {
| 
|     struct Base
|     {
|       virtual void f() {}
|     };
| 
|     struct Derived : public Base
|     {
|       virtual void f() override {}
|     };
| 
|   }
| 
|   namespace test_double_right_angle_brackets
|   {
| 
|     template < typename T >
|     struct check {};
| 
|     typedef check<void> single_type;
|     typedef check<check<void>> double_type;
|     typedef check<check<check<void>>> triple_type;
|     typedef check<check<check<check<void>>>> quadruple_type;
| 
|   }
| 
|   namespace test_decltype
|   {
| 
|     int
|     f()
|     {
|       int a = 1;
|       decltype(a) b = 2;
|       return a + b;
|     }
| 
|   }
| 
|   namespace test_type_deduction
|   {
| 
|     template < typename T1, typename T2 >
|     struct is_same
|     {
|       static const bool value = false;
|     };
| 
|     template < typename T >
|     struct is_same<T, T>
|     {
|       static const bool value = true;
|     };
| 
|     template < typename T1, typename T2 >
|     auto
|     add(T1 a1, T2 a2) -> decltype(a1 + a2)
|     {
|       return a1 + a2;
|     }
| 
|     int
|     test(const int c, volatile int v)
|     {
|       static_assert(is_same<int, decltype(0)>::value == true, "");
|       static_assert(is_same<int, decltype(c)>::value == false, "");
|       static_assert(is_same<int, decltype(v)>::value == false, "");
|       auto ac = c;
|       auto av = v;
|       auto sumi = ac + av + 'x';
|       auto sumf = ac + av + 1.0;
|       static_assert(is_same<int, decltype(ac)>::value == true, "");
|       static_assert(is_same<int, decltype(av)>::value == true, "");
|       static_assert(is_same<int, decltype(sumi)>::value == true, "");
|       static_assert(is_same<int, decltype(sumf)>::value == false, "");
|       static_assert(is_same<int, decltype(add(c, v))>::value == true, "");
|       return (sumf > 0.0) ? sumi : add(c, v);
|     }
| 
|   }
| 
|   namespace test_noexcept
|   {
| 
|     int f() { return 0; }
|     int g() noexcept { return 0; }
| 
|     static_assert(noexcept(f()) == false, "");
|     static_assert(noexcept(g()) == true, "");
| 
|   }
| 
|   namespace test_constexpr
|   {
| 
|     template < typename CharT >
|     unsigned long constexpr
|     strlen_c_r(const CharT *const s, const unsigned long acc) noexcept
|     {
|       return *s ? strlen_c_r(s + 1, acc + 1) : acc;
|     }
| 
|     template < typename CharT >
|     unsigned long constexpr
|     strlen_c(const CharT *const s) noexcept
|     {
|       return strlen_c_r(s, 0UL);
|     }
| 
|     static_assert(strlen_c("") == 0UL, "");
|     static_assert(strlen_c("1") == 1UL, "");
|     static_assert(strlen_c("example") == 7UL, "");
|     static_assert(strlen_c("another\0example") == 7UL, "");
| 
|   }
| 
|   namespace test_rvalue_references
|   {
| 
|     template < int N >
|     struct answer
|     {
|       static constexpr int value = N;
|     };
| 
|     answer<1> f(int&)       { return answer<1>(); }
|     answer<2> f(const int&) { return answer<2>(); }
|     answer<3> f(int&&)      { return answer<3>(); }
| 
|     void
|     test()
|     {
|       int i = 0;
|       const int c = 0;
|       static_assert(decltype(f(i))::value == 1, "");
|       static_assert(decltype(f(c))::value == 2, "");
|       static_assert(decltype(f(0))::value == 3, "");
|     }
| 
|   }
| 
|   namespace test_uniform_initialization
|   {
| 
|     struct test
|     {
|       static const int zero {};
|       static const int one {1};
|     };
| 
|     static_assert(test::zero == 0, "");
|     static_assert(test::one == 1, "");
| 
|   }
| 
|   namespace test_lambdas
|   {
| 
|     void
|     test1()
|     {
|       auto lambda1 = [](){};
|       auto lambda2 = lambda1;
|       lambda1();
|       lambda2();
|     }
| 
|     int
|     test2()
|     {
|       auto a = [](int i, int j){ return i + j; }(1, 2);
|       auto b = []() -> int { return '0'; }();
|       auto c = [=](){ return a + b; }();
|       auto d = [&](){ return c; }();
|       auto e = [a, &b](int x) mutable {
|         const auto identity = [](int y){ return y; };
|         for (auto i = 0; i < a; ++i)
|           a += b--;
|         return x + identity(a + b);
|       }(0);
|       return a + b + c + d + e;
|     }
| 
|     int
|     test3()
|     {
|       const auto nullary = [](){ return 0; };
|       const auto unary = [](int x){ return x; };
|       using nullary_t = decltype(nullary);
|       using unary_t = decltype(unary);
|       const auto higher1st = [](nullary_t f){ return f(); };
|       const auto higher2nd = [unary](nullary_t f1){
|         return [unary, f1](unary_t f2){ return f2(unary(f1())); };
|       };
|       return higher1st(nullary) + higher2nd(nullary)(unary);
|     }
| 
|   }
| 
|   namespace test_variadic_templates
|   {
| 
|     template <int...>
|     struct sum;
| 
|     template <int N0, int... N1toN>
|     struct sum<N0, N1toN...>
|     {
|       static constexpr auto value = N0 + sum<N1toN...>::value;
|     };
| 
|     template <>
|     struct sum<>
|     {
|       static constexpr auto value = 0;
|     };
| 
|     static_assert(sum<>::value == 0, "");
|     static_assert(sum<1>::value == 1, "");
|     static_assert(sum<23>::value == 23, "");
|     static_assert(sum<1, 2>::value == 3, "");
|     static_assert(sum<5, 5, 11>::value == 21, "");
|     static_assert(sum<2, 3, 5, 7, 11, 13>::value == 41, "");
| 
|   }
| 
|   // http://stackoverflow.com/questions/13728184/template-aliases-and-sfinae
|   // Clang 3.1 fails with headers of libstd++ 4.8.3 when using std::function
|   // because of this.
|   namespace test_template_alias_sfinae
|   {
| 
|     struct foo {};
| 
|     template<typename T>
|     using member = typename T::member_type;
| 
|     template<typename T>
|     void func(...) {}
| 
|     template<typename T>
|     void func(member<T>*) {}
| 
|     void test();
| 
|     void test() { func<foo>(0); }
| 
|   }
| 
| }  // namespace cxx11
| 
| #endif  // __cplusplus >= 201103L
| 
| 
| 
configure:19785: result: no
configure:19480: checking whether g++ supports C++11 features with -h std=c++11
configure:19776: g++ -h std=c++11 -c   conftest.cpp >&5
./configure: line 1748: g++: command not found
configure:19776: $? = 127
configure: failed program was:
| /* confdefs.h */
| #define PACKAGE_NAME "openvswitch"
| #define PACKAGE_TARNAME "openvswitch"
| #define PACKAGE_VERSION "2.10.1"
| #define PACKAGE_STRING "openvswitch 2.10.1"
| #define PACKAGE_BUGREPORT "bugs@openvswitch.org"
| #define PACKAGE_URL ""
| #define PACKAGE "openvswitch"
| #define VERSION "2.10.1"
| #define STDC_HEADERS 1
| #define HAVE_SYS_TYPES_H 1
| #define HAVE_SYS_STAT_H 1
| #define HAVE_STDLIB_H 1
| #define HAVE_STRING_H 1
| #define HAVE_MEMORY_H 1
| #define HAVE_STRINGS_H 1
| #define HAVE_INTTYPES_H 1
| #define HAVE_STDINT_H 1
| #define HAVE_UNISTD_H 1
| #define __EXTENSIONS__ 1
| #define _ALL_SOURCE 1
| #define _GNU_SOURCE 1
| #define _POSIX_PTHREAD_SEMANTICS 1
| #define _TANDEM_SOURCE 1
| #define HAVE_DLFCN_H 1
| #define LT_OBJDIR ".libs/"
| #define HAVE_DECL_STRERROR_R 1
| #define HAVE_STRERROR_R 1
| #define STRERROR_R_CHAR_P 1
| #define VSTUDIO_DDK 1
| #define HAVE_NETLINK 1
| #define HAVE_OPENSSL 1
| #define HAVE_IF_PACKET 1
| #define HAVE_DECL_SYS_SIGLIST 1
| #define HAVE_STRUCT_STAT_ST_MTIM_TV_NSEC 1
| #define HAVE_STRUCT_MMSGHDR_MSG_LEN 1
| #define HAVE_STRUCT_SOCKADDR_IN6_SIN6_SCOPE_ID 1
| #define HAVE_MLOCKALL 1
| #define HAVE_STRNLEN 1
| #define HAVE_GETLOADAVG 1
| #define HAVE_STATVFS 1
| #define HAVE_GETMNTENT_R 1
| #define HAVE_SENDMMSG 1
| #define HAVE_CLOCK_GETTIME 1
| #define HAVE_MNTENT_H 1
| #define HAVE_SYS_STATVFS_H 1
| #define HAVE_LINUX_TYPES_H 1
| #define HAVE_LINUX_IF_ETHER_H 1
| #define HAVE_LINUX_NET_NAMESPACE_H 1
| #define HAVE_BACKTRACE 1
| #define HAVE_LINUX_PERF_EVENT_H 1
| #define HAVE___THREAD 1
| #define HAVE_GCC4_ATOMICS 1
| #define ATOMIC_ALWAYS_LOCK_FREE_1B 1
| #define ATOMIC_ALWAYS_LOCK_FREE_2B 1
| #define ATOMIC_ALWAYS_LOCK_FREE_4B 1
| #define ATOMIC_ALWAYS_LOCK_FREE_8B 1
| #define HAVE_GLIBC_PTHREAD_SETNAME_NP 1
| /* end confdefs.h.  */
| 
| 
| // If the compiler admits that it is not ready for C++11, why torture it?
| // Hopefully, this will speed up the test.
| 
| #ifndef __cplusplus
| 
| #error "This is not a C++ compiler"
| 
| #elif __cplusplus < 201103L
| 
| #error "This is not a C++11 compiler"
| 
| #else
| 
| namespace cxx11
| {
| 
|   namespace test_static_assert
|   {
| 
|     template <typename T>
|     struct check
|     {
|       static_assert(sizeof(int) <= sizeof(T), "not big enough");
|     };
| 
|   }
| 
|   namespace test_final_override
|   {
| 
|     struct Base
|     {
|       virtual void f() {}
|     };
| 
|     struct Derived : public Base
|     {
|       virtual void f() override {}
|     };
| 
|   }
| 
|   namespace test_double_right_angle_brackets
|   {
| 
|     template < typename T >
|     struct check {};
| 
|     typedef check<void> single_type;
|     typedef check<check<void>> double_type;
|     typedef check<check<check<void>>> triple_type;
|     typedef check<check<check<check<void>>>> quadruple_type;
| 
|   }
| 
|   namespace test_decltype
|   {
| 
|     int
|     f()
|     {
|       int a = 1;
|       decltype(a) b = 2;
|       return a + b;
|     }
| 
|   }
| 
|   namespace test_type_deduction
|   {
| 
|     template < typename T1, typename T2 >
|     struct is_same
|     {
|       static const bool value = false;
|     };
| 
|     template < typename T >
|     struct is_same<T, T>
|     {
|       static const bool value = true;
|     };
| 
|     template < typename T1, typename T2 >
|     auto
|     add(T1 a1, T2 a2) -> decltype(a1 + a2)
|     {
|       return a1 + a2;
|     }
| 
|     int
|     test(const int c, volatile int v)
|     {
|       static_assert(is_same<int, decltype(0)>::value == true, "");
|       static_assert(is_same<int, decltype(c)>::value == false, "");
|       static_assert(is_same<int, decltype(v)>::value == false, "");
|       auto ac = c;
|       auto av = v;
|       auto sumi = ac + av + 'x';
|       auto sumf = ac + av + 1.0;
|       static_assert(is_same<int, decltype(ac)>::value == true, "");
|       static_assert(is_same<int, decltype(av)>::value == true, "");
|       static_assert(is_same<int, decltype(sumi)>::value == true, "");
|       static_assert(is_same<int, decltype(sumf)>::value == false, "");
|       static_assert(is_same<int, decltype(add(c, v))>::value == true, "");
|       return (sumf > 0.0) ? sumi : add(c, v);
|     }
| 
|   }
| 
|   namespace test_noexcept
|   {
| 
|     int f() { return 0; }
|     int g() noexcept { return 0; }
| 
|     static_assert(noexcept(f()) == false, "");
|     static_assert(noexcept(g()) == true, "");
| 
|   }
| 
|   namespace test_constexpr
|   {
| 
|     template < typename CharT >
|     unsigned long constexpr
|     strlen_c_r(const CharT *const s, const unsigned long acc) noexcept
|     {
|       return *s ? strlen_c_r(s + 1, acc + 1) : acc;
|     }
| 
|     template < typename CharT >
|     unsigned long constexpr
|     strlen_c(const CharT *const s) noexcept
|     {
|       return strlen_c_r(s, 0UL);
|     }
| 
|     static_assert(strlen_c("") == 0UL, "");
|     static_assert(strlen_c("1") == 1UL, "");
|     static_assert(strlen_c("example") == 7UL, "");
|     static_assert(strlen_c("another\0example") == 7UL, "");
| 
|   }
| 
|   namespace test_rvalue_references
|   {
| 
|     template < int N >
|     struct answer
|     {
|       static constexpr int value = N;
|     };
| 
|     answer<1> f(int&)       { return answer<1>(); }
|     answer<2> f(const int&) { return answer<2>(); }
|     answer<3> f(int&&)      { return answer<3>(); }
| 
|     void
|     test()
|     {
|       int i = 0;
|       const int c = 0;
|       static_assert(decltype(f(i))::value == 1, "");
|       static_assert(decltype(f(c))::value == 2, "");
|       static_assert(decltype(f(0))::value == 3, "");
|     }
| 
|   }
| 
|   namespace test_uniform_initialization
|   {
| 
|     struct test
|     {
|       static const int zero {};
|       static const int one {1};
|     };
| 
|     static_assert(test::zero == 0, "");
|     static_assert(test::one == 1, "");
| 
|   }
| 
|   namespace test_lambdas
|   {
| 
|     void
|     test1()
|     {
|       auto lambda1 = [](){};
|       auto lambda2 = lambda1;
|       lambda1();
|       lambda2();
|     }
| 
|     int
|     test2()
|     {
|       auto a = [](int i, int j){ return i + j; }(1, 2);
|       auto b = []() -> int { return '0'; }();
|       auto c = [=](){ return a + b; }();
|       auto d = [&](){ return c; }();
|       auto e = [a, &b](int x) mutable {
|         const auto identity = [](int y){ return y; };
|         for (auto i = 0; i < a; ++i)
|           a += b--;
|         return x + identity(a + b);
|       }(0);
|       return a + b + c + d + e;
|     }
| 
|     int
|     test3()
|     {
|       const auto nullary = [](){ return 0; };
|       const auto unary = [](int x){ return x; };
|       using nullary_t = decltype(nullary);
|       using unary_t = decltype(unary);
|       const auto higher1st = [](nullary_t f){ return f(); };
|       const auto higher2nd = [unary](nullary_t f1){
|         return [unary, f1](unary_t f2){ return f2(unary(f1())); };
|       };
|       return higher1st(nullary) + higher2nd(nullary)(unary);
|     }
| 
|   }
| 
|   namespace test_variadic_templates
|   {
| 
|     template <int...>
|     struct sum;
| 
|     template <int N0, int... N1toN>
|     struct sum<N0, N1toN...>
|     {
|       static constexpr auto value = N0 + sum<N1toN...>::value;
|     };
| 
|     template <>
|     struct sum<>
|     {
|       static constexpr auto value = 0;
|     };
| 
|     static_assert(sum<>::value == 0, "");
|     static_assert(sum<1>::value == 1, "");
|     static_assert(sum<23>::value == 23, "");
|     static_assert(sum<1, 2>::value == 3, "");
|     static_assert(sum<5, 5, 11>::value == 21, "");
|     static_assert(sum<2, 3, 5, 7, 11, 13>::value == 41, "");
| 
|   }
| 
|   // http://stackoverflow.com/questions/13728184/template-aliases-and-sfinae
|   // Clang 3.1 fails with headers of libstd++ 4.8.3 when using std::function
|   // because of this.
|   namespace test_template_alias_sfinae
|   {
| 
|     struct foo {};
| 
|     template<typename T>
|     using member = typename T::member_type;
| 
|     template<typename T>
|     void func(...) {}
| 
|     template<typename T>
|     void func(member<T>*) {}
| 
|     void test();
| 
|     void test() { func<foo>(0); }
| 
|   }
| 
| }  // namespace cxx11
| 
| #endif  // __cplusplus >= 201103L
| 
| 
| 
configure:19785: result: no
configure:19480: checking whether g++ supports C++11 features with -std=c++0x
configure:19776: g++ -std=c++0x -c   conftest.cpp >&5
./configure: line 1748: g++: command not found
configure:19776: $? = 127
configure: failed program was:
| /* confdefs.h */
| #define PACKAGE_NAME "openvswitch"
| #define PACKAGE_TARNAME "openvswitch"
| #define PACKAGE_VERSION "2.10.1"
| #define PACKAGE_STRING "openvswitch 2.10.1"
| #define PACKAGE_BUGREPORT "bugs@openvswitch.org"
| #define PACKAGE_URL ""
| #define PACKAGE "openvswitch"
| #define VERSION "2.10.1"
| #define STDC_HEADERS 1
| #define HAVE_SYS_TYPES_H 1
| #define HAVE_SYS_STAT_H 1
| #define HAVE_STDLIB_H 1
| #define HAVE_STRING_H 1
| #define HAVE_MEMORY_H 1
| #define HAVE_STRINGS_H 1
| #define HAVE_INTTYPES_H 1
| #define HAVE_STDINT_H 1
| #define HAVE_UNISTD_H 1
| #define __EXTENSIONS__ 1
| #define _ALL_SOURCE 1
| #define _GNU_SOURCE 1
| #define _POSIX_PTHREAD_SEMANTICS 1
| #define _TANDEM_SOURCE 1
| #define HAVE_DLFCN_H 1
| #define LT_OBJDIR ".libs/"
| #define HAVE_DECL_STRERROR_R 1
| #define HAVE_STRERROR_R 1
| #define STRERROR_R_CHAR_P 1
| #define VSTUDIO_DDK 1
| #define HAVE_NETLINK 1
| #define HAVE_OPENSSL 1
| #define HAVE_IF_PACKET 1
| #define HAVE_DECL_SYS_SIGLIST 1
| #define HAVE_STRUCT_STAT_ST_MTIM_TV_NSEC 1
| #define HAVE_STRUCT_MMSGHDR_MSG_LEN 1
| #define HAVE_STRUCT_SOCKADDR_IN6_SIN6_SCOPE_ID 1
| #define HAVE_MLOCKALL 1
| #define HAVE_STRNLEN 1
| #define HAVE_GETLOADAVG 1
| #define HAVE_STATVFS 1
| #define HAVE_GETMNTENT_R 1
| #define HAVE_SENDMMSG 1
| #define HAVE_CLOCK_GETTIME 1
| #define HAVE_MNTENT_H 1
| #define HAVE_SYS_STATVFS_H 1
| #define HAVE_LINUX_TYPES_H 1
| #define HAVE_LINUX_IF_ETHER_H 1
| #define HAVE_LINUX_NET_NAMESPACE_H 1
| #define HAVE_BACKTRACE 1
| #define HAVE_LINUX_PERF_EVENT_H 1
| #define HAVE___THREAD 1
| #define HAVE_GCC4_ATOMICS 1
| #define ATOMIC_ALWAYS_LOCK_FREE_1B 1
| #define ATOMIC_ALWAYS_LOCK_FREE_2B 1
| #define ATOMIC_ALWAYS_LOCK_FREE_4B 1
| #define ATOMIC_ALWAYS_LOCK_FREE_8B 1
| #define HAVE_GLIBC_PTHREAD_SETNAME_NP 1
| /* end confdefs.h.  */
| 
| 
| // If the compiler admits that it is not ready for C++11, why torture it?
| // Hopefully, this will speed up the test.
| 
| #ifndef __cplusplus
| 
| #error "This is not a C++ compiler"
| 
| #elif __cplusplus < 201103L
| 
| #error "This is not a C++11 compiler"
| 
| #else
| 
| namespace cxx11
| {
| 
|   namespace test_static_assert
|   {
| 
|     template <typename T>
|     struct check
|     {
|       static_assert(sizeof(int) <= sizeof(T), "not big enough");
|     };
| 
|   }
| 
|   namespace test_final_override
|   {
| 
|     struct Base
|     {
|       virtual void f() {}
|     };
| 
|     struct Derived : public Base
|     {
|       virtual void f() override {}
|     };
| 
|   }
| 
|   namespace test_double_right_angle_brackets
|   {
| 
|     template < typename T >
|     struct check {};
| 
|     typedef check<void> single_type;
|     typedef check<check<void>> double_type;
|     typedef check<check<check<void>>> triple_type;
|     typedef check<check<check<check<void>>>> quadruple_type;
| 
|   }
| 
|   namespace test_decltype
|   {
| 
|     int
|     f()
|     {
|       int a = 1;
|       decltype(a) b = 2;
|       return a + b;
|     }
| 
|   }
| 
|   namespace test_type_deduction
|   {
| 
|     template < typename T1, typename T2 >
|     struct is_same
|     {
|       static const bool value = false;
|     };
| 
|     template < typename T >
|     struct is_same<T, T>
|     {
|       static const bool value = true;
|     };
| 
|     template < typename T1, typename T2 >
|     auto
|     add(T1 a1, T2 a2) -> decltype(a1 + a2)
|     {
|       return a1 + a2;
|     }
| 
|     int
|     test(const int c, volatile int v)
|     {
|       static_assert(is_same<int, decltype(0)>::value == true, "");
|       static_assert(is_same<int, decltype(c)>::value == false, "");
|       static_assert(is_same<int, decltype(v)>::value == false, "");
|       auto ac = c;
|       auto av = v;
|       auto sumi = ac + av + 'x';
|       auto sumf = ac + av + 1.0;
|       static_assert(is_same<int, decltype(ac)>::value == true, "");
|       static_assert(is_same<int, decltype(av)>::value == true, "");
|       static_assert(is_same<int, decltype(sumi)>::value == true, "");
|       static_assert(is_same<int, decltype(sumf)>::value == false, "");
|       static_assert(is_same<int, decltype(add(c, v))>::value == true, "");
|       return (sumf > 0.0) ? sumi : add(c, v);
|     }
| 
|   }
| 
|   namespace test_noexcept
|   {
| 
|     int f() { return 0; }
|     int g() noexcept { return 0; }
| 
|     static_assert(noexcept(f()) == false, "");
|     static_assert(noexcept(g()) == true, "");
| 
|   }
| 
|   namespace test_constexpr
|   {
| 
|     template < typename CharT >
|     unsigned long constexpr
|     strlen_c_r(const CharT *const s, const unsigned long acc) noexcept
|     {
|       return *s ? strlen_c_r(s + 1, acc + 1) : acc;
|     }
| 
|     template < typename CharT >
|     unsigned long constexpr
|     strlen_c(const CharT *const s) noexcept
|     {
|       return strlen_c_r(s, 0UL);
|     }
| 
|     static_assert(strlen_c("") == 0UL, "");
|     static_assert(strlen_c("1") == 1UL, "");
|     static_assert(strlen_c("example") == 7UL, "");
|     static_assert(strlen_c("another\0example") == 7UL, "");
| 
|   }
| 
|   namespace test_rvalue_references
|   {
| 
|     template < int N >
|     struct answer
|     {
|       static constexpr int value = N;
|     };
| 
|     answer<1> f(int&)       { return answer<1>(); }
|     answer<2> f(const int&) { return answer<2>(); }
|     answer<3> f(int&&)      { return answer<3>(); }
| 
|     void
|     test()
|     {
|       int i = 0;
|       const int c = 0;
|       static_assert(decltype(f(i))::value == 1, "");
|       static_assert(decltype(f(c))::value == 2, "");
|       static_assert(decltype(f(0))::value == 3, "");
|     }
| 
|   }
| 
|   namespace test_uniform_initialization
|   {
| 
|     struct test
|     {
|       static const int zero {};
|       static const int one {1};
|     };
| 
|     static_assert(test::zero == 0, "");
|     static_assert(test::one == 1, "");
| 
|   }
| 
|   namespace test_lambdas
|   {
| 
|     void
|     test1()
|     {
|       auto lambda1 = [](){};
|       auto lambda2 = lambda1;
|       lambda1();
|       lambda2();
|     }
| 
|     int
|     test2()
|     {
|       auto a = [](int i, int j){ return i + j; }(1, 2);
|       auto b = []() -> int { return '0'; }();
|       auto c = [=](){ return a + b; }();
|       auto d = [&](){ return c; }();
|       auto e = [a, &b](int x) mutable {
|         const auto identity = [](int y){ return y; };
|         for (auto i = 0; i < a; ++i)
|           a += b--;
|         return x + identity(a + b);
|       }(0);
|       return a + b + c + d + e;
|     }
| 
|     int
|     test3()
|     {
|       const auto nullary = [](){ return 0; };
|       const auto unary = [](int x){ return x; };
|       using nullary_t = decltype(nullary);
|       using unary_t = decltype(unary);
|       const auto higher1st = [](nullary_t f){ return f(); };
|       const auto higher2nd = [unary](nullary_t f1){
|         return [unary, f1](unary_t f2){ return f2(unary(f1())); };
|       };
|       return higher1st(nullary) + higher2nd(nullary)(unary);
|     }
| 
|   }
| 
|   namespace test_variadic_templates
|   {
| 
|     template <int...>
|     struct sum;
| 
|     template <int N0, int... N1toN>
|     struct sum<N0, N1toN...>
|     {
|       static constexpr auto value = N0 + sum<N1toN...>::value;
|     };
| 
|     template <>
|     struct sum<>
|     {
|       static constexpr auto value = 0;
|     };
| 
|     static_assert(sum<>::value == 0, "");
|     static_assert(sum<1>::value == 1, "");
|     static_assert(sum<23>::value == 23, "");
|     static_assert(sum<1, 2>::value == 3, "");
|     static_assert(sum<5, 5, 11>::value == 21, "");
|     static_assert(sum<2, 3, 5, 7, 11, 13>::value == 41, "");
| 
|   }
| 
|   // http://stackoverflow.com/questions/13728184/template-aliases-and-sfinae
|   // Clang 3.1 fails with headers of libstd++ 4.8.3 when using std::function
|   // because of this.
|   namespace test_template_alias_sfinae
|   {
| 
|     struct foo {};
| 
|     template<typename T>
|     using member = typename T::member_type;
| 
|     template<typename T>
|     void func(...) {}
| 
|     template<typename T>
|     void func(member<T>*) {}
| 
|     void test();
| 
|     void test() { func<foo>(0); }
| 
|   }
| 
| }  // namespace cxx11
| 
| #endif  // __cplusplus >= 201103L
| 
| 
| 
configure:19785: result: no
configure:19480: checking whether g++ supports C++11 features with +std=c++0x
configure:19776: g++ +std=c++0x -c   conftest.cpp >&5
./configure: line 1748: g++: command not found
configure:19776: $? = 127
configure: failed program was:
| /* confdefs.h */
| #define PACKAGE_NAME "openvswitch"
| #define PACKAGE_TARNAME "openvswitch"
| #define PACKAGE_VERSION "2.10.1"
| #define PACKAGE_STRING "openvswitch 2.10.1"
| #define PACKAGE_BUGREPORT "bugs@openvswitch.org"
| #define PACKAGE_URL ""
| #define PACKAGE "openvswitch"
| #define VERSION "2.10.1"
| #define STDC_HEADERS 1
| #define HAVE_SYS_TYPES_H 1
| #define HAVE_SYS_STAT_H 1
| #define HAVE_STDLIB_H 1
| #define HAVE_STRING_H 1
| #define HAVE_MEMORY_H 1
| #define HAVE_STRINGS_H 1
| #define HAVE_INTTYPES_H 1
| #define HAVE_STDINT_H 1
| #define HAVE_UNISTD_H 1
| #define __EXTENSIONS__ 1
| #define _ALL_SOURCE 1
| #define _GNU_SOURCE 1
| #define _POSIX_PTHREAD_SEMANTICS 1
| #define _TANDEM_SOURCE 1
| #define HAVE_DLFCN_H 1
| #define LT_OBJDIR ".libs/"
| #define HAVE_DECL_STRERROR_R 1
| #define HAVE_STRERROR_R 1
| #define STRERROR_R_CHAR_P 1
| #define VSTUDIO_DDK 1
| #define HAVE_NETLINK 1
| #define HAVE_OPENSSL 1
| #define HAVE_IF_PACKET 1
| #define HAVE_DECL_SYS_SIGLIST 1
| #define HAVE_STRUCT_STAT_ST_MTIM_TV_NSEC 1
| #define HAVE_STRUCT_MMSGHDR_MSG_LEN 1
| #define HAVE_STRUCT_SOCKADDR_IN6_SIN6_SCOPE_ID 1
| #define HAVE_MLOCKALL 1
| #define HAVE_STRNLEN 1
| #define HAVE_GETLOADAVG 1
| #define HAVE_STATVFS 1
| #define HAVE_GETMNTENT_R 1
| #define HAVE_SENDMMSG 1
| #define HAVE_CLOCK_GETTIME 1
| #define HAVE_MNTENT_H 1
| #define HAVE_SYS_STATVFS_H 1
| #define HAVE_LINUX_TYPES_H 1
| #define HAVE_LINUX_IF_ETHER_H 1
| #define HAVE_LINUX_NET_NAMESPACE_H 1
| #define HAVE_BACKTRACE 1
| #define HAVE_LINUX_PERF_EVENT_H 1
| #define HAVE___THREAD 1
| #define HAVE_GCC4_ATOMICS 1
| #define ATOMIC_ALWAYS_LOCK_FREE_1B 1
| #define ATOMIC_ALWAYS_LOCK_FREE_2B 1
| #define ATOMIC_ALWAYS_LOCK_FREE_4B 1
| #define ATOMIC_ALWAYS_LOCK_FREE_8B 1
| #define HAVE_GLIBC_PTHREAD_SETNAME_NP 1
| /* end confdefs.h.  */
| 
| 
| // If the compiler admits that it is not ready for C++11, why torture it?
| // Hopefully, this will speed up the test.
| 
| #ifndef __cplusplus
| 
| #error "This is not a C++ compiler"
| 
| #elif __cplusplus < 201103L
| 
| #error "This is not a C++11 compiler"
| 
| #else
| 
| namespace cxx11
| {
| 
|   namespace test_static_assert
|   {
| 
|     template <typename T>
|     struct check
|     {
|       static_assert(sizeof(int) <= sizeof(T), "not big enough");
|     };
| 
|   }
| 
|   namespace test_final_override
|   {
| 
|     struct Base
|     {
|       virtual void f() {}
|     };
| 
|     struct Derived : public Base
|     {
|       virtual void f() override {}
|     };
| 
|   }
| 
|   namespace test_double_right_angle_brackets
|   {
| 
|     template < typename T >
|     struct check {};
| 
|     typedef check<void> single_type;
|     typedef check<check<void>> double_type;
|     typedef check<check<check<void>>> triple_type;
|     typedef check<check<check<check<void>>>> quadruple_type;
| 
|   }
| 
|   namespace test_decltype
|   {
| 
|     int
|     f()
|     {
|       int a = 1;
|       decltype(a) b = 2;
|       return a + b;
|     }
| 
|   }
| 
|   namespace test_type_deduction
|   {
| 
|     template < typename T1, typename T2 >
|     struct is_same
|     {
|       static const bool value = false;
|     };
| 
|     template < typename T >
|     struct is_same<T, T>
|     {
|       static const bool value = true;
|     };
| 
|     template < typename T1, typename T2 >
|     auto
|     add(T1 a1, T2 a2) -> decltype(a1 + a2)
|     {
|       return a1 + a2;
|     }
| 
|     int
|     test(const int c, volatile int v)
|     {
|       static_assert(is_same<int, decltype(0)>::value == true, "");
|       static_assert(is_same<int, decltype(c)>::value == false, "");
|       static_assert(is_same<int, decltype(v)>::value == false, "");
|       auto ac = c;
|       auto av = v;
|       auto sumi = ac + av + 'x';
|       auto sumf = ac + av + 1.0;
|       static_assert(is_same<int, decltype(ac)>::value == true, "");
|       static_assert(is_same<int, decltype(av)>::value == true, "");
|       static_assert(is_same<int, decltype(sumi)>::value == true, "");
|       static_assert(is_same<int, decltype(sumf)>::value == false, "");
|       static_assert(is_same<int, decltype(add(c, v))>::value == true, "");
|       return (sumf > 0.0) ? sumi : add(c, v);
|     }
| 
|   }
| 
|   namespace test_noexcept
|   {
| 
|     int f() { return 0; }
|     int g() noexcept { return 0; }
| 
|     static_assert(noexcept(f()) == false, "");
|     static_assert(noexcept(g()) == true, "");
| 
|   }
| 
|   namespace test_constexpr
|   {
| 
|     template < typename CharT >
|     unsigned long constexpr
|     strlen_c_r(const CharT *const s, const unsigned long acc) noexcept
|     {
|       return *s ? strlen_c_r(s + 1, acc + 1) : acc;
|     }
| 
|     template < typename CharT >
|     unsigned long constexpr
|     strlen_c(const CharT *const s) noexcept
|     {
|       return strlen_c_r(s, 0UL);
|     }
| 
|     static_assert(strlen_c("") == 0UL, "");
|     static_assert(strlen_c("1") == 1UL, "");
|     static_assert(strlen_c("example") == 7UL, "");
|     static_assert(strlen_c("another\0example") == 7UL, "");
| 
|   }
| 
|   namespace test_rvalue_references
|   {
| 
|     template < int N >
|     struct answer
|     {
|       static constexpr int value = N;
|     };
| 
|     answer<1> f(int&)       { return answer<1>(); }
|     answer<2> f(const int&) { return answer<2>(); }
|     answer<3> f(int&&)      { return answer<3>(); }
| 
|     void
|     test()
|     {
|       int i = 0;
|       const int c = 0;
|       static_assert(decltype(f(i))::value == 1, "");
|       static_assert(decltype(f(c))::value == 2, "");
|       static_assert(decltype(f(0))::value == 3, "");
|     }
| 
|   }
| 
|   namespace test_uniform_initialization
|   {
| 
|     struct test
|     {
|       static const int zero {};
|       static const int one {1};
|     };
| 
|     static_assert(test::zero == 0, "");
|     static_assert(test::one == 1, "");
| 
|   }
| 
|   namespace test_lambdas
|   {
| 
|     void
|     test1()
|     {
|       auto lambda1 = [](){};
|       auto lambda2 = lambda1;
|       lambda1();
|       lambda2();
|     }
| 
|     int
|     test2()
|     {
|       auto a = [](int i, int j){ return i + j; }(1, 2);
|       auto b = []() -> int { return '0'; }();
|       auto c = [=](){ return a + b; }();
|       auto d = [&](){ return c; }();
|       auto e = [a, &b](int x) mutable {
|         const auto identity = [](int y){ return y; };
|         for (auto i = 0; i < a; ++i)
|           a += b--;
|         return x + identity(a + b);
|       }(0);
|       return a + b + c + d + e;
|     }
| 
|     int
|     test3()
|     {
|       const auto nullary = [](){ return 0; };
|       const auto unary = [](int x){ return x; };
|       using nullary_t = decltype(nullary);
|       using unary_t = decltype(unary);
|       const auto higher1st = [](nullary_t f){ return f(); };
|       const auto higher2nd = [unary](nullary_t f1){
|         return [unary, f1](unary_t f2){ return f2(unary(f1())); };
|       };
|       return higher1st(nullary) + higher2nd(nullary)(unary);
|     }
| 
|   }
| 
|   namespace test_variadic_templates
|   {
| 
|     template <int...>
|     struct sum;
| 
|     template <int N0, int... N1toN>
|     struct sum<N0, N1toN...>
|     {
|       static constexpr auto value = N0 + sum<N1toN...>::value;
|     };
| 
|     template <>
|     struct sum<>
|     {
|       static constexpr auto value = 0;
|     };
| 
|     static_assert(sum<>::value == 0, "");
|     static_assert(sum<1>::value == 1, "");
|     static_assert(sum<23>::value == 23, "");
|     static_assert(sum<1, 2>::value == 3, "");
|     static_assert(sum<5, 5, 11>::value == 21, "");
|     static_assert(sum<2, 3, 5, 7, 11, 13>::value == 41, "");
| 
|   }
| 
|   // http://stackoverflow.com/questions/13728184/template-aliases-and-sfinae
|   // Clang 3.1 fails with headers of libstd++ 4.8.3 when using std::function
|   // because of this.
|   namespace test_template_alias_sfinae
|   {
| 
|     struct foo {};
| 
|     template<typename T>
|     using member = typename T::member_type;
| 
|     template<typename T>
|     void func(...) {}
| 
|     template<typename T>
|     void func(member<T>*) {}
| 
|     void test();
| 
|     void test() { func<foo>(0); }
| 
|   }
| 
| }  // namespace cxx11
| 
| #endif  // __cplusplus >= 201103L
| 
| 
| 
configure:19785: result: no
configure:19480: checking whether g++ supports C++11 features with -h std=c++0x
configure:19776: g++ -h std=c++0x -c   conftest.cpp >&5
./configure: line 1748: g++: command not found
configure:19776: $? = 127
configure: failed program was:
| /* confdefs.h */
| #define PACKAGE_NAME "openvswitch"
| #define PACKAGE_TARNAME "openvswitch"
| #define PACKAGE_VERSION "2.10.1"
| #define PACKAGE_STRING "openvswitch 2.10.1"
| #define PACKAGE_BUGREPORT "bugs@openvswitch.org"
| #define PACKAGE_URL ""
| #define PACKAGE "openvswitch"
| #define VERSION "2.10.1"
| #define STDC_HEADERS 1
| #define HAVE_SYS_TYPES_H 1
| #define HAVE_SYS_STAT_H 1
| #define HAVE_STDLIB_H 1
| #define HAVE_STRING_H 1
| #define HAVE_MEMORY_H 1
| #define HAVE_STRINGS_H 1
| #define HAVE_INTTYPES_H 1
| #define HAVE_STDINT_H 1
| #define HAVE_UNISTD_H 1
| #define __EXTENSIONS__ 1
| #define _ALL_SOURCE 1
| #define _GNU_SOURCE 1
| #define _POSIX_PTHREAD_SEMANTICS 1
| #define _TANDEM_SOURCE 1
| #define HAVE_DLFCN_H 1
| #define LT_OBJDIR ".libs/"
| #define HAVE_DECL_STRERROR_R 1
| #define HAVE_STRERROR_R 1
| #define STRERROR_R_CHAR_P 1
| #define VSTUDIO_DDK 1
| #define HAVE_NETLINK 1
| #define HAVE_OPENSSL 1
| #define HAVE_IF_PACKET 1
| #define HAVE_DECL_SYS_SIGLIST 1
| #define HAVE_STRUCT_STAT_ST_MTIM_TV_NSEC 1
| #define HAVE_STRUCT_MMSGHDR_MSG_LEN 1
| #define HAVE_STRUCT_SOCKADDR_IN6_SIN6_SCOPE_ID 1
| #define HAVE_MLOCKALL 1
| #define HAVE_STRNLEN 1
| #define HAVE_GETLOADAVG 1
| #define HAVE_STATVFS 1
| #define HAVE_GETMNTENT_R 1
| #define HAVE_SENDMMSG 1
| #define HAVE_CLOCK_GETTIME 1
| #define HAVE_MNTENT_H 1
| #define HAVE_SYS_STATVFS_H 1
| #define HAVE_LINUX_TYPES_H 1
| #define HAVE_LINUX_IF_ETHER_H 1
| #define HAVE_LINUX_NET_NAMESPACE_H 1
| #define HAVE_BACKTRACE 1
| #define HAVE_LINUX_PERF_EVENT_H 1
| #define HAVE___THREAD 1
| #define HAVE_GCC4_ATOMICS 1
| #define ATOMIC_ALWAYS_LOCK_FREE_1B 1
| #define ATOMIC_ALWAYS_LOCK_FREE_2B 1
| #define ATOMIC_ALWAYS_LOCK_FREE_4B 1
| #define ATOMIC_ALWAYS_LOCK_FREE_8B 1
| #define HAVE_GLIBC_PTHREAD_SETNAME_NP 1
| /* end confdefs.h.  */
| 
| 
| // If the compiler admits that it is not ready for C++11, why torture it?
| // Hopefully, this will speed up the test.
| 
| #ifndef __cplusplus
| 
| #error "This is not a C++ compiler"
| 
| #elif __cplusplus < 201103L
| 
| #error "This is not a C++11 compiler"
| 
| #else
| 
| namespace cxx11
| {
| 
|   namespace test_static_assert
|   {
| 
|     template <typename T>
|     struct check
|     {
|       static_assert(sizeof(int) <= sizeof(T), "not big enough");
|     };
| 
|   }
| 
|   namespace test_final_override
|   {
| 
|     struct Base
|     {
|       virtual void f() {}
|     };
| 
|     struct Derived : public Base
|     {
|       virtual void f() override {}
|     };
| 
|   }
| 
|   namespace test_double_right_angle_brackets
|   {
| 
|     template < typename T >
|     struct check {};
| 
|     typedef check<void> single_type;
|     typedef check<check<void>> double_type;
|     typedef check<check<check<void>>> triple_type;
|     typedef check<check<check<check<void>>>> quadruple_type;
| 
|   }
| 
|   namespace test_decltype
|   {
| 
|     int
|     f()
|     {
|       int a = 1;
|       decltype(a) b = 2;
|       return a + b;
|     }
| 
|   }
| 
|   namespace test_type_deduction
|   {
| 
|     template < typename T1, typename T2 >
|     struct is_same
|     {
|       static const bool value = false;
|     };
| 
|     template < typename T >
|     struct is_same<T, T>
|     {
|       static const bool value = true;
|     };
| 
|     template < typename T1, typename T2 >
|     auto
|     add(T1 a1, T2 a2) -> decltype(a1 + a2)
|     {
|       return a1 + a2;
|     }
| 
|     int
|     test(const int c, volatile int v)
|     {
|       static_assert(is_same<int, decltype(0)>::value == true, "");
|       static_assert(is_same<int, decltype(c)>::value == false, "");
|       static_assert(is_same<int, decltype(v)>::value == false, "");
|       auto ac = c;
|       auto av = v;
|       auto sumi = ac + av + 'x';
|       auto sumf = ac + av + 1.0;
|       static_assert(is_same<int, decltype(ac)>::value == true, "");
|       static_assert(is_same<int, decltype(av)>::value == true, "");
|       static_assert(is_same<int, decltype(sumi)>::value == true, "");
|       static_assert(is_same<int, decltype(sumf)>::value == false, "");
|       static_assert(is_same<int, decltype(add(c, v))>::value == true, "");
|       return (sumf > 0.0) ? sumi : add(c, v);
|     }
| 
|   }
| 
|   namespace test_noexcept
|   {
| 
|     int f() { return 0; }
|     int g() noexcept { return 0; }
| 
|     static_assert(noexcept(f()) == false, "");
|     static_assert(noexcept(g()) == true, "");
| 
|   }
| 
|   namespace test_constexpr
|   {
| 
|     template < typename CharT >
|     unsigned long constexpr
|     strlen_c_r(const CharT *const s, const unsigned long acc) noexcept
|     {
|       return *s ? strlen_c_r(s + 1, acc + 1) : acc;
|     }
| 
|     template < typename CharT >
|     unsigned long constexpr
|     strlen_c(const CharT *const s) noexcept
|     {
|       return strlen_c_r(s, 0UL);
|     }
| 
|     static_assert(strlen_c("") == 0UL, "");
|     static_assert(strlen_c("1") == 1UL, "");
|     static_assert(strlen_c("example") == 7UL, "");
|     static_assert(strlen_c("another\0example") == 7UL, "");
| 
|   }
| 
|   namespace test_rvalue_references
|   {
| 
|     template < int N >
|     struct answer
|     {
|       static constexpr int value = N;
|     };
| 
|     answer<1> f(int&)       { return answer<1>(); }
|     answer<2> f(const int&) { return answer<2>(); }
|     answer<3> f(int&&)      { return answer<3>(); }
| 
|     void
|     test()
|     {
|       int i = 0;
|       const int c = 0;
|       static_assert(decltype(f(i))::value == 1, "");
|       static_assert(decltype(f(c))::value == 2, "");
|       static_assert(decltype(f(0))::value == 3, "");
|     }
| 
|   }
| 
|   namespace test_uniform_initialization
|   {
| 
|     struct test
|     {
|       static const int zero {};
|       static const int one {1};
|     };
| 
|     static_assert(test::zero == 0, "");
|     static_assert(test::one == 1, "");
| 
|   }
| 
|   namespace test_lambdas
|   {
| 
|     void
|     test1()
|     {
|       auto lambda1 = [](){};
|       auto lambda2 = lambda1;
|       lambda1();
|       lambda2();
|     }
| 
|     int
|     test2()
|     {
|       auto a = [](int i, int j){ return i + j; }(1, 2);
|       auto b = []() -> int { return '0'; }();
|       auto c = [=](){ return a + b; }();
|       auto d = [&](){ return c; }();
|       auto e = [a, &b](int x) mutable {
|         const auto identity = [](int y){ return y; };
|         for (auto i = 0; i < a; ++i)
|           a += b--;
|         return x + identity(a + b);
|       }(0);
|       return a + b + c + d + e;
|     }
| 
|     int
|     test3()
|     {
|       const auto nullary = [](){ return 0; };
|       const auto unary = [](int x){ return x; };
|       using nullary_t = decltype(nullary);
|       using unary_t = decltype(unary);
|       const auto higher1st = [](nullary_t f){ return f(); };
|       const auto higher2nd = [unary](nullary_t f1){
|         return [unary, f1](unary_t f2){ return f2(unary(f1())); };
|       };
|       return higher1st(nullary) + higher2nd(nullary)(unary);
|     }
| 
|   }
| 
|   namespace test_variadic_templates
|   {
| 
|     template <int...>
|     struct sum;
| 
|     template <int N0, int... N1toN>
|     struct sum<N0, N1toN...>
|     {
|       static constexpr auto value = N0 + sum<N1toN...>::value;
|     };
| 
|     template <>
|     struct sum<>
|     {
|       static constexpr auto value = 0;
|     };
| 
|     static_assert(sum<>::value == 0, "");
|     static_assert(sum<1>::value == 1, "");
|     static_assert(sum<23>::value == 23, "");
|     static_assert(sum<1, 2>::value == 3, "");
|     static_assert(sum<5, 5, 11>::value == 21, "");
|     static_assert(sum<2, 3, 5, 7, 11, 13>::value == 41, "");
| 
|   }
| 
|   // http://stackoverflow.com/questions/13728184/template-aliases-and-sfinae
|   // Clang 3.1 fails with headers of libstd++ 4.8.3 when using std::function
|   // because of this.
|   namespace test_template_alias_sfinae
|   {
| 
|     struct foo {};
| 
|     template<typename T>
|     using member = typename T::member_type;
| 
|     template<typename T>
|     void func(...) {}
| 
|     template<typename T>
|     void func(member<T>*) {}
| 
|     void test();
| 
|     void test() { func<foo>(0); }
| 
|   }
| 
| }  // namespace cxx11
| 
| #endif  // __cplusplus >= 201103L
| 
| 
| 
configure:19785: result: no
configure:19814: No compiler with C++11 support was found
configure:19862: checking for working posix_memalign
configure:19886: gcc -std=gnu99 -o conftest -g -O2   conftest.c -lpthread -lrt -lm  >&5
configure:19886: $? = 0
configure:19886: ./conftest
configure:19886: $? = 0
configure:19896: result: yes
configure:19904: checking for ub_ctx_create in -lunbound
configure:19929: gcc -std=gnu99 -o conftest -g -O2   conftest.c -lunbound  -lpthread -lrt -lm  >&5
/usr/bin/ld: cannot find -lunbound
collect2: error: ld returned 1 exit status
configure:19929: $? = 1
configure: failed program was:
| /* confdefs.h */
| #define PACKAGE_NAME "openvswitch"
| #define PACKAGE_TARNAME "openvswitch"
| #define PACKAGE_VERSION "2.10.1"
| #define PACKAGE_STRING "openvswitch 2.10.1"
| #define PACKAGE_BUGREPORT "bugs@openvswitch.org"
| #define PACKAGE_URL ""
| #define PACKAGE "openvswitch"
| #define VERSION "2.10.1"
| #define STDC_HEADERS 1
| #define HAVE_SYS_TYPES_H 1
| #define HAVE_SYS_STAT_H 1
| #define HAVE_STDLIB_H 1
| #define HAVE_STRING_H 1
| #define HAVE_MEMORY_H 1
| #define HAVE_STRINGS_H 1
| #define HAVE_INTTYPES_H 1
| #define HAVE_STDINT_H 1
| #define HAVE_UNISTD_H 1
| #define __EXTENSIONS__ 1
| #define _ALL_SOURCE 1
| #define _GNU_SOURCE 1
| #define _POSIX_PTHREAD_SEMANTICS 1
| #define _TANDEM_SOURCE 1
| #define HAVE_DLFCN_H 1
| #define LT_OBJDIR ".libs/"
| #define HAVE_DECL_STRERROR_R 1
| #define HAVE_STRERROR_R 1
| #define STRERROR_R_CHAR_P 1
| #define VSTUDIO_DDK 1
| #define HAVE_NETLINK 1
| #define HAVE_OPENSSL 1
| #define HAVE_IF_PACKET 1
| #define HAVE_DECL_SYS_SIGLIST 1
| #define HAVE_STRUCT_STAT_ST_MTIM_TV_NSEC 1
| #define HAVE_STRUCT_MMSGHDR_MSG_LEN 1
| #define HAVE_STRUCT_SOCKADDR_IN6_SIN6_SCOPE_ID 1
| #define HAVE_MLOCKALL 1
| #define HAVE_STRNLEN 1
| #define HAVE_GETLOADAVG 1
| #define HAVE_STATVFS 1
| #define HAVE_GETMNTENT_R 1
| #define HAVE_SENDMMSG 1
| #define HAVE_CLOCK_GETTIME 1
| #define HAVE_MNTENT_H 1
| #define HAVE_SYS_STATVFS_H 1
| #define HAVE_LINUX_TYPES_H 1
| #define HAVE_LINUX_IF_ETHER_H 1
| #define HAVE_LINUX_NET_NAMESPACE_H 1
| #define HAVE_BACKTRACE 1
| #define HAVE_LINUX_PERF_EVENT_H 1
| #define HAVE___THREAD 1
| #define HAVE_GCC4_ATOMICS 1
| #define ATOMIC_ALWAYS_LOCK_FREE_1B 1
| #define ATOMIC_ALWAYS_LOCK_FREE_2B 1
| #define ATOMIC_ALWAYS_LOCK_FREE_4B 1
| #define ATOMIC_ALWAYS_LOCK_FREE_8B 1
| #define HAVE_GLIBC_PTHREAD_SETNAME_NP 1
| #define HAVE_POSIX_MEMALIGN 1
| /* end confdefs.h.  */
| 
| /* Override any GCC internal prototype to avoid an error.
|    Use char because int might match the return type of a GCC
|    builtin and then its argument prototype would still apply.  */
| #ifdef __cplusplus
| extern "C"
| #endif
| char ub_ctx_create ();
| int
| main ()
| {
| return ub_ctx_create ();
|   ;
|   return 0;
| }
configure:19938: result: no
configure:19962: checking whether the preprocessor supports include_next
configure:20000: gcc -std=gnu99 -c -g -O2  -Iconftestd1b -Iconftestd2 conftest.c >&5
configure:20000: $? = 0
configure:20021: result: yes
configure:20042: checking whether system header files limit the line length
configure:20065: result: no
configure:20091: checking for stdio.h
configure:20091: gcc -std=gnu99 -c -g -O2  conftest.c >&5
configure:20091: $? = 0
configure:20091: result: yes
configure:20091: checking for string.h
configure:20091: result: yes
configure:20256: checking whether gcc -std=gnu99 accepts -Werror
configure:20267: gcc -std=gnu99 -c -g -O2  -Werror  conftest.c >&5
configure:20267: $? = 0
configure:20280: result: yes
configure:20289: checking whether gcc -std=gnu99 accepts -Wall
configure:20300: gcc -std=gnu99 -c -g -O2 -Werror -Wall  conftest.c >&5
configure:20300: $? = 0
configure:20313: result: yes
configure:20323: checking whether gcc -std=gnu99 accepts -Wextra
configure:20334: gcc -std=gnu99 -c -g -O2 -Werror -Wextra  conftest.c >&5
configure:20334: $? = 0
configure:20347: result: yes
configure:20357: checking whether gcc -std=gnu99 accepts -Wno-sign-compare
configure:20368: gcc -std=gnu99 -c -g -O2 -Werror -Wno-sign-compare  conftest.c >&5
configure:20368: $? = 0
configure:20381: result: yes
configure:20391: checking whether gcc -std=gnu99 accepts -Wpointer-arith
configure:20402: gcc -std=gnu99 -c -g -O2 -Werror -Wpointer-arith  conftest.c >&5
configure:20402: $? = 0
configure:20415: result: yes
configure:20425: checking whether gcc -std=gnu99 accepts -Wformat -Wformat-security
configure:20436: gcc -std=gnu99 -c -g -O2 -Werror -Wformat -Wformat-security  conftest.c >&5
configure:20436: $? = 0
configure:20449: result: yes
configure:20459: checking whether gcc -std=gnu99 accepts -Wswitch-enum
configure:20470: gcc -std=gnu99 -c -g -O2 -Werror -Wswitch-enum  conftest.c >&5
configure:20470: $? = 0
configure:20483: result: yes
configure:20493: checking whether gcc -std=gnu99 accepts -Wunused-parameter
configure:20504: gcc -std=gnu99 -c -g -O2 -Werror -Wunused-parameter  conftest.c >&5
configure:20504: $? = 0
configure:20517: result: yes
configure:20527: checking whether gcc -std=gnu99 accepts -Wbad-function-cast
configure:20538: gcc -std=gnu99 -c -g -O2 -Werror -Wbad-function-cast  conftest.c >&5
configure:20538: $? = 0
configure:20551: result: yes
configure:20561: checking whether gcc -std=gnu99 accepts -Wcast-align
configure:20572: gcc -std=gnu99 -c -g -O2 -Werror -Wcast-align  conftest.c >&5
configure:20572: $? = 0
configure:20585: result: yes
configure:20595: checking whether gcc -std=gnu99 accepts -Wstrict-prototypes
configure:20606: gcc -std=gnu99 -c -g -O2 -Werror -Wstrict-prototypes  conftest.c >&5
configure:20606: $? = 0
configure:20619: result: yes
configure:20629: checking whether gcc -std=gnu99 accepts -Wold-style-definition
configure:20640: gcc -std=gnu99 -c -g -O2 -Werror -Wold-style-definition  conftest.c >&5
configure:20640: $? = 0
configure:20653: result: yes
configure:20663: checking whether gcc -std=gnu99 accepts -Wmissing-prototypes
configure:20674: gcc -std=gnu99 -c -g -O2 -Werror -Wmissing-prototypes  conftest.c >&5
configure:20674: $? = 0
configure:20687: result: yes
configure:20697: checking whether gcc -std=gnu99 accepts -Wmissing-field-initializers
configure:20708: gcc -std=gnu99 -c -g -O2 -Werror -Wmissing-field-initializers  conftest.c >&5
configure:20708: $? = 0
configure:20721: result: yes
configure:20731: checking whether gcc -std=gnu99 accepts -Wthread-safety
configure:20742: gcc -std=gnu99 -c -g -O2 -Werror -Wthread-safety  conftest.c >&5
gcc: error: unrecognized command line option '-Wthread-safety'
configure:20742: $? = 1
configure: failed program was:
| /* confdefs.h */
| #define PACKAGE_NAME "openvswitch"
| #define PACKAGE_TARNAME "openvswitch"
| #define PACKAGE_VERSION "2.10.1"
| #define PACKAGE_STRING "openvswitch 2.10.1"
| #define PACKAGE_BUGREPORT "bugs@openvswitch.org"
| #define PACKAGE_URL ""
| #define PACKAGE "openvswitch"
| #define VERSION "2.10.1"
| #define STDC_HEADERS 1
| #define HAVE_SYS_TYPES_H 1
| #define HAVE_SYS_STAT_H 1
| #define HAVE_STDLIB_H 1
| #define HAVE_STRING_H 1
| #define HAVE_MEMORY_H 1
| #define HAVE_STRINGS_H 1
| #define HAVE_INTTYPES_H 1
| #define HAVE_STDINT_H 1
| #define HAVE_UNISTD_H 1
| #define __EXTENSIONS__ 1
| #define _ALL_SOURCE 1
| #define _GNU_SOURCE 1
| #define _POSIX_PTHREAD_SEMANTICS 1
| #define _TANDEM_SOURCE 1
| #define HAVE_DLFCN_H 1
| #define LT_OBJDIR ".libs/"
| #define HAVE_DECL_STRERROR_R 1
| #define HAVE_STRERROR_R 1
| #define STRERROR_R_CHAR_P 1
| #define VSTUDIO_DDK 1
| #define HAVE_NETLINK 1
| #define HAVE_OPENSSL 1
| #define HAVE_IF_PACKET 1
| #define HAVE_DECL_SYS_SIGLIST 1
| #define HAVE_STRUCT_STAT_ST_MTIM_TV_NSEC 1
| #define HAVE_STRUCT_MMSGHDR_MSG_LEN 1
| #define HAVE_STRUCT_SOCKADDR_IN6_SIN6_SCOPE_ID 1
| #define HAVE_MLOCKALL 1
| #define HAVE_STRNLEN 1
| #define HAVE_GETLOADAVG 1
| #define HAVE_STATVFS 1
| #define HAVE_GETMNTENT_R 1
| #define HAVE_SENDMMSG 1
| #define HAVE_CLOCK_GETTIME 1
| #define HAVE_MNTENT_H 1
| #define HAVE_SYS_STATVFS_H 1
| #define HAVE_LINUX_TYPES_H 1
| #define HAVE_LINUX_IF_ETHER_H 1
| #define HAVE_LINUX_NET_NAMESPACE_H 1
| #define HAVE_BACKTRACE 1
| #define HAVE_LINUX_PERF_EVENT_H 1
| #define HAVE___THREAD 1
| #define HAVE_GCC4_ATOMICS 1
| #define ATOMIC_ALWAYS_LOCK_FREE_1B 1
| #define ATOMIC_ALWAYS_LOCK_FREE_2B 1
| #define ATOMIC_ALWAYS_LOCK_FREE_4B 1
| #define ATOMIC_ALWAYS_LOCK_FREE_8B 1
| #define HAVE_GLIBC_PTHREAD_SETNAME_NP 1
| #define HAVE_POSIX_MEMALIGN 1
| #define HAVE_STDIO_H 1
| #define HAVE_STRING_H 1
| /* end confdefs.h.  */
| int x;
configure:20755: result: no
configure:20765: checking whether gcc -std=gnu99 accepts -fno-strict-aliasing
configure:20776: gcc -std=gnu99 -c -g -O2 -Werror -fno-strict-aliasing  conftest.c >&5
configure:20776: $? = 0
configure:20789: result: yes
configure:20799: checking whether gcc -std=gnu99 accepts -Wswitch-bool
configure:20810: gcc -std=gnu99 -c -g -O2 -Werror -Wswitch-bool  conftest.c >&5
gcc: error: unrecognized command line option '-Wswitch-bool'
configure:20810: $? = 1
configure: failed program was:
| /* confdefs.h */
| #define PACKAGE_NAME "openvswitch"
| #define PACKAGE_TARNAME "openvswitch"
| #define PACKAGE_VERSION "2.10.1"
| #define PACKAGE_STRING "openvswitch 2.10.1"
| #define PACKAGE_BUGREPORT "bugs@openvswitch.org"
| #define PACKAGE_URL ""
| #define PACKAGE "openvswitch"
| #define VERSION "2.10.1"
| #define STDC_HEADERS 1
| #define HAVE_SYS_TYPES_H 1
| #define HAVE_SYS_STAT_H 1
| #define HAVE_STDLIB_H 1
| #define HAVE_STRING_H 1
| #define HAVE_MEMORY_H 1
| #define HAVE_STRINGS_H 1
| #define HAVE_INTTYPES_H 1
| #define HAVE_STDINT_H 1
| #define HAVE_UNISTD_H 1
| #define __EXTENSIONS__ 1
| #define _ALL_SOURCE 1
| #define _GNU_SOURCE 1
| #define _POSIX_PTHREAD_SEMANTICS 1
| #define _TANDEM_SOURCE 1
| #define HAVE_DLFCN_H 1
| #define LT_OBJDIR ".libs/"
| #define HAVE_DECL_STRERROR_R 1
| #define HAVE_STRERROR_R 1
| #define STRERROR_R_CHAR_P 1
| #define VSTUDIO_DDK 1
| #define HAVE_NETLINK 1
| #define HAVE_OPENSSL 1
| #define HAVE_IF_PACKET 1
| #define HAVE_DECL_SYS_SIGLIST 1
| #define HAVE_STRUCT_STAT_ST_MTIM_TV_NSEC 1
| #define HAVE_STRUCT_MMSGHDR_MSG_LEN 1
| #define HAVE_STRUCT_SOCKADDR_IN6_SIN6_SCOPE_ID 1
| #define HAVE_MLOCKALL 1
| #define HAVE_STRNLEN 1
| #define HAVE_GETLOADAVG 1
| #define HAVE_STATVFS 1
| #define HAVE_GETMNTENT_R 1
| #define HAVE_SENDMMSG 1
| #define HAVE_CLOCK_GETTIME 1
| #define HAVE_MNTENT_H 1
| #define HAVE_SYS_STATVFS_H 1
| #define HAVE_LINUX_TYPES_H 1
| #define HAVE_LINUX_IF_ETHER_H 1
| #define HAVE_LINUX_NET_NAMESPACE_H 1
| #define HAVE_BACKTRACE 1
| #define HAVE_LINUX_PERF_EVENT_H 1
| #define HAVE___THREAD 1
| #define HAVE_GCC4_ATOMICS 1
| #define ATOMIC_ALWAYS_LOCK_FREE_1B 1
| #define ATOMIC_ALWAYS_LOCK_FREE_2B 1
| #define ATOMIC_ALWAYS_LOCK_FREE_4B 1
| #define ATOMIC_ALWAYS_LOCK_FREE_8B 1
| #define HAVE_GLIBC_PTHREAD_SETNAME_NP 1
| #define HAVE_POSIX_MEMALIGN 1
| #define HAVE_STDIO_H 1
| #define HAVE_STRING_H 1
| /* end confdefs.h.  */
| int x;
configure:20823: result: no
configure:20833: checking whether gcc -std=gnu99 accepts -Wlogical-not-parentheses
configure:20844: gcc -std=gnu99 -c -g -O2 -Werror -Wlogical-not-parentheses  conftest.c >&5
gcc: error: unrecognized command line option '-Wlogical-not-parentheses'
configure:20844: $? = 1
configure: failed program was:
| /* confdefs.h */
| #define PACKAGE_NAME "openvswitch"
| #define PACKAGE_TARNAME "openvswitch"
| #define PACKAGE_VERSION "2.10.1"
| #define PACKAGE_STRING "openvswitch 2.10.1"
| #define PACKAGE_BUGREPORT "bugs@openvswitch.org"
| #define PACKAGE_URL ""
| #define PACKAGE "openvswitch"
| #define VERSION "2.10.1"
| #define STDC_HEADERS 1
| #define HAVE_SYS_TYPES_H 1
| #define HAVE_SYS_STAT_H 1
| #define HAVE_STDLIB_H 1
| #define HAVE_STRING_H 1
| #define HAVE_MEMORY_H 1
| #define HAVE_STRINGS_H 1
| #define HAVE_INTTYPES_H 1
| #define HAVE_STDINT_H 1
| #define HAVE_UNISTD_H 1
| #define __EXTENSIONS__ 1
| #define _ALL_SOURCE 1
| #define _GNU_SOURCE 1
| #define _POSIX_PTHREAD_SEMANTICS 1
| #define _TANDEM_SOURCE 1
| #define HAVE_DLFCN_H 1
| #define LT_OBJDIR ".libs/"
| #define HAVE_DECL_STRERROR_R 1
| #define HAVE_STRERROR_R 1
| #define STRERROR_R_CHAR_P 1
| #define VSTUDIO_DDK 1
| #define HAVE_NETLINK 1
| #define HAVE_OPENSSL 1
| #define HAVE_IF_PACKET 1
| #define HAVE_DECL_SYS_SIGLIST 1
| #define HAVE_STRUCT_STAT_ST_MTIM_TV_NSEC 1
| #define HAVE_STRUCT_MMSGHDR_MSG_LEN 1
| #define HAVE_STRUCT_SOCKADDR_IN6_SIN6_SCOPE_ID 1
| #define HAVE_MLOCKALL 1
| #define HAVE_STRNLEN 1
| #define HAVE_GETLOADAVG 1
| #define HAVE_STATVFS 1
| #define HAVE_GETMNTENT_R 1
| #define HAVE_SENDMMSG 1
| #define HAVE_CLOCK_GETTIME 1
| #define HAVE_MNTENT_H 1
| #define HAVE_SYS_STATVFS_H 1
| #define HAVE_LINUX_TYPES_H 1
| #define HAVE_LINUX_IF_ETHER_H 1
| #define HAVE_LINUX_NET_NAMESPACE_H 1
| #define HAVE_BACKTRACE 1
| #define HAVE_LINUX_PERF_EVENT_H 1
| #define HAVE___THREAD 1
| #define HAVE_GCC4_ATOMICS 1
| #define ATOMIC_ALWAYS_LOCK_FREE_1B 1
| #define ATOMIC_ALWAYS_LOCK_FREE_2B 1
| #define ATOMIC_ALWAYS_LOCK_FREE_4B 1
| #define ATOMIC_ALWAYS_LOCK_FREE_8B 1
| #define HAVE_GLIBC_PTHREAD_SETNAME_NP 1
| #define HAVE_POSIX_MEMALIGN 1
| #define HAVE_STDIO_H 1
| #define HAVE_STRING_H 1
| /* end confdefs.h.  */
| int x;
configure:20857: result: no
configure:20867: checking whether gcc -std=gnu99 accepts -Wsizeof-array-argument
configure:20878: gcc -std=gnu99 -c -g -O2 -Werror -Wsizeof-array-argument  conftest.c >&5
gcc: error: unrecognized command line option '-Wsizeof-array-argument'
configure:20878: $? = 1
configure: failed program was:
| /* confdefs.h */
| #define PACKAGE_NAME "openvswitch"
| #define PACKAGE_TARNAME "openvswitch"
| #define PACKAGE_VERSION "2.10.1"
| #define PACKAGE_STRING "openvswitch 2.10.1"
| #define PACKAGE_BUGREPORT "bugs@openvswitch.org"
| #define PACKAGE_URL ""
| #define PACKAGE "openvswitch"
| #define VERSION "2.10.1"
| #define STDC_HEADERS 1
| #define HAVE_SYS_TYPES_H 1
| #define HAVE_SYS_STAT_H 1
| #define HAVE_STDLIB_H 1
| #define HAVE_STRING_H 1
| #define HAVE_MEMORY_H 1
| #define HAVE_STRINGS_H 1
| #define HAVE_INTTYPES_H 1
| #define HAVE_STDINT_H 1
| #define HAVE_UNISTD_H 1
| #define __EXTENSIONS__ 1
| #define _ALL_SOURCE 1
| #define _GNU_SOURCE 1
| #define _POSIX_PTHREAD_SEMANTICS 1
| #define _TANDEM_SOURCE 1
| #define HAVE_DLFCN_H 1
| #define LT_OBJDIR ".libs/"
| #define HAVE_DECL_STRERROR_R 1
| #define HAVE_STRERROR_R 1
| #define STRERROR_R_CHAR_P 1
| #define VSTUDIO_DDK 1
| #define HAVE_NETLINK 1
| #define HAVE_OPENSSL 1
| #define HAVE_IF_PACKET 1
| #define HAVE_DECL_SYS_SIGLIST 1
| #define HAVE_STRUCT_STAT_ST_MTIM_TV_NSEC 1
| #define HAVE_STRUCT_MMSGHDR_MSG_LEN 1
| #define HAVE_STRUCT_SOCKADDR_IN6_SIN6_SCOPE_ID 1
| #define HAVE_MLOCKALL 1
| #define HAVE_STRNLEN 1
| #define HAVE_GETLOADAVG 1
| #define HAVE_STATVFS 1
| #define HAVE_GETMNTENT_R 1
| #define HAVE_SENDMMSG 1
| #define HAVE_CLOCK_GETTIME 1
| #define HAVE_MNTENT_H 1
| #define HAVE_SYS_STATVFS_H 1
| #define HAVE_LINUX_TYPES_H 1
| #define HAVE_LINUX_IF_ETHER_H 1
| #define HAVE_LINUX_NET_NAMESPACE_H 1
| #define HAVE_BACKTRACE 1
| #define HAVE_LINUX_PERF_EVENT_H 1
| #define HAVE___THREAD 1
| #define HAVE_GCC4_ATOMICS 1
| #define ATOMIC_ALWAYS_LOCK_FREE_1B 1
| #define ATOMIC_ALWAYS_LOCK_FREE_2B 1
| #define ATOMIC_ALWAYS_LOCK_FREE_4B 1
| #define ATOMIC_ALWAYS_LOCK_FREE_8B 1
| #define HAVE_GLIBC_PTHREAD_SETNAME_NP 1
| #define HAVE_POSIX_MEMALIGN 1
| #define HAVE_STDIO_H 1
| #define HAVE_STRING_H 1
| /* end confdefs.h.  */
| int x;
configure:20891: result: no
configure:20901: checking whether gcc -std=gnu99 accepts -Wbool-compare
configure:20912: gcc -std=gnu99 -c -g -O2 -Werror -Wbool-compare  conftest.c >&5
gcc: error: unrecognized command line option '-Wbool-compare'
configure:20912: $? = 1
configure: failed program was:
| /* confdefs.h */
| #define PACKAGE_NAME "openvswitch"
| #define PACKAGE_TARNAME "openvswitch"
| #define PACKAGE_VERSION "2.10.1"
| #define PACKAGE_STRING "openvswitch 2.10.1"
| #define PACKAGE_BUGREPORT "bugs@openvswitch.org"
| #define PACKAGE_URL ""
| #define PACKAGE "openvswitch"
| #define VERSION "2.10.1"
| #define STDC_HEADERS 1
| #define HAVE_SYS_TYPES_H 1
| #define HAVE_SYS_STAT_H 1
| #define HAVE_STDLIB_H 1
| #define HAVE_STRING_H 1
| #define HAVE_MEMORY_H 1
| #define HAVE_STRINGS_H 1
| #define HAVE_INTTYPES_H 1
| #define HAVE_STDINT_H 1
| #define HAVE_UNISTD_H 1
| #define __EXTENSIONS__ 1
| #define _ALL_SOURCE 1
| #define _GNU_SOURCE 1
| #define _POSIX_PTHREAD_SEMANTICS 1
| #define _TANDEM_SOURCE 1
| #define HAVE_DLFCN_H 1
| #define LT_OBJDIR ".libs/"
| #define HAVE_DECL_STRERROR_R 1
| #define HAVE_STRERROR_R 1
| #define STRERROR_R_CHAR_P 1
| #define VSTUDIO_DDK 1
| #define HAVE_NETLINK 1
| #define HAVE_OPENSSL 1
| #define HAVE_IF_PACKET 1
| #define HAVE_DECL_SYS_SIGLIST 1
| #define HAVE_STRUCT_STAT_ST_MTIM_TV_NSEC 1
| #define HAVE_STRUCT_MMSGHDR_MSG_LEN 1
| #define HAVE_STRUCT_SOCKADDR_IN6_SIN6_SCOPE_ID 1
| #define HAVE_MLOCKALL 1
| #define HAVE_STRNLEN 1
| #define HAVE_GETLOADAVG 1
| #define HAVE_STATVFS 1
| #define HAVE_GETMNTENT_R 1
| #define HAVE_SENDMMSG 1
| #define HAVE_CLOCK_GETTIME 1
| #define HAVE_MNTENT_H 1
| #define HAVE_SYS_STATVFS_H 1
| #define HAVE_LINUX_TYPES_H 1
| #define HAVE_LINUX_IF_ETHER_H 1
| #define HAVE_LINUX_NET_NAMESPACE_H 1
| #define HAVE_BACKTRACE 1
| #define HAVE_LINUX_PERF_EVENT_H 1
| #define HAVE___THREAD 1
| #define HAVE_GCC4_ATOMICS 1
| #define ATOMIC_ALWAYS_LOCK_FREE_1B 1
| #define ATOMIC_ALWAYS_LOCK_FREE_2B 1
| #define ATOMIC_ALWAYS_LOCK_FREE_4B 1
| #define ATOMIC_ALWAYS_LOCK_FREE_8B 1
| #define HAVE_GLIBC_PTHREAD_SETNAME_NP 1
| #define HAVE_POSIX_MEMALIGN 1
| #define HAVE_STDIO_H 1
| #define HAVE_STRING_H 1
| /* end confdefs.h.  */
| int x;
configure:20925: result: no
configure:20935: checking whether gcc -std=gnu99 accepts -Wshift-negative-value
configure:20946: gcc -std=gnu99 -c -g -O2 -Werror -Wshift-negative-value  conftest.c >&5
gcc: error: unrecognized command line option '-Wshift-negative-value'
configure:20946: $? = 1
configure: failed program was:
| /* confdefs.h */
| #define PACKAGE_NAME "openvswitch"
| #define PACKAGE_TARNAME "openvswitch"
| #define PACKAGE_VERSION "2.10.1"
| #define PACKAGE_STRING "openvswitch 2.10.1"
| #define PACKAGE_BUGREPORT "bugs@openvswitch.org"
| #define PACKAGE_URL ""
| #define PACKAGE "openvswitch"
| #define VERSION "2.10.1"
| #define STDC_HEADERS 1
| #define HAVE_SYS_TYPES_H 1
| #define HAVE_SYS_STAT_H 1
| #define HAVE_STDLIB_H 1
| #define HAVE_STRING_H 1
| #define HAVE_MEMORY_H 1
| #define HAVE_STRINGS_H 1
| #define HAVE_INTTYPES_H 1
| #define HAVE_STDINT_H 1
| #define HAVE_UNISTD_H 1
| #define __EXTENSIONS__ 1
| #define _ALL_SOURCE 1
| #define _GNU_SOURCE 1
| #define _POSIX_PTHREAD_SEMANTICS 1
| #define _TANDEM_SOURCE 1
| #define HAVE_DLFCN_H 1
| #define LT_OBJDIR ".libs/"
| #define HAVE_DECL_STRERROR_R 1
| #define HAVE_STRERROR_R 1
| #define STRERROR_R_CHAR_P 1
| #define VSTUDIO_DDK 1
| #define HAVE_NETLINK 1
| #define HAVE_OPENSSL 1
| #define HAVE_IF_PACKET 1
| #define HAVE_DECL_SYS_SIGLIST 1
| #define HAVE_STRUCT_STAT_ST_MTIM_TV_NSEC 1
| #define HAVE_STRUCT_MMSGHDR_MSG_LEN 1
| #define HAVE_STRUCT_SOCKADDR_IN6_SIN6_SCOPE_ID 1
| #define HAVE_MLOCKALL 1
| #define HAVE_STRNLEN 1
| #define HAVE_GETLOADAVG 1
| #define HAVE_STATVFS 1
| #define HAVE_GETMNTENT_R 1
| #define HAVE_SENDMMSG 1
| #define HAVE_CLOCK_GETTIME 1
| #define HAVE_MNTENT_H 1
| #define HAVE_SYS_STATVFS_H 1
| #define HAVE_LINUX_TYPES_H 1
| #define HAVE_LINUX_IF_ETHER_H 1
| #define HAVE_LINUX_NET_NAMESPACE_H 1
| #define HAVE_BACKTRACE 1
| #define HAVE_LINUX_PERF_EVENT_H 1
| #define HAVE___THREAD 1
| #define HAVE_GCC4_ATOMICS 1
| #define ATOMIC_ALWAYS_LOCK_FREE_1B 1
| #define ATOMIC_ALWAYS_LOCK_FREE_2B 1
| #define ATOMIC_ALWAYS_LOCK_FREE_4B 1
| #define ATOMIC_ALWAYS_LOCK_FREE_8B 1
| #define HAVE_GLIBC_PTHREAD_SETNAME_NP 1
| #define HAVE_POSIX_MEMALIGN 1
| #define HAVE_STDIO_H 1
| #define HAVE_STRING_H 1
| /* end confdefs.h.  */
| int x;
configure:20959: result: no
configure:20969: checking whether gcc -std=gnu99 accepts -Wduplicated-cond
configure:20980: gcc -std=gnu99 -c -g -O2 -Werror -Wduplicated-cond  conftest.c >&5
gcc: error: unrecognized command line option '-Wduplicated-cond'
configure:20980: $? = 1
configure: failed program was:
| /* confdefs.h */
| #define PACKAGE_NAME "openvswitch"
| #define PACKAGE_TARNAME "openvswitch"
| #define PACKAGE_VERSION "2.10.1"
| #define PACKAGE_STRING "openvswitch 2.10.1"
| #define PACKAGE_BUGREPORT "bugs@openvswitch.org"
| #define PACKAGE_URL ""
| #define PACKAGE "openvswitch"
| #define VERSION "2.10.1"
| #define STDC_HEADERS 1
| #define HAVE_SYS_TYPES_H 1
| #define HAVE_SYS_STAT_H 1
| #define HAVE_STDLIB_H 1
| #define HAVE_STRING_H 1
| #define HAVE_MEMORY_H 1
| #define HAVE_STRINGS_H 1
| #define HAVE_INTTYPES_H 1
| #define HAVE_STDINT_H 1
| #define HAVE_UNISTD_H 1
| #define __EXTENSIONS__ 1
| #define _ALL_SOURCE 1
| #define _GNU_SOURCE 1
| #define _POSIX_PTHREAD_SEMANTICS 1
| #define _TANDEM_SOURCE 1
| #define HAVE_DLFCN_H 1
| #define LT_OBJDIR ".libs/"
| #define HAVE_DECL_STRERROR_R 1
| #define HAVE_STRERROR_R 1
| #define STRERROR_R_CHAR_P 1
| #define VSTUDIO_DDK 1
| #define HAVE_NETLINK 1
| #define HAVE_OPENSSL 1
| #define HAVE_IF_PACKET 1
| #define HAVE_DECL_SYS_SIGLIST 1
| #define HAVE_STRUCT_STAT_ST_MTIM_TV_NSEC 1
| #define HAVE_STRUCT_MMSGHDR_MSG_LEN 1
| #define HAVE_STRUCT_SOCKADDR_IN6_SIN6_SCOPE_ID 1
| #define HAVE_MLOCKALL 1
| #define HAVE_STRNLEN 1
| #define HAVE_GETLOADAVG 1
| #define HAVE_STATVFS 1
| #define HAVE_GETMNTENT_R 1
| #define HAVE_SENDMMSG 1
| #define HAVE_CLOCK_GETTIME 1
| #define HAVE_MNTENT_H 1
| #define HAVE_SYS_STATVFS_H 1
| #define HAVE_LINUX_TYPES_H 1
| #define HAVE_LINUX_IF_ETHER_H 1
| #define HAVE_LINUX_NET_NAMESPACE_H 1
| #define HAVE_BACKTRACE 1
| #define HAVE_LINUX_PERF_EVENT_H 1
| #define HAVE___THREAD 1
| #define HAVE_GCC4_ATOMICS 1
| #define ATOMIC_ALWAYS_LOCK_FREE_1B 1
| #define ATOMIC_ALWAYS_LOCK_FREE_2B 1
| #define ATOMIC_ALWAYS_LOCK_FREE_4B 1
| #define ATOMIC_ALWAYS_LOCK_FREE_8B 1
| #define HAVE_GLIBC_PTHREAD_SETNAME_NP 1
| #define HAVE_POSIX_MEMALIGN 1
| #define HAVE_STDIO_H 1
| #define HAVE_STRING_H 1
| /* end confdefs.h.  */
| int x;
configure:20993: result: no
configure:21003: checking whether gcc -std=gnu99 accepts -Qunused-arguments
configure:21014: gcc -std=gnu99 -c -g -O2 -Werror -Qunused-arguments  conftest.c >&5
gcc: error: unrecognized command line option '-Qunused-arguments'
configure:21014: $? = 1
configure: failed program was:
| /* confdefs.h */
| #define PACKAGE_NAME "openvswitch"
| #define PACKAGE_TARNAME "openvswitch"
| #define PACKAGE_VERSION "2.10.1"
| #define PACKAGE_STRING "openvswitch 2.10.1"
| #define PACKAGE_BUGREPORT "bugs@openvswitch.org"
| #define PACKAGE_URL ""
| #define PACKAGE "openvswitch"
| #define VERSION "2.10.1"
| #define STDC_HEADERS 1
| #define HAVE_SYS_TYPES_H 1
| #define HAVE_SYS_STAT_H 1
| #define HAVE_STDLIB_H 1
| #define HAVE_STRING_H 1
| #define HAVE_MEMORY_H 1
| #define HAVE_STRINGS_H 1
| #define HAVE_INTTYPES_H 1
| #define HAVE_STDINT_H 1
| #define HAVE_UNISTD_H 1
| #define __EXTENSIONS__ 1
| #define _ALL_SOURCE 1
| #define _GNU_SOURCE 1
| #define _POSIX_PTHREAD_SEMANTICS 1
| #define _TANDEM_SOURCE 1
| #define HAVE_DLFCN_H 1
| #define LT_OBJDIR ".libs/"
| #define HAVE_DECL_STRERROR_R 1
| #define HAVE_STRERROR_R 1
| #define STRERROR_R_CHAR_P 1
| #define VSTUDIO_DDK 1
| #define HAVE_NETLINK 1
| #define HAVE_OPENSSL 1
| #define HAVE_IF_PACKET 1
| #define HAVE_DECL_SYS_SIGLIST 1
| #define HAVE_STRUCT_STAT_ST_MTIM_TV_NSEC 1
| #define HAVE_STRUCT_MMSGHDR_MSG_LEN 1
| #define HAVE_STRUCT_SOCKADDR_IN6_SIN6_SCOPE_ID 1
| #define HAVE_MLOCKALL 1
| #define HAVE_STRNLEN 1
| #define HAVE_GETLOADAVG 1
| #define HAVE_STATVFS 1
| #define HAVE_GETMNTENT_R 1
| #define HAVE_SENDMMSG 1
| #define HAVE_CLOCK_GETTIME 1
| #define HAVE_MNTENT_H 1
| #define HAVE_SYS_STATVFS_H 1
| #define HAVE_LINUX_TYPES_H 1
| #define HAVE_LINUX_IF_ETHER_H 1
| #define HAVE_LINUX_NET_NAMESPACE_H 1
| #define HAVE_BACKTRACE 1
| #define HAVE_LINUX_PERF_EVENT_H 1
| #define HAVE___THREAD 1
| #define HAVE_GCC4_ATOMICS 1
| #define ATOMIC_ALWAYS_LOCK_FREE_1B 1
| #define ATOMIC_ALWAYS_LOCK_FREE_2B 1
| #define ATOMIC_ALWAYS_LOCK_FREE_4B 1
| #define ATOMIC_ALWAYS_LOCK_FREE_8B 1
| #define HAVE_GLIBC_PTHREAD_SETNAME_NP 1
| #define HAVE_POSIX_MEMALIGN 1
| #define HAVE_STDIO_H 1
| #define HAVE_STRING_H 1
| /* end confdefs.h.  */
| int x;
configure:21027: result: no
configure:21037: checking whether gcc -std=gnu99 accepts -Wshadow
configure:21048: gcc -std=gnu99 -c -g -O2 -Werror -Wshadow  conftest.c >&5
configure:21048: $? = 0
configure:21061: result: yes
configure:21071: checking whether gcc -std=gnu99 accepts -Wno-null-pointer-arithmetic
configure:21082: gcc -std=gnu99 -c -g -O2 -Werror -Wno-null-pointer-arithmetic  conftest.c >&5
configure:21082: $? = 0
configure:21095: result: yes
configure:21105: checking whether gcc -std=gnu99 accepts -Wno-unused
configure:21116: gcc -std=gnu99 -c -g -O2 -Werror -Wno-unused  conftest.c >&5
configure:21116: $? = 0
configure:21129: result: yes
configure:21146: checking whether gcc -std=gnu99 accepts -Wno-unused-parameter
configure:21157: gcc -std=gnu99 -c -g -O2 -Werror -Wno-unused-parameter  conftest.c >&5
configure:21157: $? = 0
configure:21170: result: yes
configure:21211: checking target hint for cgcc
configure:21225: result: x86_64
configure:21326: checking for Linux build directory
configure:21329: result: /lib/modules/3.10.0-957.1.3.el7.x86_64/build
configure:21341: checking for Linux source directory
configure:21375: result: /lib/modules/3.10.0-957.1.3.el7.x86_64/build
configure:21378: checking for kernel version
configure:21390: result: 3.10.0
configure:21422: checking whether src_err, matches in /lib/modules/3.10.0-957.1.3.el7.x86_64/build/arch/x86/include/asm/checksum_32.h
configure:21436: result: no
configure:21452: checking whether ipv6_dst_lookup.*net matches in /lib/modules/3.10.0-957.1.3.el7.x86_64/build/include/net/addrconf.h
configure:21459: result: yes
configure:21481: checking whether ipv6_stub matches in /lib/modules/3.10.0-957.1.3.el7.x86_64/build/include/net/addrconf.h
configure:21488: result: yes
configure:21511: checking whether ERR_CAST matches in /lib/modules/3.10.0-957.1.3.el7.x86_64/build/include/linux/err.h
configure:21518: result: yes
configure:21540: checking whether IS_ERR_OR_NULL matches in /lib/modules/3.10.0-957.1.3.el7.x86_64/build/include/linux/err.h
configure:21547: result: yes
configure:21569: checking whether PTR_ERR_OR_ZERO matches in /lib/modules/3.10.0-957.1.3.el7.x86_64/build/include/linux/err.h
configure:21576: result: yes
configure:21599: checking whether DEFINE_STATIC_KEY_FALSE matches in /lib/modules/3.10.0-957.1.3.el7.x86_64/build/include/linux/jump_label.h
configure:21613: result: no
configure:21629: checking whether eth_hw_addr_random matches in /lib/modules/3.10.0-957.1.3.el7.x86_64/build/include/linux/etherdevice.h
configure:21636: result: yes
configure:21658: checking whether ether_addr_copy matches in /lib/modules/3.10.0-957.1.3.el7.x86_64/build/include/linux/etherdevice.h
configure:21665: result: yes
configure:21688: checking whether IFLA_GENEVE_TOS matches in /lib/modules/3.10.0-957.1.3.el7.x86_64/build/include/uapi/linux/if_link.h
configure:21695: result: yes
configure:21717: checking whether rtnl_link_stats64 matches in /lib/modules/3.10.0-957.1.3.el7.x86_64/build/include/uapi/linux/if_link.h
configure:21724: result: yes
configure:21746: checking whether rtnl_link_stats64 matches in /lib/modules/3.10.0-957.1.3.el7.x86_64/build/include/linux/if_link.h
configure:21760: result: no
configure:21775: checking whether vlan_set_encap_proto matches in /lib/modules/3.10.0-957.1.3.el7.x86_64/build/include/linux/if_vlan.h
configure:21782: result: yes
configure:21804: checking whether vlan_hwaccel_push_inside matches in /lib/modules/3.10.0-957.1.3.el7.x86_64/build/include/linux/if_vlan.h
configure:21811: result: yes
configure:21834: checking whether ipv4_is_multicast matches in /lib/modules/3.10.0-957.1.3.el7.x86_64/build/include/linux/in.h
configure:21841: result: yes
configure:21863: checking whether proto_ports_offset matches in /lib/modules/3.10.0-957.1.3.el7.x86_64/build/include/linux/in.h
configure:21870: result: yes
configure:21892: checking whether __ip_select_ident.*dst_entry matches in /lib/modules/3.10.0-957.1.3.el7.x86_64/build/include/net/ip.h
configure:21906: result: no
configure:21921: checking whether __ip_select_ident.*net matches in /lib/modules/3.10.0-957.1.3.el7.x86_64/build/include/net/ip.h
configure:21928: result: yes
configure:21951: checking whether inet_get_local_port_range.*net matches in /lib/modules/3.10.0-957.1.3.el7.x86_64/build/include/net/ip.h
configure:21958: result: yes
configure:21980: checking whether ip_defrag.*net matches in /lib/modules/3.10.0-957.1.3.el7.x86_64/build/include/net/ip.h
configure:21994: result: no
configure:22009: checking whether ip_do_fragment has parameter net in /lib/modules/3.10.0-957.1.3.el7.x86_64/build/include/net/ip.h
configure:22023: result: no
configure:22038: checking whether ip_local_out has parameter net in /lib/modules/3.10.0-957.1.3.el7.x86_64/build/include/net/ip.h
configure:22052: result: no
configure:22068: checking whether ip_skb_dst_mtu matches in /lib/modules/3.10.0-957.1.3.el7.x86_64/build/include/net/ip.h
configure:22075: result: yes
configure:22098: checking whether IPSKB_FRAG_PMTU matches in /lib/modules/3.10.0-957.1.3.el7.x86_64/build/include/net/ip.h
configure:22105: result: yes
configure:22127: checking whether __ip_tunnel_change_mtu matches in /lib/modules/3.10.0-957.1.3.el7.x86_64/build/include/net/ip_tunnels.h
configure:22134: result: yes
configure:22156: checking whether hashfn.*const matches in /lib/modules/3.10.0-957.1.3.el7.x86_64/build/include/net/inet_frag.h
configure:22170: result: no
configure:22185: checking whether last_in matches in /lib/modules/3.10.0-957.1.3.el7.x86_64/build/include/net/inet_frag.h
configure:22192: result: yes
configure:22214: checking whether inet_frag_evicting matches in /lib/modules/3.10.0-957.1.3.el7.x86_64/build/include/net/inet_frag.h
configure:22228: result: no
configure:22243: checking whether inet_frag_evictor matches in /lib/modules/3.10.0-957.1.3.el7.x86_64/build/include/net/inet_frag.h
configure:22250: result: yes
configure:22272: checking whether inet_frags has member frags_work in /lib/modules/3.10.0-957.1.3.el7.x86_64/build/include/net/inet_frag.h
configure:22286: result: no
configure:22301: checking whether inet_frags has member rwlock in /lib/modules/3.10.0-957.1.3.el7.x86_64/build/include/net/inet_frag.h
configure:22308: result: yes
configure:22330: checking whether inet_frag_queue has member list_evictor in /lib/modules/3.10.0-957.1.3.el7.x86_64/build/include/net/inet_frag.h
configure:22344: result: no
configure:22359: checking whether inet_frag_lru_move matches in /lib/modules/3.10.0-957.1.3.el7.x86_64/build/include/net/inet_frag.h
configure:22366: result: yes
configure:22388: checking whether sub_frag_mem_limit has parameter struct.netns_frags in /lib/modules/3.10.0-957.1.3.el7.x86_64/build/include/net/inet_frag.h
configure:22402: result: no
configure:22417: checking whether void.*inet_frags_init matches in /lib/modules/3.10.0-957.1.3.el7.x86_64/build/include/net/inet_frag.h
configure:22424: result: yes
configure:22446: checking whether vif matches in /lib/modules/3.10.0-957.1.3.el7.x86_64/build/include/net/inetpeer.h
configure:22460: result: no
configure:22477: checking whether ip_tunnel_key has member label in /lib/modules/3.10.0-957.1.3.el7.x86_64/build/include/net/ip_tunnels.h
configure:22484: result: yes
configure:22487: checking whether iptunnel_pull_offloads matches in /lib/modules/3.10.0-957.1.3.el7.x86_64/build/include/net/ip_tunnels.h
configure:22494: result: yes
configure:22497: checking whether dst_cache matches in /lib/modules/3.10.0-957.1.3.el7.x86_64/build/include/net/dst_cache.h
configure:22504: result: yes
configure:22507: checking whether erspan_md2 matches in /lib/modules/3.10.0-957.1.3.el7.x86_64/build/include/net/erspan.h
configure:22530: result: file not found
configure:22585: checking whether dst_cache matches in /lib/modules/3.10.0-957.1.3.el7.x86_64/build/include/net/dst_cache.h
configure:22592: result: yes
configure:22614: checking whether mpls_hdr matches in /lib/modules/3.10.0-957.1.3.el7.x86_64/build/include/net/mpls.h
configure:22621: result: yes
configure:22643: checking whether sock_create_kern.*net matches in /lib/modules/3.10.0-957.1.3.el7.x86_64/build/include/linux/net.h
configure:22657: result: no
configure:22672: checking whether ndo_fill_metadata_dst matches in /lib/modules/3.10.0-957.1.3.el7.x86_64/build/include/linux/netdevice.h
configure:22679: result: yes
configure:22701: checking whether dev_disable_lro matches in /lib/modules/3.10.0-957.1.3.el7.x86_64/build/include/linux/netdevice.h
configure:22708: result: yes
configure:22730: checking whether dev_get_stats matches in /lib/modules/3.10.0-957.1.3.el7.x86_64/build/include/linux/netdevice.h
configure:22737: result: yes
configure:22759: checking whether dev_get_by_index_rcu matches in /lib/modules/3.10.0-957.1.3.el7.x86_64/build/include/linux/netdevice.h
configure:22766: result: yes
configure:22788: checking whether dev_recursion_level matches in /lib/modules/3.10.0-957.1.3.el7.x86_64/build/include/linux/netdevice.h
configure:22795: result: yes
configure:22817: checking whether __skb_gso_segment matches in /lib/modules/3.10.0-957.1.3.el7.x86_64/build/include/linux/netdevice.h
configure:22824: result: yes
configure:22846: checking whether skb_gso_error_unwind matches in /lib/modules/3.10.0-957.1.3.el7.x86_64/build/include/linux/netdevice.h
configure:22853: result: yes
configure:22875: checking whether can_checksum_protocol matches in /lib/modules/3.10.0-957.1.3.el7.x86_64/build/include/linux/netdevice.h
configure:22882: result: yes
configure:22904: checking whether ndo_get_iflink matches in /lib/modules/3.10.0-957.1.3.el7.x86_64/build/include/linux/netdevice.h
configure:22911: result: yes
configure:22933: checking whether ndo_features_check matches in /lib/modules/3.10.0-957.1.3.el7.x86_64/build/include/linux/netdevice.h
configure:22940: result: yes
configure:22962: checking whether ndo_add_vxlan_port matches in /lib/modules/3.10.0-957.1.3.el7.x86_64/build/include/linux/netdevice.h
configure:22969: result: yes
configure:22991: checking whether ndo_add_geneve_port matches in /lib/modules/3.10.0-957.1.3.el7.x86_64/build/include/linux/netdevice.h
configure:22998: result: yes
configure:23020: checking whether netdev_features_t matches in /lib/modules/3.10.0-957.1.3.el7.x86_64/build/include/linux/netdevice.h
configure:23027: result: yes
configure:23049: checking whether pcpu_sw_netstats.*tstats matches in /lib/modules/3.10.0-957.1.3.el7.x86_64/build/include/linux/netdevice.h
configure:23056: result: yes
configure:23078: checking whether netif_needs_gso.*net_device matches in /lib/modules/3.10.0-957.1.3.el7.x86_64/build/include/linux/netdevice.h
configure:23092: result: no
configure:23107: checking whether skb_csum_hwoffload_help matches in /lib/modules/3.10.0-957.1.3.el7.x86_64/build/include/linux/netdevice.h
configure:23114: result: yes
configure:23136: checking whether udp_offload matches in /lib/modules/3.10.0-957.1.3.el7.x86_64/build/include/linux/netdevice.h
configure:23150: result: no
configure:23165: checking whether udp_offload.*uoff matches in /lib/modules/3.10.0-957.1.3.el7.x86_64/build/include/linux/netdevice.h
configure:23179: result: no
configure:23194: checking whether gro_remcsum matches in /lib/modules/3.10.0-957.1.3.el7.x86_64/build/include/linux/netdevice.h
configure:23201: result: yes
configure:23223: checking whether IFF_PHONY_HEADROOM matches in /lib/modules/3.10.0-957.1.3.el7.x86_64/build/include/linux/netdevice.h
configure:23230: result: yes
configure:23252: checking whether net_device_ops has member extended in /lib/modules/3.10.0-957.1.3.el7.x86_64/build/include/linux/netdevice.h
configure:23259: result: yes
configure:23281: checking whether netdev_master_upper_dev_link has parameter upper_priv in /lib/modules/3.10.0-957.1.3.el7.x86_64/build/include/linux/netdevice.h
configure:23295: result: no
configure:23310: checking whether netdev_master_upper_dev_link_rh matches in /lib/modules/3.10.0-957.1.3.el7.x86_64/build/include/linux/netdevice.h
configure:23317: result: yes
configure:23340: checking whether net_device has member max_mtu in /lib/modules/3.10.0-957.1.3.el7.x86_64/build/include/linux/netdevice.h
configure:23354: result: no
configure:23369: checking whether net_device_ops_extended has member ndo_change_mtu in /lib/modules/3.10.0-957.1.3.el7.x86_64/build/include/linux/netdevice.h
configure:23376: result: yes
configure:23399: checking whether nf_hook_state matches in /lib/modules/3.10.0-957.1.3.el7.x86_64/build/include/linux/netfilter.h
configure:23406: result: yes
configure:23428: checking whether nf_register_net_hook matches in /lib/modules/3.10.0-957.1.3.el7.x86_64/build/include/linux/netfilter.h
configure:23442: result: no
configure:23457: checking whether nf_hookfn.*nf_hook_ops matches in /lib/modules/3.10.0-957.1.3.el7.x86_64/build/include/linux/netfilter.h
configure:23464: result: yes
configure:23486: checking whether nf_hookfn has parameter priv in /lib/modules/3.10.0-957.1.3.el7.x86_64/build/include/linux/netfilter.h
configure:23500: result: no
configure:23515: checking whether nf_hook_ops has member owner in /lib/modules/3.10.0-957.1.3.el7.x86_64/build/include/linux/netfilter.h
configure:23522: result: yes
configure:23544: checking whether NFPROTO_INET matches in /lib/modules/3.10.0-957.1.3.el7.x86_64/build/include/linux/netfilter.h
configure:23558: result: no
configure:23575: checking whether nf_ipv6_ops has member fragment.*sock in /lib/modules/3.10.0-957.1.3.el7.x86_64/build/include/linux/netfilter_ipv6.h
configure:23582: result: yes
configure:23605: checking whether nf_conn has member struct timer_list[ \t]*timeout in /lib/modules/3.10.0-957.1.3.el7.x86_64/build/include/net/netfilter/nf_conntrack.h
configure:23612: result: yes
configure:23634: checking whether nf_ct_delete( matches in /lib/modules/3.10.0-957.1.3.el7.x86_64/build/include/net/netfilter/nf_conntrack.h
configure:23641: result: yes
configure:23664: checking whether nf_ct_tmpl_alloc has parameter nf_conntrack_zone in /lib/modules/3.10.0-957.1.3.el7.x86_64/build/include/net/netfilter/nf_conntrack.h
configure:23671: result: yes
configure:23693: checking whether nf_ct_get_tuplepr has parameter struct.net in /lib/modules/3.10.0-957.1.3.el7.x86_64/build/include/net/netfilter/nf_conntrack.h
configure:23707: result: no
configure:23722: checking whether nf_ct_set matches in /lib/modules/3.10.0-957.1.3.el7.x86_64/build/include/net/netfilter/nf_conntrack.h
configure:23729: result: yes
configure:23751: checking whether nf_ct_is_untracked matches in /lib/modules/3.10.0-957.1.3.el7.x86_64/build/include/net/netfilter/nf_conntrack.h
configure:23758: result: yes
configure:23780: checking whether nf_ct_zone_init matches in /lib/modules/3.10.0-957.1.3.el7.x86_64/build/include/net/netfilter/nf_conntrack_zones.h
configure:23787: result: yes
configure:23809: checking whether net_ns_get has member  in /lib/modules/3.10.0-957.1.3.el7.x86_64/build/include/net/netfilter/nf_conntrack_l3proto.h
configure:23823: result: no
configure:23838: checking whether nf_connlabels_get matches in /lib/modules/3.10.0-957.1.3.el7.x86_64/build/include/net/netfilter/nf_conntrack_labels.h
configure:23845: result: yes
configure:23867: checking whether nf_connlabels_get has parameter int bit in /lib/modules/3.10.0-957.1.3.el7.x86_64/build/include/net/netfilter/nf_conntrack_labels.h
configure:23874: result: yes
configure:23896: checking whether nf_conn_labels has member words in /lib/modules/3.10.0-957.1.3.el7.x86_64/build/include/net/netfilter/nf_conntrack_labels.h
configure:23910: result: no
configure:23925: checking whether nf_ct_nat_ext_add matches in /lib/modules/3.10.0-957.1.3.el7.x86_64/build/include/net/netfilter/nf_nat.h
configure:23932: result: yes
configure:23954: checking whether nf_nat_alloc_null_binding matches in /lib/modules/3.10.0-957.1.3.el7.x86_64/build/include/net/netfilter/nf_nat.h
configure:23961: result: yes
configure:23983: checking whether nf_nat_range2 matches in /lib/modules/3.10.0-957.1.3.el7.x86_64/build/include/net/netfilter/nf_nat.h
configure:23997: result: no
configure:24012: checking whether nf_ct_seq_adjust matches in /lib/modules/3.10.0-957.1.3.el7.x86_64/build/include/net/netfilter/nf_conntrack_seqadj.h
configure:24019: result: yes
configure:24041: checking whether nf_conncount_gc_list matches in /lib/modules/3.10.0-957.1.3.el7.x86_64/build/include/net/netfilter/nf_conntrack_count.h
configure:24064: result: file not found
configure:24071: checking whether prandom_u32 matches in /lib/modules/3.10.0-957.1.3.el7.x86_64/build/include/linux/random.h
configure:24078: result: yes
configure:24100: checking whether prandom_u32_max matches in /lib/modules/3.10.0-957.1.3.el7.x86_64/build/include/linux/random.h
configure:24107: result: yes
configure:24130: checking whether get_link_net matches in /lib/modules/3.10.0-957.1.3.el7.x86_64/build/include/net/rtnetlink.h
configure:24137: result: yes
configure:24159: checking whether name_assign_type matches in /lib/modules/3.10.0-957.1.3.el7.x86_64/build/include/net/rtnetlink.h
configure:24173: result: no
configure:24188: checking whether rtnl_create_link.*src_net matches in /lib/modules/3.10.0-957.1.3.el7.x86_64/build/include/net/rtnetlink.h
configure:24202: result: no
configure:24217: checking whether possible_net_t matches in /lib/modules/3.10.0-957.1.3.el7.x86_64/build/include/net/net_namespace.h
configure:24224: result: yes
configure:24247: checking whether rcu_read_lock_held matches in /lib/modules/3.10.0-957.1.3.el7.x86_64/build/include/linux/rcupdate.h
configure:24254: result: yes
configure:24332: checking whether lockdep_rtnl_is_held matches in /lib/modules/3.10.0-957.1.3.el7.x86_64/build/include/linux/rtnetlink.h
configure:24339: result: yes
configure:24361: checking whether net_rwsem matches in /lib/modules/3.10.0-957.1.3.el7.x86_64/build/include/linux/rtnetlink.h
configure:24375: result: no
configure:24396: checking whether [^@]proto_data_valid matches in /lib/modules/3.10.0-957.1.3.el7.x86_64/build/include/linux/skbuff.h
configure:24410: result: no
configure:24425: checking whether skb_checksum_start_offset matches in /lib/modules/3.10.0-957.1.3.el7.x86_64/build/include/linux/skbuff.h
configure:24432: result: yes
configure:24454: checking whether inner_protocol matches in /lib/modules/3.10.0-957.1.3.el7.x86_64/build/include/linux/skbuff.h
configure:24461: result: yes
configure:24483: checking whether inner_protocol_type matches in /lib/modules/3.10.0-957.1.3.el7.x86_64/build/include/linux/skbuff.h
configure:24490: result: yes
configure:24512: checking whether skb_inner_transport_offset matches in /lib/modules/3.10.0-957.1.3.el7.x86_64/build/include/linux/skbuff.h
configure:24519: result: yes
configure:24541: checking whether kfree_skb_list matches in /lib/modules/3.10.0-957.1.3.el7.x86_64/build/include/linux/skbuff.h
configure:24548: result: yes
configure:24570: checking whether rxhash matches in /lib/modules/3.10.0-957.1.3.el7.x86_64/build/include/linux/skbuff.h
configure:24577: result: yes
configure:24599: checking whether u16.*rxhash matches in /lib/modules/3.10.0-957.1.3.el7.x86_64/build/include/linux/skbuff.h
configure:24613: result: no
configure:24628: checking whether skb_dst( matches in /lib/modules/3.10.0-957.1.3.el7.x86_64/build/include/linux/skbuff.h
configure:24635: result: yes
configure:24657: checking whether skb_copy_from_linear_data_offset matches in /lib/modules/3.10.0-957.1.3.el7.x86_64/build/include/linux/skbuff.h
configure:24664: result: yes
configure:24686: checking whether skb_reset_tail_pointer matches in /lib/modules/3.10.0-957.1.3.el7.x86_64/build/include/linux/skbuff.h
configure:24693: result: yes
configure:24715: checking whether skb_cow_head matches in /lib/modules/3.10.0-957.1.3.el7.x86_64/build/include/linux/skbuff.h
configure:24722: result: yes
configure:24744: checking whether skb_warn_if_lro matches in /lib/modules/3.10.0-957.1.3.el7.x86_64/build/include/linux/skbuff.h
configure:24751: result: yes
configure:24773: checking whether consume_skb matches in /lib/modules/3.10.0-957.1.3.el7.x86_64/build/include/linux/skbuff.h
configure:24780: result: yes
configure:24802: checking whether skb_frag_page matches in /lib/modules/3.10.0-957.1.3.el7.x86_64/build/include/linux/skbuff.h
configure:24809: result: yes
configure:24831: checking whether skb_has_frag_list matches in /lib/modules/3.10.0-957.1.3.el7.x86_64/build/include/linux/skbuff.h
configure:24838: result: yes
configure:24860: checking whether __skb_fill_page_desc matches in /lib/modules/3.10.0-957.1.3.el7.x86_64/build/include/linux/skbuff.h
configure:24867: result: yes
configure:24889: checking whether skb_reset_mac_len matches in /lib/modules/3.10.0-957.1.3.el7.x86_64/build/include/linux/skbuff.h
configure:24896: result: yes
configure:24918: checking whether skb_unclone matches in /lib/modules/3.10.0-957.1.3.el7.x86_64/build/include/linux/skbuff.h
configure:24925: result: yes
configure:24947: checking whether skb_orphan_frags matches in /lib/modules/3.10.0-957.1.3.el7.x86_64/build/include/linux/skbuff.h
configure:24954: result: yes
configure:24976: checking whether skb_get_hash( matches in /lib/modules/3.10.0-957.1.3.el7.x86_64/build/include/linux/skbuff.h
configure:24983: result: yes
configure:25005: checking whether skb_clear_hash matches in /lib/modules/3.10.0-957.1.3.el7.x86_64/build/include/linux/skbuff.h
configure:25012: result: yes
configure:25034: checking whether int.skb_zerocopy( matches in /lib/modules/3.10.0-957.1.3.el7.x86_64/build/include/linux/skbuff.h
configure:25041: result: yes
configure:25063: checking whether u8.*l4_rxhash matches in /lib/modules/3.10.0-957.1.3.el7.x86_64/build/include/linux/skbuff.h
configure:25070: result: yes
configure:25092: checking whether skb_ensure_writable matches in /lib/modules/3.10.0-957.1.3.el7.x86_64/build/include/linux/skbuff.h
configure:25099: result: yes
configure:25121: checking whether skb_vlan_pop matches in /lib/modules/3.10.0-957.1.3.el7.x86_64/build/include/linux/skbuff.h
configure:25128: result: yes
configure:25150: checking whether __skb_vlan_pop matches in /lib/modules/3.10.0-957.1.3.el7.x86_64/build/include/linux/skbuff.h
configure:25157: result: yes
configure:25179: checking whether skb_vlan_push matches in /lib/modules/3.10.0-957.1.3.el7.x86_64/build/include/linux/skbuff.h
configure:25186: result: yes
configure:25208: checking whether skb_clear_hash_if_not_l4 matches in /lib/modules/3.10.0-957.1.3.el7.x86_64/build/include/linux/skbuff.h
configure:25215: result: yes
configure:25237: checking whether skb_postpush_rcsum matches in /lib/modules/3.10.0-957.1.3.el7.x86_64/build/include/linux/skbuff.h
configure:25244: result: yes
configure:25266: checking whether lco_csum matches in /lib/modules/3.10.0-957.1.3.el7.x86_64/build/include/linux/skbuff.h
configure:25273: result: yes
configure:25295: checking whether skb_nfct matches in /lib/modules/3.10.0-957.1.3.el7.x86_64/build/include/linux/skbuff.h
configure:25302: result: yes
configure:25324: checking whether skb_put_zero matches in /lib/modules/3.10.0-957.1.3.el7.x86_64/build/include/linux/skbuff.h
configure:25331: result: yes
configure:25354: checking whether bool matches in /lib/modules/3.10.0-957.1.3.el7.x86_64/build/include/linux/types.h
configure:25361: result: yes
configure:25383: checking whether __wsum matches in /lib/modules/3.10.0-957.1.3.el7.x86_64/build/include/linux/types.h
configure:25397: result: no
configure:25412: checking whether __wsum matches in /lib/modules/3.10.0-957.1.3.el7.x86_64/build/include/uapi/linux/types.h
configure:25419: result: yes
configure:25442: checking whether csum_replace4 matches in /lib/modules/3.10.0-957.1.3.el7.x86_64/build/include/net/checksum.h
configure:25449: result: yes
configure:25471: checking whether csum_unfold matches in /lib/modules/3.10.0-957.1.3.el7.x86_64/build/include/net/checksum.h
configure:25478: result: yes
configure:25501: checking whether dst_discard_sk matches in /lib/modules/3.10.0-957.1.3.el7.x86_64/build/include/net/dst.h
configure:25508: result: yes
configure:25530: checking whether __skb_dst_copy matches in /lib/modules/3.10.0-957.1.3.el7.x86_64/build/include/net/dst.h
configure:25537: result: yes
configure:25560: checking whether genl_has_listeners matches in /lib/modules/3.10.0-957.1.3.el7.x86_64/build/include/net/genetlink.h
configure:25567: result: yes
configure:25589: checking whether mcgrp_offset matches in /lib/modules/3.10.0-957.1.3.el7.x86_64/build/include/net/genetlink.h
configure:25596: result: yes
configure:25618: checking whether parallel_ops matches in /lib/modules/3.10.0-957.1.3.el7.x86_64/build/include/net/genetlink.h
configure:25625: result: yes
configure:25647: checking whether netlink_has_listeners(net->genl_sock matches in /lib/modules/3.10.0-957.1.3.el7.x86_64/build/include/net/genetlink.h
configure:25654: result: yes
configure:25676: checking whether genlmsg_parse matches in /lib/modules/3.10.0-957.1.3.el7.x86_64/build/include/net/genetlink.h
configure:25683: result: yes
configure:25705: checking whether genl_notify.*family matches in /lib/modules/3.10.0-957.1.3.el7.x86_64/build/include/net/genetlink.h
configure:25712: result: yes
configure:25734: checking whether genl_notify has parameter net in /lib/modules/3.10.0-957.1.3.el7.x86_64/build/include/net/genetlink.h
configure:25748: result: no
configure:25765: checking whether genl_multicast_group has member id in /lib/modules/3.10.0-957.1.3.el7.x86_64/build/include/net/genetlink.h
configure:25779: result: no
configure:25794: checking whether geneve_hdr matches in /lib/modules/3.10.0-957.1.3.el7.x86_64/build/include/net/geneve.h
configure:25808: result: no
configure:25824: checking whether gre_cisco_register matches in /lib/modules/3.10.0-957.1.3.el7.x86_64/build/include/net/gre.h
configure:25838: result: no
configure:25853: checking whether gre_handle_offloads matches in /lib/modules/3.10.0-957.1.3.el7.x86_64/build/include/net/gre.h
configure:25867: result: no
configure:25882: checking whether IP6_FH_F_SKIP_RH matches in /lib/modules/3.10.0-957.1.3.el7.x86_64/build/include/net/ipv6.h
configure:25889: result: yes
configure:25911: checking whether ip6_local_out_sk matches in /lib/modules/3.10.0-957.1.3.el7.x86_64/build/include/net/ipv6.h
configure:25918: result: yes
configure:25940: checking whether __ipv6_addr_jhash matches in /lib/modules/3.10.0-957.1.3.el7.x86_64/build/include/net/ipv6.h
configure:25947: result: yes
configure:25969: checking whether rt6i.*u.dst matches in /lib/modules/3.10.0-957.1.3.el7.x86_64/build/include/net/ip6_fib.h
configure:25983: result: no
configure:25998: checking whether ip6_frag.*sock matches in /lib/modules/3.10.0-957.1.3.el7.x86_64/build/include/net/ip6_route.h
configure:26005: result: yes
configure:26028: checking whether nla_put_64bit matches in /lib/modules/3.10.0-957.1.3.el7.x86_64/build/include/net/netlink.h
configure:26035: result: yes
configure:26057: checking whether nla_get_be16 matches in /lib/modules/3.10.0-957.1.3.el7.x86_64/build/include/net/netlink.h
configure:26064: result: yes
configure:26086: checking whether nla_put_be16 matches in /lib/modules/3.10.0-957.1.3.el7.x86_64/build/include/net/netlink.h
configure:26093: result: yes
configure:26115: checking whether nla_put_be32 matches in /lib/modules/3.10.0-957.1.3.el7.x86_64/build/include/net/netlink.h
configure:26122: result: yes
configure:26144: checking whether nla_put_be64 matches in /lib/modules/3.10.0-957.1.3.el7.x86_64/build/include/net/netlink.h
configure:26151: result: yes
configure:26173: checking whether nla_put_in_addr matches in /lib/modules/3.10.0-957.1.3.el7.x86_64/build/include/net/netlink.h
configure:26180: result: yes
configure:26202: checking whether nla_find_nested matches in /lib/modules/3.10.0-957.1.3.el7.x86_64/build/include/net/netlink.h
configure:26209: result: yes
configure:26231: checking whether nla_is_last matches in /lib/modules/3.10.0-957.1.3.el7.x86_64/build/include/net/netlink.h
configure:26238: result: yes
configure:26260: checking whether void.*netlink_set_err matches in /lib/modules/3.10.0-957.1.3.el7.x86_64/build/include/linux/netlink.h
configure:26274: result: no
configure:26289: checking whether nla_parse has parameter netlink_ext_ack in /lib/modules/3.10.0-957.1.3.el7.x86_64/build/include/net/netlink.h
configure:26303: result: no
configure:26319: checking whether sctp_compute_cksum matches in /lib/modules/3.10.0-957.1.3.el7.x86_64/build/include/net/sctp/checksum.h
configure:26326: result: yes
configure:26349: checking whether ADD_ALL_VLANS_CMD matches in /lib/modules/3.10.0-957.1.3.el7.x86_64/build/include/linux/if_vlan.h
configure:26363: result: no
configure:26378: checking whether vlan_insert_tag_set_proto matches in /lib/modules/3.10.0-957.1.3.el7.x86_64/build/include/linux/if_vlan.h
configure:26385: result: yes
configure:26407: checking whether __vlan_insert_tag matches in /lib/modules/3.10.0-957.1.3.el7.x86_64/build/include/linux/if_vlan.h
configure:26414: result: yes
configure:26436: checking whether vlan_get_protocol matches in /lib/modules/3.10.0-957.1.3.el7.x86_64/build/include/linux/if_vlan.h
configure:26443: result: yes
configure:26465: checking whether skb_vlan_tagged matches in /lib/modules/3.10.0-957.1.3.el7.x86_64/build/include/linux/if_vlan.h
configure:26472: result: yes
configure:26494: checking whether eth_type_vlan matches in /lib/modules/3.10.0-957.1.3.el7.x86_64/build/include/linux/if_vlan.h
configure:26501: result: yes
configure:26524: checking whether metadata_dst_alloc has parameter metadata_type in /lib/modules/3.10.0-957.1.3.el7.x86_64/build/include/net/dst_metadata.h
configure:26531: result: yes
configure:26554: checking whether u64_stats_fetch_begin_irq matches in /lib/modules/3.10.0-957.1.3.el7.x86_64/build/include/linux/u64_stats_sync.h
configure:26561: result: yes
configure:26584: checking whether struct vxlan_metadata matches in /lib/modules/3.10.0-957.1.3.el7.x86_64/build/include/net/vxlan.h
configure:26591: result: yes
configure:26613: checking whether udp_flow_src_port matches in /lib/modules/3.10.0-957.1.3.el7.x86_64/build/include/net/udp.h
configure:26620: result: yes
configure:26623: checking whether inet_get_local_port_range(net matches in /lib/modules/3.10.0-957.1.3.el7.x86_64/build/include/net/udp.h
configure:26630: result: yes
configure:26668: checking whether udp_v4_check matches in /lib/modules/3.10.0-957.1.3.el7.x86_64/build/include/net/udp.h
configure:26675: result: yes
configure:26697: checking whether udp_tunnel_gro_complete matches in /lib/modules/3.10.0-957.1.3.el7.x86_64/build/include/net/udp_tunnel.h
configure:26704: result: yes
configure:26726: checking whether sk_buff.*udp_tunnel_handle_offloads matches in /lib/modules/3.10.0-957.1.3.el7.x86_64/build/include/net/udp_tunnel.h
configure:26740: result: no
configure:26755: checking whether udp_tunnel_sock_cfg has member gro_receive in /lib/modules/3.10.0-957.1.3.el7.x86_64/build/include/net/udp_tunnel.h
configure:26762: result: yes
configure:26785: checking whether ignore_df matches in /lib/modules/3.10.0-957.1.3.el7.x86_64/build/include/linux/skbuff.h
configure:26792: result: yes
configure:26814: checking whether NET_NAME_UNKNOWN matches in /lib/modules/3.10.0-957.1.3.el7.x86_64/build/include/uapi/linux/netdevice.h
configure:26828: result: no
configure:26844: checking whether sk_no_check_tx matches in /lib/modules/3.10.0-957.1.3.el7.x86_64/build/include/net/sock.h
configure:26851: result: yes
configure:26873: checking whether no_check6_tx matches in /lib/modules/3.10.0-957.1.3.el7.x86_64/build/include/linux/udp.h
configure:26880: result: yes
configure:26902: checking whether el6 matches in /lib/modules/3.10.0-957.1.3.el7.x86_64/build/include/linux/utsrelease.h
configure:26925: result: file not found
configure:26931: checking whether udp_add_offload has parameter net in /lib/modules/3.10.0-957.1.3.el7.x86_64/build/include/net/protocol.h
configure:26945: result: no
configure:26960: checking whether nf_defrag_ipv6_enable has parameter net in /lib/modules/3.10.0-957.1.3.el7.x86_64/build/include/net/netfilter/ipv6/nf_defrag_ipv6.h
configure:26974: result: no
configure:26989: checking whether family_list matches in /lib/modules/3.10.0-957.1.3.el7.x86_64/build/include/net/genetlink.h
configure:26996: result: yes
configure:27018: checking whether net_device has member needs_free_netdev in /lib/modules/3.10.0-957.1.3.el7.x86_64/build/include/linux/netdevice.h
configure:27032: result: no
configure:27047: checking whether vxlan_dev has member cfg in /lib/modules/3.10.0-957.1.3.el7.x86_64/build/include/net/vxlan.h
configure:27054: result: yes
configure:27076: checking whether nf_conntrack_helper_put matches in /lib/modules/3.10.0-957.1.3.el7.x86_64/build/include/net/netfilter/nf_conntrack_helper.h
configure:27090: result: no
configure:27105: checking whether [[:space:]]SKB_GSO_UDP[[:space:]] matches in /lib/modules/3.10.0-957.1.3.el7.x86_64/build/include/linux/skbuff.h
configure:27112: result: yes
configure:27134: checking whether DST_NOCACHE matches in /lib/modules/3.10.0-957.1.3.el7.x86_64/build/include/net/dst.h
configure:27141: result: yes
configure:27163: checking whether rtnl_link_ops has member extack in /lib/modules/3.10.0-957.1.3.el7.x86_64/build/include/net/rtnetlink.h
configure:27177: result: no
configure:27192: checking whether nf_hook_ops has member list in /lib/modules/3.10.0-957.1.3.el7.x86_64/build/include/linux/netfilter.h
configure:27199: result: yes
configure:27221: checking whether IP_CT_UNTRACKED matches in /lib/modules/3.10.0-957.1.3.el7.x86_64/build/include/uapi/linux/netfilter/nf_conntrack_common.h
configure:27228: result: yes
configure:27250: checking whether netdev_master_upper_dev_link has parameter extack in /lib/modules/3.10.0-957.1.3.el7.x86_64/build/include/linux/netdevice.h
configure:27264: result: no
configure:27279: checking whether __LINUX_COMPILER_TYPES_H matches in /lib/modules/3.10.0-957.1.3.el7.x86_64/build/include/linux/compiler_types.h
configure:27302: result: file not found
configure:27308: checking whether ktime_get_ts64 matches in /lib/modules/3.10.0-957.1.3.el7.x86_64/build/include/linux/timekeeping.h
configure:27315: result: yes
configure:27337: checking whether EXPORT_SYMBOL_GPL(peernet2id_alloc) matches in /lib/modules/3.10.0-957.1.3.el7.x86_64/build/include/net/net_namespace.h
configure:27351: result: no
configure:27366: checking whether ktime_get_ns matches in /lib/modules/3.10.0-957.1.3.el7.x86_64/build/include/linux/timekeeping.h
configure:27373: result: yes
configure:27395: checking whether frag_percpu_counter_batch matches in /lib/modules/3.10.0-957.1.3.el7.x86_64/build/include/net/inet_frag.h
configure:27409: result: no
configure:27424: checking whether null_compute_pseudo matches in /lib/modules/3.10.0-957.1.3.el7.x86_64/build/include/linux/skbuff.h
configure:27431: result: yes
configure:27453: checking whether __skb_checksum_convert matches in /lib/modules/3.10.0-957.1.3.el7.x86_64/build/include/linux/skbuff.h
configure:27460: result: yes
configure:27482: checking whether net_device has member max_mtu in /lib/modules/3.10.0-957.1.3.el7.x86_64/build/include/linux/netdevice.h
configure:27496: result: no
configure:27511: checking whether __ip6_tnl_parm has member erspan_ver in /lib/modules/3.10.0-957.1.3.el7.x86_64/build/include/net/ip6_tunnel.h
configure:27525: result: no
configure:27540: checking whether SKB_GSO_IPXIP6 matches in /lib/modules/3.10.0-957.1.3.el7.x86_64/build/include/linux/skbuff.h
configure:27554: result: no
configure:27569: checking whether ip6_make_flowlabel has parameter fl6 in /lib/modules/3.10.0-957.1.3.el7.x86_64/build/include/net/ipv6.h
configure:27583: result: no
configure:27598: checking whether netns_sysctl_ipv6 has member auto_flowlabels in /lib/modules/3.10.0-957.1.3.el7.x86_64/build/include/net/ipv6.h
configure:27612: result: no
configure:27627: checking whether netif_keep_dst matches in /lib/modules/3.10.0-957.1.3.el7.x86_64/build/include/linux/netdevice.h
configure:27634: result: yes
configure:27656: checking whether net_device_ops has member ndo_get_iflink in /lib/modules/3.10.0-957.1.3.el7.x86_64/build/include/linux/netdevice.h
configure:27663: result: yes
configure:27685: checking whether skb_set_inner_ipproto matches in /lib/modules/3.10.0-957.1.3.el7.x86_64/build/include/linux/skbuff.h
configure:27692: result: yes
configure:27714: checking whether tunnel_encap_types matches in /lib/modules/3.10.0-957.1.3.el7.x86_64/build/include/uapi/linux/if_tunnel.h
configure:27721: result: yes
configure:27743: checking whether IFLA_IPTUN_ENCAP_TYPE matches in /lib/modules/3.10.0-957.1.3.el7.x86_64/build/include/uapi/linux/if_tunnel.h
configure:27750: result: yes
configure:27772: checking whether IFLA_IPTUN_COLLECT_METADATA matches in /lib/modules/3.10.0-957.1.3.el7.x86_64/build/include/uapi/linux/if_tunnel.h
configure:27786: result: no
configure:27801: checking whether IFLA_GRE_ENCAP_DPORT matches in /lib/modules/3.10.0-957.1.3.el7.x86_64/build/include/uapi/linux/if_tunnel.h
configure:27808: result: yes
configure:27830: checking whether IFLA_GRE_COLLECT_METADATA matches in /lib/modules/3.10.0-957.1.3.el7.x86_64/build/include/uapi/linux/if_tunnel.h
configure:27837: result: yes
configure:27859: checking whether IFLA_GRE_IGNORE_DF matches in /lib/modules/3.10.0-957.1.3.el7.x86_64/build/include/uapi/linux/if_tunnel.h
configure:27866: result: yes
configure:27888: checking whether IFLA_GRE_FWMARK matches in /lib/modules/3.10.0-957.1.3.el7.x86_64/build/include/uapi/linux/if_tunnel.h
configure:27902: result: no
configure:27917: checking whether IFLA_GRE_ERSPAN_INDEX matches in /lib/modules/3.10.0-957.1.3.el7.x86_64/build/include/uapi/linux/if_tunnel.h
configure:27931: result: no
configure:27946: checking whether IFLA_GRE_ERSPAN_HWID matches in /lib/modules/3.10.0-957.1.3.el7.x86_64/build/include/uapi/linux/if_tunnel.h
configure:27960: result: no
configure:27975: checking whether IFLA_IPTUN_FWMARK matches in /lib/modules/3.10.0-957.1.3.el7.x86_64/build/include/uapi/linux/if_tunnel.h
configure:27989: result: no
configure:28004: checking whether sk_buff has member csum_valid in /lib/modules/3.10.0-957.1.3.el7.x86_64/build/include/linux/skbuff.h
configure:28011: result: yes
configure:28033: checking whether skb_checksum_simple_validate matches in /lib/modules/3.10.0-957.1.3.el7.x86_64/build/include/linux/skbuff.h
configure:28040: result: yes
configure:28062: checking whether void.*ndo_get_stats64 matches in /lib/modules/3.10.0-957.1.3.el7.x86_64/build/include/linux/netdevice.h
configure:28069: result: yes
configure:28091: checking whether init_timer_deferrable matches in /lib/modules/3.10.0-957.1.3.el7.x86_64/build/include/linux/timer.h
configure:28098: result: yes
configure:28152: gcc -std=gnu99 -c -g -O2  conftest.c >&5
configure:28152: $? = 0
configure:28173: gcc -std=gnu99 -c -g -O2  conftest.c >&5
configure:28173: $? = 0
configure:28194: gcc -std=gnu99 -c -g -O2  conftest.c >&5
configure:28194: $? = 0
configure:28215: gcc -std=gnu99 -c -g -O2  conftest.c >&5
configure:28215: $? = 0
configure:28230: checking whether dpdk datapath is enabled
configure:28233: result: no
configure:28653: gcc -std=gnu99 -c -g -O2  conftest.c >&5
conftest.c:67:1: note: #pragma message: Checking for pragma message
 _Pragma("message(\"Checking for pragma message\")")
 ^
configure:28653: $? = 0
configure:28707: checking whether make supports nested variables
configure:28724: result: yes
configure:28845: checking that generated files are newer than configure
configure:28851: result: done
configure:28998: creating ./config.status

## ---------------------- ##
## Running config.status. ##
## ---------------------- ##

This file was extended by openvswitch config.status 2.10.1, which was
generated by GNU Autoconf 2.69.  Invocation command line was

  CONFIG_FILES    = 
  CONFIG_HEADERS  = 
  CONFIG_LINKS    = 
  CONFIG_COMMANDS = 
  $ ./config.status 

on localhost.localdomain

config.status:1330: creating lib/stdio.h
config.status:1330: creating lib/string.h
config.status:1330: creating ovsdb/libovsdb.sym
config.status:1330: creating ofproto/libofproto.sym
config.status:1330: creating lib/libsflow.sym
config.status:1330: creating lib/libopenvswitch.sym
config.status:1330: creating ovn/lib/libovn.sym
config.status:1330: creating vtep/libvtep.sym
config.status:1330: creating Makefile
config.status:1330: creating datapath/Makefile
config.status:1330: creating datapath/linux/Kbuild
config.status:1330: creating datapath/linux/Makefile
config.status:1330: creating datapath/linux/Makefile.main
config.status:1330: creating tests/atlocal
config.status:1330: creating lib/libopenvswitch.pc
config.status:1330: creating lib/libsflow.pc
config.status:1330: creating ofproto/libofproto.pc
config.status:1330: creating ovsdb/libovsdb.pc
config.status:1330: creating include/openvswitch/version.h
config.status:1330: creating config.h
config.status:1559: executing tests/atconfig commands
config.status:1559: executing depfiles commands
config.status:1559: executing libtool commands
config.status:1559: executing include/openflow/openflow.h.stamp commands
config.status:1559: executing utilities/bugtool/dummy commands
config.status:1559: executing ovn/dummy commands
config.status:1559: executing ovn/utilities/dummy commands

## ---------------- ##
## Cache variables. ##
## ---------------- ##

ac_cv_build=x86_64-unknown-linux-gnu
ac_cv_c_bigendian=no
ac_cv_c_compiler_gnu=yes
ac_cv_cxx_compiler_gnu=no
ac_cv_env_CCC_set=
ac_cv_env_CCC_value=
ac_cv_env_CC_set=
ac_cv_env_CC_value=
ac_cv_env_CFLAGS_set=
ac_cv_env_CFLAGS_value=
ac_cv_env_CPPFLAGS_set=
ac_cv_env_CPPFLAGS_value=
ac_cv_env_CPP_set=
ac_cv_env_CPP_value=
ac_cv_env_CXXCPP_set=
ac_cv_env_CXXCPP_value=
ac_cv_env_CXXFLAGS_set=
ac_cv_env_CXXFLAGS_value=
ac_cv_env_CXX_set=
ac_cv_env_CXX_value=
ac_cv_env_DPDK_CFLAGS_set=
ac_cv_env_DPDK_CFLAGS_value=
ac_cv_env_DPDK_LIBS_set=
ac_cv_env_DPDK_LIBS_value=
ac_cv_env_KARCH_set=
ac_cv_env_KARCH_value=
ac_cv_env_LDFLAGS_set=
ac_cv_env_LDFLAGS_value=
ac_cv_env_LIBS_set=
ac_cv_env_LIBS_value=
ac_cv_env_PKG_CONFIG_LIBDIR_set=
ac_cv_env_PKG_CONFIG_LIBDIR_value=
ac_cv_env_PKG_CONFIG_PATH_set=
ac_cv_env_PKG_CONFIG_PATH_value=
ac_cv_env_PKG_CONFIG_set=
ac_cv_env_PKG_CONFIG_value=
ac_cv_env_build_alias_set=
ac_cv_env_build_alias_value=
ac_cv_env_host_alias_set=
ac_cv_env_host_alias_value=
ac_cv_env_target_alias_set=
ac_cv_env_target_alias_value=
ac_cv_func_clock_gettime=yes
ac_cv_func_getloadavg=yes
ac_cv_func_getmntent_r=yes
ac_cv_func_mlockall=yes
ac_cv_func_pthread_set_name_np=no
ac_cv_func_sendmmsg=yes
ac_cv_func_statvfs=yes
ac_cv_func_strerror_r=yes
ac_cv_func_strerror_r_char_p=yes
ac_cv_func_strnlen=yes
ac_cv_have_decl_strerror_r=yes
ac_cv_have_decl_sys_siglist=yes
ac_cv_header_bits_floatn_common_h=no
ac_cv_header_dlfcn_h=yes
ac_cv_header_inttypes_h=yes
ac_cv_header_linux_if_ether_h=yes
ac_cv_header_linux_net_namespace_h=yes
ac_cv_header_linux_netlink_h=yes
ac_cv_header_linux_perf_event_h=yes
ac_cv_header_linux_types_h=yes
ac_cv_header_memory_h=yes
ac_cv_header_minix_config_h=no
ac_cv_header_mntent_h=yes
ac_cv_header_net_if_dl_h=no
ac_cv_header_net_if_mib_h=no
ac_cv_header_net_if_packet_h=yes
ac_cv_header_stdatomic_h=no
ac_cv_header_stdc=yes
ac_cv_header_stdint_h=yes
ac_cv_header_stdio_h=yes
ac_cv_header_stdlib_h=yes
ac_cv_header_string_h=yes
ac_cv_header_strings_h=yes
ac_cv_header_sys_stat_h=yes
ac_cv_header_sys_statvfs_h=yes
ac_cv_header_sys_types_h=yes
ac_cv_header_unistd_h=yes
ac_cv_header_valgrind_valgrind_h=no
ac_cv_header_vmware_h=no
ac_cv_header_windows_h=no
ac_cv_host=x86_64-unknown-linux-gnu
ac_cv_lib_cap_ng_capng_clear=no
ac_cv_lib_socket_connect=no
ac_cv_lib_unbound_ub_ctx_create=no
ac_cv_member_struct_ifreq_ifr_flagshigh=no
ac_cv_member_struct_mmsghdr_msg_len=yes
ac_cv_member_struct_sockaddr_in6_sin6_scope_id=yes
ac_cv_member_struct_stat_st_mtim_tv_nsec=yes
ac_cv_member_struct_stat_st_mtimensec=no
ac_cv_objext=o
ac_cv_path_EGREP='/usr/bin/grep -E'
ac_cv_path_FGREP='/usr/bin/grep -F'
ac_cv_path_GREP=/usr/bin/grep
ac_cv_path_PKG_CONFIG=/usr/bin/pkg-config
ac_cv_path_SED=/usr/bin/sed
ac_cv_path_ac_pt_PKG_CONFIG=/usr/bin/pkg-config
ac_cv_path_install='/usr/bin/install -c'
ac_cv_path_mkdir=/usr/bin/mkdir
ac_cv_prog_AWK=gawk
ac_cv_prog_CPP='gcc -std=gnu99 -E'
ac_cv_prog_ac_ct_AR=ar
ac_cv_prog_ac_ct_CC=gcc
ac_cv_prog_ac_ct_OBJDUMP=objdump
ac_cv_prog_ac_ct_RANLIB=ranlib
ac_cv_prog_ac_ct_STRIP=strip
ac_cv_prog_cc_c89=
ac_cv_prog_cc_c99=-std=gnu99
ac_cv_prog_cc_g=yes
ac_cv_prog_cc_gcc_c_o=yes
ac_cv_prog_cxx_g=no
ac_cv_prog_make_make_set=yes
ac_cv_safe_to_define___extensions__=yes
ac_cv_search___atomic_load_8=no
ac_cv_search_aio_write='none required'
ac_cv_search_backtrace='none required'
ac_cv_search_clock_gettime='none required'
ac_cv_search_gethostbyname='none required'
ac_cv_search_pow=-lm
ac_cv_search_pthread_create=-lpthread
ac_cv_search_timer_create=-lrt
ac_cv_sparse_target=x86_64
ac_cv_sys_file_offset_bits=no
ac_cv_sys_largefile_CC=no
am_cv_CC_dependencies_compiler_type=gcc3
am_cv_CXX_dependencies_compiler_type=none
am_cv_make_support_nested_variables=yes
am_cv_prog_tar_pax=gnutar
ax_cv_cxx_compile_cxx11=no
ax_cv_cxx_compile_cxx11__h_std_cpp0x=no
ax_cv_cxx_compile_cxx11__h_std_cpp11=no
ax_cv_cxx_compile_cxx11__std_cpp0x=no
ax_cv_cxx_compile_cxx11__std_cpp11=no
ax_cv_cxx_compile_cxx11__std_gnupp0x=no
ax_cv_cxx_compile_cxx11__std_gnupp11=no
ax_cv_cxx_compile_cxx11_pstd_cpp0x=no
ax_cv_cxx_compile_cxx11_pstd_cpp11=no
ax_cv_func_posix_memalign_works=yes
cl_cv_x64=no
gl_cv_have_include_next=yes
gl_cv_next_stdio_h='<stdio.h>'
gl_cv_next_string_h='<string.h>'
gl_cv_pragma_columns=no
lt_cv_ar_at_file=@
lt_cv_deplibs_check_method=pass_all
lt_cv_file_magic_cmd='$MAGIC_CMD'
lt_cv_file_magic_test_file=
lt_cv_ld_reload_flag=-r
lt_cv_nm_interface='BSD nm'
lt_cv_objdir=.libs
lt_cv_path_LD=/usr/bin/ld
lt_cv_path_NM='/usr/bin/nm -B'
lt_cv_path_mainfest_tool=no
lt_cv_prog_compiler_c_o=yes
lt_cv_prog_compiler_pic='-fPIC -DPIC'
lt_cv_prog_compiler_pic_works=yes
lt_cv_prog_compiler_rtti_exceptions=no
lt_cv_prog_compiler_static_works=no
lt_cv_prog_gnu_ld=yes
lt_cv_sharedlib_from_linklib_cmd='printf %s\n'
lt_cv_shlibpath_overrides_runpath=no
lt_cv_sys_global_symbol_pipe='sed -n -e '\''s/^.*[	 ]\([ABCDGIRSTW][ABCDGIRSTW]*\)[	 ][	 ]*\([_A-Za-z][_A-Za-z0-9]*\)$/\1 \2 \2/p'\'' | sed '\''/ __gnu_lto/d'\'''
lt_cv_sys_global_symbol_to_c_name_address='sed -n -e '\''s/^: \([^ ]*\)[ ]*$/  {\"\1\", (void *) 0},/p'\'' -e '\''s/^[ABCDGIRSTW]* \([^ ]*\) \([^ ]*\)$/  {"\2", (void *) \&\2},/p'\'''
lt_cv_sys_global_symbol_to_c_name_address_lib_prefix='sed -n -e '\''s/^: \([^ ]*\)[ ]*$/  {\"\1\", (void *) 0},/p'\'' -e '\''s/^[ABCDGIRSTW]* \([^ ]*\) \(lib[^ ]*\)$/  {"\2", (void *) \&\2},/p'\'' -e '\''s/^[ABCDGIRSTW]* \([^ ]*\) \([^ ]*\)$/  {"lib\2", (void *) \&\2},/p'\'''
lt_cv_sys_global_symbol_to_cdecl='sed -n -e '\''s/^T .* \(.*\)$/extern int \1();/p'\'' -e '\''s/^[ABCDGIRSTW]* .* \(.*\)$/extern char \1;/p'\'''
lt_cv_sys_max_cmd_len=1572864
lt_cv_to_host_file_cmd=func_convert_file_noop
lt_cv_to_tool_file_cmd=func_convert_file_noop
ovs_cv__Qunused_arguments=no
ovs_cv__Wall=yes
ovs_cv__Wbad_function_cast=yes
ovs_cv__Wbool_compare=no
ovs_cv__Wcast_align=yes
ovs_cv__Wduplicated_cond=no
ovs_cv__Werror=yes
ovs_cv__Wextra=yes
ovs_cv__Wformat_Wformat_security=yes
ovs_cv__Wlogical_not_parentheses=no
ovs_cv__Wmissing_field_initializers=yes
ovs_cv__Wmissing_prototypes=yes
ovs_cv__Wno_null_pointer_arithmetic=yes
ovs_cv__Wno_sign_compare=yes
ovs_cv__Wno_unused=yes
ovs_cv__Wno_unused_parameter=yes
ovs_cv__Wold_style_definition=yes
ovs_cv__Wpointer_arith=yes
ovs_cv__Wshadow=yes
ovs_cv__Wshift_negative_value=no
ovs_cv__Wsizeof_array_argument=no
ovs_cv__Wstrict_prototypes=yes
ovs_cv__Wswitch_bool=no
ovs_cv__Wswitch_enum=yes
ovs_cv__Wthread_safety=no
ovs_cv__Wunused_parameter=yes
ovs_cv___thread=yes
ovs_cv__fno_strict_aliasing=yes
ovs_cv_atomic_always_lock_free_1=1
ovs_cv_atomic_always_lock_free_2=1
ovs_cv_atomic_always_lock_free_4=1
ovs_cv_atomic_always_lock_free_8=1
ovs_cv_dot=no
ovs_cv_flake8=no
ovs_cv_gcc4_atomics=yes
ovs_cv_groff=yes
ovs_cv_linux=true
ovs_cv_pthread_setname_np=glibc
ovs_cv_python2=/usr/bin/python2
ovs_cv_python3=no
ovs_cv_python=/usr/bin/python2
ovs_cv_sphinx=no
ovs_cv_strtok_r_bug=no
ovs_cv_thread_local=no
ovs_cv_xsversion=none

## ----------------- ##
## Output variables. ##
## ----------------- ##

ACLOCAL='${SHELL} /root/workspace/openvswitch-2.10.1/build-aux/missing aclocal-1.13'
AMDEPBACKSLASH='\'
AMDEP_FALSE='#'
AMDEP_TRUE=''
AMTAR='$${TAR-tar}'
AM_BACKSLASH='\'
AM_DEFAULT_V='$(AM_DEFAULT_VERBOSITY)'
AM_DEFAULT_VERBOSITY='1'
AM_V='$(V)'
AR='ar'
AUTOCONF='${SHELL} /root/workspace/openvswitch-2.10.1/build-aux/missing autoconf'
AUTOHEADER='${SHELL} /root/workspace/openvswitch-2.10.1/build-aux/missing autoheader'
AUTOM4TE='${SHELL} /root/workspace/openvswitch-2.10.1/build-aux/missing autom4te'
AUTOMAKE='${SHELL} /root/workspace/openvswitch-2.10.1/build-aux/missing automake-1.13'
AWK='gawk'
CAPNG_LDADD=''
CC='$(if $(C:0=),env REAL_CC="gcc -std=gnu99" CHECK="$(SPARSE) $(SPARSE_WERROR) -I $(top_srcdir)/include/sparse $(SPARSEFLAGS) $(SPARSE_EXTRA_INCLUDES) " cgcc $(CGCCFLAGS),gcc -std=gnu99)'
CCDEPMODE='depmode=gcc3'
CFLAGS='-g -O2'
CGCCFLAGS='-target=x86_64'
CPP='gcc -std=gnu99 -E'
CPPFLAGS=''
CXX='g++'
CXXCPP=''
CXXDEPMODE='depmode=none'
CXXFLAGS=''
CYGPATH_W='echo'
DBDIR='${sysconfdir}/${PACKAGE}'
DEFS='-DHAVE_CONFIG_H'
DEPDIR='.deps'
DLLTOOL='false'
DPDK_CFLAGS=''
DPDK_LIBS=''
DPDK_NETDEV_FALSE=''
DPDK_NETDEV_TRUE='#'
DPDK_vswitchd_LDFLAGS=''
DSYMUTIL=''
DUMPBIN=''
ECHO_C=''
ECHO_N='-n'
ECHO_T=''
EGREP='/usr/bin/grep -E'
ENABLE_SPARSE_BY_DEFAULT_FALSE=''
ENABLE_SPARSE_BY_DEFAULT_TRUE='#'
ESX_FALSE=''
ESX_TRUE='#'
EXEEXT=''
FGREP='/usr/bin/grep -F'
FLAKE8_WERROR='-'
GREP='/usr/bin/grep'
HAVE_CXX11='0'
HAVE_CXX_FALSE=''
HAVE_CXX_TRUE='#'
HAVE_DOT_FALSE=''
HAVE_DOT_TRUE='#'
HAVE_FLAKE8_FALSE=''
HAVE_FLAKE8_TRUE='#'
HAVE_GROFF_FALSE='#'
HAVE_GROFF_TRUE=''
HAVE_IF_DL_FALSE=''
HAVE_IF_DL_TRUE='#'
HAVE_IF_PACKET_FALSE='#'
HAVE_IF_PACKET_TRUE=''
HAVE_LIBCAPNG=''
HAVE_LIBCAPNG_FALSE=''
HAVE_LIBCAPNG_TRUE='#'
HAVE_NETLINK_FALSE='#'
HAVE_NETLINK_TRUE=''
HAVE_OPENSSL='yes'
HAVE_OPENSSL_FALSE='#'
HAVE_OPENSSL_TRUE=''
HAVE_POSIX_AIO_FALSE='#'
HAVE_POSIX_AIO_TRUE=''
HAVE_PYTHON2='yes'
HAVE_PYTHON2_FALSE='#'
HAVE_PYTHON2_TRUE=''
HAVE_PYTHON3='no'
HAVE_PYTHON3_FALSE=''
HAVE_PYTHON3_TRUE='#'
HAVE_PYTHON='yes'
HAVE_PYTHON_FALSE='#'
HAVE_PYTHON_TRUE=''
HAVE_SPHINX_FALSE=''
HAVE_SPHINX_TRUE='#'
HAVE_UNBOUND=''
HAVE_UNBOUND_FALSE=''
HAVE_UNBOUND_TRUE='#'
HAVE_WNO_UNUSED_FALSE='#'
HAVE_WNO_UNUSED_PARAMETER_FALSE='#'
HAVE_WNO_UNUSED_PARAMETER_TRUE=''
HAVE_WNO_UNUSED_TRUE=''
INCLUDE_NEXT='include_next'
INCLUDE_NEXT_AS_FIRST_DIRECTIVE='include_next'
INSTALL_DATA='${INSTALL} -m 644'
INSTALL_PROGRAM='${INSTALL}'
INSTALL_SCRIPT='${INSTALL}'
INSTALL_STRIP_PROGRAM='$(install_sh) -c -s'
KARCH=''
KBUILD='/lib/modules/3.10.0-957.1.3.el7.x86_64/build'
LD='/usr/bin/ld -m elf_x86_64'
LDFLAGS=''
LIBOBJS=''
LIBS='-lpthread -lrt -lm '
LIBTOOL='$(SHELL) $(top_builddir)/libtool'
LINUX_ENABLED_FALSE='#'
LINUX_ENABLED_TRUE=''
LINUX_FALSE='#'
LINUX_TRUE=''
LIPO=''
LN_S='ln -s'
LOGDIR='${localstatedir}/log/${PACKAGE}'
LTLIBOBJS=''
LT_AGE='0'
LT_CURRENT='0'
LT_REVISION='0'
MAKEINFO='${SHELL} /root/workspace/openvswitch-2.10.1/build-aux/missing makeinfo'
MANIFEST_TOOL=':'
MKDIR_P='/usr/bin/mkdir -p'
MSVC64_LDFLAGS=''
MSVC_CFLAGS=''
MSVC_PLATFORM='x86'
NDEBUG_FALSE=''
NDEBUG_TRUE='#'
NEXT_AS_FIRST_DIRECTIVE_STDIO_H='<stdio.h>'
NEXT_AS_FIRST_DIRECTIVE_STRING_H='<string.h>'
NEXT_STDIO_H='<stdio.h>'
NEXT_STRING_H='<string.h>'
NM='/usr/bin/nm -B'
NMEDIT=''
OBJDUMP='objdump'
OBJEXT='o'
OTOOL64=''
OTOOL=''
OVS_CFLAGS=''
OVS_CTAGS_IDENTIFIERS_LIST='-I "OVS_REQ_RDLOCK+ OVS_ACQ_RDLOCK+ OVS_REQ_WRLOCK+ OVS_ACQ_WRLOCK+ OVS_REQUIRES+ OVS_ACQUIRES+ OVS_TRY_WRLOCK+ OVS_TRY_RDLOCK+ OVS_TRY_LOCK+ OVS_GUARDED_BY+ OVS_EXCLUDED+ OVS_RELEASES+ OVS_ACQ_BEFORE+ OVS_ACQ_AFTER+ "'
OVS_LDFLAGS=''
OVS_LTINFO='-release 2.10 -version-info 0:1'
PACKAGE='openvswitch'
PACKAGE_BUGREPORT='bugs@openvswitch.org'
PACKAGE_NAME='openvswitch'
PACKAGE_STRING='openvswitch 2.10.1'
PACKAGE_TARNAME='openvswitch'
PACKAGE_URL=''
PACKAGE_VERSION='2.10.1'
PATH_SEPARATOR=':'
PKG_CONFIG='/usr/bin/pkg-config'
PKG_CONFIG_LIBDIR=''
PKG_CONFIG_PATH=''
PKIDIR='${localstatedir}/lib/openvswitch/pki'
PRAGMA_COLUMNS=''
PRAGMA_SYSTEM_HEADER='#pragma GCC system_header'
PTHREAD_INCLUDES=''
PTHREAD_LDFLAGS=''
PTHREAD_LIBS=''
PTHREAD_WIN32_DIR_DLL=''
PTHREAD_WIN32_DIR_DLL_WIN_FORM=''
PYTHON2='/usr/bin/python2'
PYTHON3='${SHELL} /root/workspace/openvswitch-2.10.1/build-aux/missing python3'
PYTHON='/usr/bin/python2'
RANLIB='ranlib'
RUNDIR='${localstatedir}/run/openvswitch'
SED='/usr/bin/sed'
SET_MAKE=''
SHELL='/bin/sh'
SPARSE='sparse'
SPARSEFLAGS='-m64'
SPARSE_EXTRA_INCLUDES='-I /usr/local/include '
SPARSE_WERROR=''
SSL_DIR=''
SSL_INCLUDES=' '
SSL_LDFLAGS=' '
SSL_LIBS='-lssl -lcrypto  '
STRIP='strip'
VERSION='2.10.1'
VSTUDIO_CONFIG=''
VSTUDIO_DDK_FALSE=''
VSTUDIO_DDK_TRUE='#'
VSTUDIO_WIN10_FALSE='#'
VSTUDIO_WIN10_TRUE=''
VSTUDIO_WIN8_1_FALSE='#'
VSTUDIO_WIN8_1_TRUE=''
VSTUDIO_WIN8_FALSE='#'
VSTUDIO_WIN8_TRUE=''
WARNING_FLAGS=' -Wall -Wextra -Wno-sign-compare -Wpointer-arith -Wformat -Wformat-security -Wswitch-enum -Wunused-parameter -Wbad-function-cast -Wcast-align -Wstrict-prototypes -Wold-style-definition -Wmissing-prototypes -Wmissing-field-initializers -fno-strict-aliasing -Wshadow -Wno-null-pointer-arithmetic'
WIN32_FALSE=''
WIN32_TRUE='#'
ac_ct_AR='ar'
ac_ct_CC='gcc'
ac_ct_CXX=''
ac_ct_DUMPBIN=''
am__EXEEXT_FALSE=''
am__EXEEXT_TRUE='#'
am__fastdepCC_FALSE='#'
am__fastdepCC_TRUE=''
am__fastdepCXX_FALSE=''
am__fastdepCXX_TRUE='#'
am__include='include'
am__isrc=''
am__leading_dot='.'
am__nodep='_no'
am__quote=''
am__tar='tar --format=posix -chf - "$$tardir"'
am__untar='tar -xf -'
bindir='${exec_prefix}/bin'
build='x86_64-unknown-linux-gnu'
build_alias=''
build_cpu='x86_64'
build_os='linux-gnu'
build_vendor='unknown'
datadir='${datarootdir}'
datarootdir='${prefix}/share'
docdir='${datarootdir}/doc/${PACKAGE_TARNAME}'
dvidir='${docdir}'
exec_prefix='${prefix}'
host='x86_64-unknown-linux-gnu'
host_alias=''
host_cpu='x86_64'
host_os='linux-gnu'
host_vendor='unknown'
htmldir='${docdir}'
includedir='${prefix}/include'
infodir='${datarootdir}/info'
install_sh='${SHELL} /root/workspace/openvswitch-2.10.1/build-aux/install-sh'
libdir='${exec_prefix}/lib'
libexecdir='${exec_prefix}/libexec'
localedir='${datarootdir}/locale'
localstatedir='${prefix}/var'
mandir='${datarootdir}/man'
mkdir_p='$(MKDIR_P)'
oldincludedir='/usr/include'
pdfdir='${docdir}'
prefix='/usr/local'
program_transform_name='s,x,x,'
psdir='${docdir}'
sbindir='${exec_prefix}/sbin'
sharedstatedir='${prefix}/com'
sysconfdir='${prefix}/etc'
target_alias=''

## ----------- ##
## confdefs.h. ##
## ----------- ##

/* confdefs.h */
#define PACKAGE_NAME "openvswitch"
#define PACKAGE_TARNAME "openvswitch"
#define PACKAGE_VERSION "2.10.1"
#define PACKAGE_STRING "openvswitch 2.10.1"
#define PACKAGE_BUGREPORT "bugs@openvswitch.org"
#define PACKAGE_URL ""
#define PACKAGE "openvswitch"
#define VERSION "2.10.1"
#define STDC_HEADERS 1
#define HAVE_SYS_TYPES_H 1
#define HAVE_SYS_STAT_H 1
#define HAVE_STDLIB_H 1
#define HAVE_STRING_H 1
#define HAVE_MEMORY_H 1
#define HAVE_STRINGS_H 1
#define HAVE_INTTYPES_H 1
#define HAVE_STDINT_H 1
#define HAVE_UNISTD_H 1
#define __EXTENSIONS__ 1
#define _ALL_SOURCE 1
#define _GNU_SOURCE 1
#define _POSIX_PTHREAD_SEMANTICS 1
#define _TANDEM_SOURCE 1
#define HAVE_DLFCN_H 1
#define LT_OBJDIR ".libs/"
#define HAVE_DECL_STRERROR_R 1
#define HAVE_STRERROR_R 1
#define STRERROR_R_CHAR_P 1
#define VSTUDIO_DDK 1
#define HAVE_NETLINK 1
#define HAVE_OPENSSL 1
#define HAVE_IF_PACKET 1
#define HAVE_DECL_SYS_SIGLIST 1
#define HAVE_STRUCT_STAT_ST_MTIM_TV_NSEC 1
#define HAVE_STRUCT_MMSGHDR_MSG_LEN 1
#define HAVE_STRUCT_SOCKADDR_IN6_SIN6_SCOPE_ID 1
#define HAVE_MLOCKALL 1
#define HAVE_STRNLEN 1
#define HAVE_GETLOADAVG 1
#define HAVE_STATVFS 1
#define HAVE_GETMNTENT_R 1
#define HAVE_SENDMMSG 1
#define HAVE_CLOCK_GETTIME 1
#define HAVE_MNTENT_H 1
#define HAVE_SYS_STATVFS_H 1
#define HAVE_LINUX_TYPES_H 1
#define HAVE_LINUX_IF_ETHER_H 1
#define HAVE_LINUX_NET_NAMESPACE_H 1
#define HAVE_BACKTRACE 1
#define HAVE_LINUX_PERF_EVENT_H 1
#define HAVE___THREAD 1
#define HAVE_GCC4_ATOMICS 1
#define ATOMIC_ALWAYS_LOCK_FREE_1B 1
#define ATOMIC_ALWAYS_LOCK_FREE_2B 1
#define ATOMIC_ALWAYS_LOCK_FREE_4B 1
#define ATOMIC_ALWAYS_LOCK_FREE_8B 1
#define HAVE_GLIBC_PTHREAD_SETNAME_NP 1
#define HAVE_POSIX_MEMALIGN 1
#define HAVE_STDIO_H 1
#define HAVE_STRING_H 1
#define HAVE_TCA_FLOWER_KEY_FLAGS_FRAG_IS_FIRST 1
#define HAVE_TCA_VLAN_PUSH_VLAN_PRIORITY 1
#define HAVE_TCA_TUNNEL_KEY_ENC_DST_PORT 1
#define HAVE_TCA_PEDIT_KEY_EX_HDR_TYPE_UDP 1
#define HAVE_PRAGMA_MESSAGE 1

configure: exit 0
